[2024-05-09T09:13:41.644+0000] {local_task_job_runner.py:120} INFO - ::group::Pre task execution logs
[2024-05-09T09:13:41.676+0000] {taskinstance.py:2076} INFO - Dependencies all met for dep_context=non-requeueable deps ti=<TaskInstance: days_except_friday_dag.except_friday_crawler_task scheduled__2024-05-09T02:00:00+00:00 [queued]>
[2024-05-09T09:13:41.684+0000] {taskinstance.py:2076} INFO - Dependencies all met for dep_context=requeueable deps ti=<TaskInstance: days_except_friday_dag.except_friday_crawler_task scheduled__2024-05-09T02:00:00+00:00 [queued]>
[2024-05-09T09:13:41.685+0000] {taskinstance.py:2306} INFO - Starting attempt 1 of 1
[2024-05-09T09:13:41.697+0000] {taskinstance.py:2330} INFO - Executing <Task(PythonOperator): except_friday_crawler_task> on 2024-05-09 02:00:00+00:00
[2024-05-09T09:13:41.702+0000] {logging_mixin.py:188} WARNING - /home/airflow/.local/lib/python3.12/site-packages/airflow/task/task_runner/standard_task_runner.py:61 DeprecationWarning: This process (pid=286) is multi-threaded, use of fork() may lead to deadlocks in the child.
[2024-05-09T09:13:41.703+0000] {standard_task_runner.py:63} INFO - Started process 291 to run task
[2024-05-09T09:13:41.702+0000] {standard_task_runner.py:90} INFO - Running: ['airflow', 'tasks', 'run', 'days_except_friday_dag', 'except_friday_crawler_task', 'scheduled__2024-05-09T02:00:00+00:00', '--job-id', '56', '--raw', '--subdir', 'DAGS_FOLDER/single_dag.py', '--cfg-path', '/tmp/tmp6zd_jap6']
[2024-05-09T09:13:41.704+0000] {standard_task_runner.py:91} INFO - Job 56: Subtask except_friday_crawler_task
[2024-05-09T09:13:41.720+0000] {logging_mixin.py:188} WARNING - /home/airflow/.local/lib/python3.12/site-packages/airflow/settings.py:195 DeprecationWarning: The sql_alchemy_conn option in [core] has been moved to the sql_alchemy_conn option in [database] - the old setting has been used, but please update your config.
[2024-05-09T09:13:41.756+0000] {task_command.py:426} INFO - Running <TaskInstance: days_except_friday_dag.except_friday_crawler_task scheduled__2024-05-09T02:00:00+00:00 [running]> on host 5d069ed3d57a
[2024-05-09T09:13:41.848+0000] {taskinstance.py:2648} INFO - Exporting env vars: AIRFLOW_CTX_DAG_OWNER='airflow' AIRFLOW_CTX_DAG_ID='days_except_friday_dag' AIRFLOW_CTX_TASK_ID='except_friday_crawler_task' AIRFLOW_CTX_EXECUTION_DATE='2024-05-09T02:00:00+00:00' AIRFLOW_CTX_TRY_NUMBER='1' AIRFLOW_CTX_DAG_RUN_ID='scheduled__2024-05-09T02:00:00+00:00'
[2024-05-09T09:13:41.849+0000] {taskinstance.py:430} INFO - ::endgroup::
[2024-05-09T09:13:41.861+0000] {single_dag.py:49} INFO - This is an informational message
[2024-05-09T09:13:42.622+0000] {python.py:237} INFO - Done. Returned value was: None
[2024-05-09T09:13:42.623+0000] {taskinstance.py:441} INFO - ::group::Post task execution logs
[2024-05-09T09:13:42.634+0000] {taskinstance.py:1206} INFO - Marking task as SUCCESS. dag_id=days_except_friday_dag, task_id=except_friday_crawler_task, run_id=scheduled__2024-05-09T02:00:00+00:00, execution_date=20240509T020000, start_date=20240509T091341, end_date=20240509T091342
[2024-05-09T09:13:42.680+0000] {local_task_job_runner.py:240} INFO - Task exited with return code 0
[2024-05-09T09:13:42.692+0000] {local_task_job_runner.py:222} INFO - ::endgroup::
[2024-05-09T17:14:09.747+0000] {local_task_job_runner.py:120} INFO - ::group::Pre task execution logs
[2024-05-09T17:14:09.795+0000] {taskinstance.py:2076} INFO - Dependencies all met for dep_context=non-requeueable deps ti=<TaskInstance: days_except_friday_dag.except_friday_crawler_task scheduled__2024-05-09T02:00:00+00:00 [queued]>
[2024-05-09T17:14:09.806+0000] {taskinstance.py:2076} INFO - Dependencies all met for dep_context=requeueable deps ti=<TaskInstance: days_except_friday_dag.except_friday_crawler_task scheduled__2024-05-09T02:00:00+00:00 [queued]>
[2024-05-09T17:14:09.807+0000] {taskinstance.py:2306} INFO - Starting attempt 1 of 1
[2024-05-09T17:14:09.831+0000] {taskinstance.py:2330} INFO - Executing <Task(PythonOperator): except_friday_crawler_task> on 2024-05-09 02:00:00+00:00
[2024-05-09T17:14:09.838+0000] {standard_task_runner.py:90} INFO - Running: ['airflow', 'tasks', 'run', 'days_except_friday_dag', 'except_friday_crawler_task', 'scheduled__2024-05-09T02:00:00+00:00', '--job-id', '186', '--raw', '--subdir', 'DAGS_FOLDER/single_dag.py', '--cfg-path', '/tmp/tmpbde0fq4f']
[2024-05-09T17:14:09.842+0000] {standard_task_runner.py:91} INFO - Job 186: Subtask except_friday_crawler_task
[2024-05-09T17:14:09.841+0000] {logging_mixin.py:188} WARNING - /home/airflow/.local/lib/python3.12/site-packages/airflow/task/task_runner/standard_task_runner.py:61 DeprecationWarning: This process (pid=252) is multi-threaded, use of fork() may lead to deadlocks in the child.
[2024-05-09T17:14:09.846+0000] {standard_task_runner.py:63} INFO - Started process 258 to run task
[2024-05-09T17:14:09.874+0000] {logging_mixin.py:188} WARNING - /home/airflow/.local/lib/python3.12/site-packages/airflow/settings.py:195 DeprecationWarning: The sql_alchemy_conn option in [core] has been moved to the sql_alchemy_conn option in [database] - the old setting has been used, but please update your config.
[2024-05-09T17:14:09.934+0000] {task_command.py:426} INFO - Running <TaskInstance: days_except_friday_dag.except_friday_crawler_task scheduled__2024-05-09T02:00:00+00:00 [running]> on host 2ac721f319c6
[2024-05-09T17:14:10.056+0000] {taskinstance.py:2648} INFO - Exporting env vars: AIRFLOW_CTX_DAG_OWNER='airflow' AIRFLOW_CTX_DAG_ID='days_except_friday_dag' AIRFLOW_CTX_TASK_ID='except_friday_crawler_task' AIRFLOW_CTX_EXECUTION_DATE='2024-05-09T02:00:00+00:00' AIRFLOW_CTX_TRY_NUMBER='1' AIRFLOW_CTX_DAG_RUN_ID='scheduled__2024-05-09T02:00:00+00:00'
[2024-05-09T17:14:10.058+0000] {taskinstance.py:430} INFO - ::endgroup::
[2024-05-09T17:14:10.071+0000] {single_dag.py:49} INFO - This is an informational message
[2024-05-09T17:14:11.003+0000] {python.py:237} INFO - Done. Returned value was: None
[2024-05-09T17:14:11.004+0000] {taskinstance.py:441} INFO - ::group::Post task execution logs
[2024-05-09T17:14:11.243+0000] {taskinstance.py:1206} INFO - Marking task as SUCCESS. dag_id=days_except_friday_dag, task_id=except_friday_crawler_task, run_id=scheduled__2024-05-09T02:00:00+00:00, execution_date=20240509T020000, start_date=20240509T171409, end_date=20240509T171411
[2024-05-09T17:14:11.385+0000] {local_task_job_runner.py:240} INFO - Task exited with return code 0
[2024-05-09T17:14:11.454+0000] {taskinstance.py:3498} INFO - 1 downstream tasks scheduled from follow-on schedule check
[2024-05-09T17:14:11.475+0000] {local_task_job_runner.py:222} INFO - ::endgroup::
[2024-05-09T18:32:03.630+0000] {local_task_job_runner.py:120} INFO - ::group::Pre task execution logs
[2024-05-09T18:32:03.840+0000] {taskinstance.py:2076} INFO - Dependencies all met for dep_context=non-requeueable deps ti=<TaskInstance: days_except_friday_dag.except_friday_crawler_task scheduled__2024-05-09T02:00:00+00:00 [queued]>
[2024-05-09T18:32:03.865+0000] {taskinstance.py:2076} INFO - Dependencies all met for dep_context=requeueable deps ti=<TaskInstance: days_except_friday_dag.except_friday_crawler_task scheduled__2024-05-09T02:00:00+00:00 [queued]>
[2024-05-09T18:32:03.871+0000] {taskinstance.py:2306} INFO - Starting attempt 1 of 1
[2024-05-09T18:32:03.938+0000] {taskinstance.py:2330} INFO - Executing <Task(PythonOperator): except_friday_crawler_task> on 2024-05-09 02:00:00+00:00
[2024-05-09T18:32:03.949+0000] {logging_mixin.py:188} WARNING - /home/airflow/.local/lib/python3.12/site-packages/airflow/task/task_runner/standard_task_runner.py:61 DeprecationWarning: This process (pid=385) is multi-threaded, use of fork() may lead to deadlocks in the child.
[2024-05-09T18:32:03.947+0000] {standard_task_runner.py:90} INFO - Running: ['airflow', 'tasks', 'run', 'days_except_friday_dag', 'except_friday_crawler_task', 'scheduled__2024-05-09T02:00:00+00:00', '--job-id', '39', '--raw', '--subdir', 'DAGS_FOLDER/single_dag.py', '--cfg-path', '/tmp/tmpbxomnm1j']
[2024-05-09T18:32:03.953+0000] {standard_task_runner.py:63} INFO - Started process 394 to run task
[2024-05-09T18:32:03.953+0000] {standard_task_runner.py:91} INFO - Job 39: Subtask except_friday_crawler_task
[2024-05-09T18:32:04.084+0000] {logging_mixin.py:188} WARNING - /home/airflow/.local/lib/python3.12/site-packages/airflow/settings.py:195 DeprecationWarning: The sql_alchemy_conn option in [core] has been moved to the sql_alchemy_conn option in [database] - the old setting has been used, but please update your config.
[2024-05-09T18:32:04.387+0000] {task_command.py:426} INFO - Running <TaskInstance: days_except_friday_dag.except_friday_crawler_task scheduled__2024-05-09T02:00:00+00:00 [running]> on host def55370f167
[2024-05-09T18:32:05.039+0000] {taskinstance.py:2648} INFO - Exporting env vars: AIRFLOW_CTX_DAG_OWNER='airflow' AIRFLOW_CTX_DAG_ID='days_except_friday_dag' AIRFLOW_CTX_TASK_ID='except_friday_crawler_task' AIRFLOW_CTX_EXECUTION_DATE='2024-05-09T02:00:00+00:00' AIRFLOW_CTX_TRY_NUMBER='1' AIRFLOW_CTX_DAG_RUN_ID='scheduled__2024-05-09T02:00:00+00:00'
[2024-05-09T18:32:05.040+0000] {taskinstance.py:430} INFO - ::endgroup::
[2024-05-09T18:32:05.055+0000] {single_dag.py:49} INFO - This is an informational message
[2024-05-09T18:32:06.048+0000] {python.py:237} INFO - Done. Returned value was: None
[2024-05-09T18:32:06.049+0000] {taskinstance.py:441} INFO - ::group::Post task execution logs
[2024-05-09T18:32:06.131+0000] {taskinstance.py:1206} INFO - Marking task as SUCCESS. dag_id=days_except_friday_dag, task_id=except_friday_crawler_task, run_id=scheduled__2024-05-09T02:00:00+00:00, execution_date=20240509T020000, start_date=20240509T183203, end_date=20240509T183206
[2024-05-09T18:32:06.441+0000] {local_task_job_runner.py:240} INFO - Task exited with return code 0
[2024-05-09T18:32:06.634+0000] {taskinstance.py:3498} INFO - 1 downstream tasks scheduled from follow-on schedule check
[2024-05-09T18:32:06.654+0000] {local_task_job_runner.py:222} INFO - ::endgroup::
