[2024-05-09T11:00:47.449+0000] {local_task_job_runner.py:120} INFO - ::group::Pre task execution logs
[2024-05-09T11:00:47.475+0000] {taskinstance.py:2076} INFO - Dependencies all met for dep_context=non-requeueable deps ti=<TaskInstance: days_except_friday_dag.except_friday_crawler_task manual__2024-05-09T11:00:47.026918+00:00 [queued]>
[2024-05-09T11:00:47.482+0000] {taskinstance.py:2076} INFO - Dependencies all met for dep_context=requeueable deps ti=<TaskInstance: days_except_friday_dag.except_friday_crawler_task manual__2024-05-09T11:00:47.026918+00:00 [queued]>
[2024-05-09T11:00:47.483+0000] {taskinstance.py:2306} INFO - Starting attempt 1 of 1
[2024-05-09T11:00:47.494+0000] {taskinstance.py:2330} INFO - Executing <Task(PythonOperator): except_friday_crawler_task> on 2024-05-09 11:00:47.026918+00:00
[2024-05-09T11:00:47.499+0000] {logging_mixin.py:188} WARNING - /home/airflow/.local/lib/python3.12/site-packages/airflow/task/task_runner/standard_task_runner.py:61 DeprecationWarning: This process (pid=365) is multi-threaded, use of fork() may lead to deadlocks in the child.
[2024-05-09T11:00:47.499+0000] {standard_task_runner.py:90} INFO - Running: ['airflow', 'tasks', 'run', 'days_except_friday_dag', 'except_friday_crawler_task', 'manual__2024-05-09T11:00:47.026918+00:00', '--job-id', '106', '--raw', '--subdir', 'DAGS_FOLDER/single_dag.py', '--cfg-path', '/tmp/tmpx5pzps5w']
[2024-05-09T11:00:47.500+0000] {standard_task_runner.py:63} INFO - Started process 366 to run task
[2024-05-09T11:00:47.500+0000] {standard_task_runner.py:91} INFO - Job 106: Subtask except_friday_crawler_task
[2024-05-09T11:00:47.514+0000] {logging_mixin.py:188} WARNING - /home/airflow/.local/lib/python3.12/site-packages/airflow/settings.py:195 DeprecationWarning: The sql_alchemy_conn option in [core] has been moved to the sql_alchemy_conn option in [database] - the old setting has been used, but please update your config.
[2024-05-09T11:00:47.545+0000] {task_command.py:426} INFO - Running <TaskInstance: days_except_friday_dag.except_friday_crawler_task manual__2024-05-09T11:00:47.026918+00:00 [running]> on host 5d069ed3d57a
[2024-05-09T11:00:47.626+0000] {taskinstance.py:2648} INFO - Exporting env vars: AIRFLOW_CTX_DAG_OWNER='airflow' AIRFLOW_CTX_DAG_ID='days_except_friday_dag' AIRFLOW_CTX_TASK_ID='except_friday_crawler_task' AIRFLOW_CTX_EXECUTION_DATE='2024-05-09T11:00:47.026918+00:00' AIRFLOW_CTX_TRY_NUMBER='1' AIRFLOW_CTX_DAG_RUN_ID='manual__2024-05-09T11:00:47.026918+00:00'
[2024-05-09T11:00:47.627+0000] {taskinstance.py:430} INFO - ::endgroup::
[2024-05-09T11:00:47.637+0000] {single_dag.py:49} INFO - This is an informational message
[2024-05-09T11:00:48.490+0000] {python.py:237} INFO - Done. Returned value was: None
[2024-05-09T11:00:48.491+0000] {taskinstance.py:441} INFO - ::group::Post task execution logs
[2024-05-09T11:00:48.582+0000] {taskinstance.py:1206} INFO - Marking task as SUCCESS. dag_id=days_except_friday_dag, task_id=except_friday_crawler_task, run_id=manual__2024-05-09T11:00:47.026918+00:00, execution_date=20240509T110047, start_date=20240509T110047, end_date=20240509T110048
[2024-05-09T11:00:48.637+0000] {local_task_job_runner.py:240} INFO - Task exited with return code 0
[2024-05-09T11:00:48.655+0000] {taskinstance.py:3498} INFO - 1 downstream tasks scheduled from follow-on schedule check
[2024-05-09T11:00:48.658+0000] {local_task_job_runner.py:222} INFO - ::endgroup::
