[2024-05-09T04:41:48.131+0000] {processor.py:161} INFO - Started process (PID=190) to work on /opt/airflow/dags/crawler_dag.py
[2024-05-09T04:41:48.132+0000] {processor.py:830} INFO - Processing file /opt/airflow/dags/crawler_dag.py for tasks to queue
[2024-05-09T04:41:48.134+0000] {logging_mixin.py:188} INFO - [2024-05-09T04:41:48.134+0000] {dagbag.py:545} INFO - Filling up the DagBag from /opt/airflow/dags/crawler_dag.py
[2024-05-09T04:41:48.267+0000] {logging_mixin.py:188} INFO - ran database task
[2024-05-09T04:41:48.270+0000] {processor.py:840} INFO - DAG(s) 'insert_data_dag', 'crawler_dag' retrieved from /opt/airflow/dags/crawler_dag.py
[2024-05-09T04:41:48.291+0000] {logging_mixin.py:188} INFO - [2024-05-09T04:41:48.291+0000] {dag.py:3096} INFO - Sync 2 DAGs
[2024-05-09T04:41:48.313+0000] {logging_mixin.py:188} INFO - [2024-05-09T04:41:48.313+0000] {dag.py:3954} INFO - Setting next_dagrun for crawler_dag to 2024-05-10 00:00:00+00:00, run_after=2024-05-10 01:00:00+00:00
[2024-05-09T04:41:48.317+0000] {logging_mixin.py:188} INFO - [2024-05-09T04:41:48.316+0000] {dag.py:3954} INFO - Setting next_dagrun for insert_data_dag to None, run_after=None
[2024-05-09T04:41:48.332+0000] {processor.py:183} INFO - Processing /opt/airflow/dags/crawler_dag.py took 0.206 seconds
[2024-05-09T04:42:19.018+0000] {processor.py:161} INFO - Started process (PID=229) to work on /opt/airflow/dags/crawler_dag.py
[2024-05-09T04:42:19.019+0000] {processor.py:830} INFO - Processing file /opt/airflow/dags/crawler_dag.py for tasks to queue
[2024-05-09T04:42:19.021+0000] {logging_mixin.py:188} INFO - [2024-05-09T04:42:19.021+0000] {dagbag.py:545} INFO - Filling up the DagBag from /opt/airflow/dags/crawler_dag.py
[2024-05-09T04:42:19.159+0000] {logging_mixin.py:188} INFO - ran database task
[2024-05-09T04:42:19.163+0000] {processor.py:840} INFO - DAG(s) 'crawler_dag', 'insert_data_dag' retrieved from /opt/airflow/dags/crawler_dag.py
[2024-05-09T04:42:19.252+0000] {logging_mixin.py:188} INFO - [2024-05-09T04:42:19.251+0000] {dag.py:3096} INFO - Sync 2 DAGs
[2024-05-09T04:42:19.269+0000] {logging_mixin.py:188} INFO - [2024-05-09T04:42:19.269+0000] {dag.py:3954} INFO - Setting next_dagrun for crawler_dag to 2024-05-10 00:00:00+00:00, run_after=2024-05-10 01:00:00+00:00
[2024-05-09T04:42:19.271+0000] {logging_mixin.py:188} INFO - [2024-05-09T04:42:19.271+0000] {dag.py:3954} INFO - Setting next_dagrun for insert_data_dag to None, run_after=None
[2024-05-09T04:42:19.287+0000] {processor.py:183} INFO - Processing /opt/airflow/dags/crawler_dag.py took 0.276 seconds
[2024-05-09T04:42:38.644+0000] {processor.py:161} INFO - Started process (PID=249) to work on /opt/airflow/dags/crawler_dag.py
[2024-05-09T04:42:38.645+0000] {processor.py:830} INFO - Processing file /opt/airflow/dags/crawler_dag.py for tasks to queue
[2024-05-09T04:42:38.646+0000] {logging_mixin.py:188} INFO - [2024-05-09T04:42:38.646+0000] {dagbag.py:545} INFO - Filling up the DagBag from /opt/airflow/dags/crawler_dag.py
[2024-05-09T04:42:38.808+0000] {processor.py:840} INFO - DAG(s) 'crawler_dag', 'insert_data_dag' retrieved from /opt/airflow/dags/crawler_dag.py
[2024-05-09T04:42:38.823+0000] {logging_mixin.py:188} INFO - [2024-05-09T04:42:38.823+0000] {dag.py:3096} INFO - Sync 2 DAGs
[2024-05-09T04:42:38.845+0000] {logging_mixin.py:188} INFO - [2024-05-09T04:42:38.845+0000] {dag.py:3954} INFO - Setting next_dagrun for crawler_dag to 2024-05-10 00:00:00+00:00, run_after=2024-05-10 01:00:00+00:00
[2024-05-09T04:42:38.848+0000] {logging_mixin.py:188} INFO - [2024-05-09T04:42:38.848+0000] {dag.py:3954} INFO - Setting next_dagrun for insert_data_dag to None, run_after=None
[2024-05-09T04:42:38.868+0000] {processor.py:183} INFO - Processing /opt/airflow/dags/crawler_dag.py took 0.229 seconds
[2024-05-09T04:42:50.857+0000] {processor.py:161} INFO - Started process (PID=190) to work on /opt/airflow/dags/crawler_dag.py
[2024-05-09T04:42:50.858+0000] {processor.py:830} INFO - Processing file /opt/airflow/dags/crawler_dag.py for tasks to queue
[2024-05-09T04:42:50.860+0000] {logging_mixin.py:188} INFO - [2024-05-09T04:42:50.859+0000] {dagbag.py:545} INFO - Filling up the DagBag from /opt/airflow/dags/crawler_dag.py
[2024-05-09T04:42:51.001+0000] {processor.py:840} INFO - DAG(s) 'crawler_dag', 'insert_data_dag' retrieved from /opt/airflow/dags/crawler_dag.py
[2024-05-09T04:42:51.022+0000] {logging_mixin.py:188} INFO - [2024-05-09T04:42:51.021+0000] {dag.py:3096} INFO - Sync 2 DAGs
[2024-05-09T04:42:51.043+0000] {logging_mixin.py:188} INFO - [2024-05-09T04:42:51.042+0000] {dag.py:3954} INFO - Setting next_dagrun for crawler_dag to 2024-05-10 00:00:00+00:00, run_after=2024-05-10 01:00:00+00:00
[2024-05-09T04:42:51.046+0000] {logging_mixin.py:188} INFO - [2024-05-09T04:42:51.046+0000] {dag.py:3954} INFO - Setting next_dagrun for insert_data_dag to None, run_after=None
[2024-05-09T04:42:51.061+0000] {processor.py:183} INFO - Processing /opt/airflow/dags/crawler_dag.py took 0.207 seconds
[2024-05-09T04:43:21.683+0000] {processor.py:161} INFO - Started process (PID=230) to work on /opt/airflow/dags/crawler_dag.py
[2024-05-09T04:43:21.684+0000] {processor.py:830} INFO - Processing file /opt/airflow/dags/crawler_dag.py for tasks to queue
[2024-05-09T04:43:21.686+0000] {logging_mixin.py:188} INFO - [2024-05-09T04:43:21.685+0000] {dagbag.py:545} INFO - Filling up the DagBag from /opt/airflow/dags/crawler_dag.py
[2024-05-09T04:43:21.832+0000] {processor.py:840} INFO - DAG(s) 'crawler_dag', 'insert_data_dag' retrieved from /opt/airflow/dags/crawler_dag.py
[2024-05-09T04:43:21.928+0000] {logging_mixin.py:188} INFO - [2024-05-09T04:43:21.928+0000] {dag.py:3096} INFO - Sync 2 DAGs
[2024-05-09T04:43:21.951+0000] {logging_mixin.py:188} INFO - [2024-05-09T04:43:21.951+0000] {dag.py:3954} INFO - Setting next_dagrun for crawler_dag to 2024-05-10 00:00:00+00:00, run_after=2024-05-10 01:00:00+00:00
[2024-05-09T04:43:21.954+0000] {logging_mixin.py:188} INFO - [2024-05-09T04:43:21.954+0000] {dag.py:3954} INFO - Setting next_dagrun for insert_data_dag to None, run_after=None
[2024-05-09T04:43:21.971+0000] {processor.py:183} INFO - Processing /opt/airflow/dags/crawler_dag.py took 0.292 seconds
[2024-05-09T04:43:52.511+0000] {processor.py:161} INFO - Started process (PID=250) to work on /opt/airflow/dags/crawler_dag.py
[2024-05-09T04:43:52.512+0000] {processor.py:830} INFO - Processing file /opt/airflow/dags/crawler_dag.py for tasks to queue
[2024-05-09T04:43:52.514+0000] {logging_mixin.py:188} INFO - [2024-05-09T04:43:52.514+0000] {dagbag.py:545} INFO - Filling up the DagBag from /opt/airflow/dags/crawler_dag.py
[2024-05-09T04:43:52.669+0000] {processor.py:840} INFO - DAG(s) 'insert_data_dag', 'crawler_dag' retrieved from /opt/airflow/dags/crawler_dag.py
[2024-05-09T04:43:52.758+0000] {logging_mixin.py:188} INFO - [2024-05-09T04:43:52.758+0000] {dag.py:3096} INFO - Sync 2 DAGs
[2024-05-09T04:43:52.777+0000] {logging_mixin.py:188} INFO - [2024-05-09T04:43:52.777+0000] {dag.py:3954} INFO - Setting next_dagrun for crawler_dag to 2024-05-10 00:00:00+00:00, run_after=2024-05-10 01:00:00+00:00
[2024-05-09T04:43:52.781+0000] {logging_mixin.py:188} INFO - [2024-05-09T04:43:52.780+0000] {dag.py:3954} INFO - Setting next_dagrun for insert_data_dag to None, run_after=None
[2024-05-09T04:43:52.798+0000] {processor.py:183} INFO - Processing /opt/airflow/dags/crawler_dag.py took 0.291 seconds
[2024-05-09T04:44:23.421+0000] {processor.py:161} INFO - Started process (PID=270) to work on /opt/airflow/dags/crawler_dag.py
[2024-05-09T04:44:23.421+0000] {processor.py:830} INFO - Processing file /opt/airflow/dags/crawler_dag.py for tasks to queue
[2024-05-09T04:44:23.423+0000] {logging_mixin.py:188} INFO - [2024-05-09T04:44:23.423+0000] {dagbag.py:545} INFO - Filling up the DagBag from /opt/airflow/dags/crawler_dag.py
[2024-05-09T04:44:23.565+0000] {processor.py:840} INFO - DAG(s) 'insert_data_dag', 'crawler_dag' retrieved from /opt/airflow/dags/crawler_dag.py
[2024-05-09T04:44:23.585+0000] {logging_mixin.py:188} INFO - [2024-05-09T04:44:23.585+0000] {dag.py:3096} INFO - Sync 2 DAGs
[2024-05-09T04:44:23.604+0000] {logging_mixin.py:188} INFO - [2024-05-09T04:44:23.604+0000] {dag.py:3954} INFO - Setting next_dagrun for crawler_dag to 2024-05-10 00:00:00+00:00, run_after=2024-05-10 01:00:00+00:00
[2024-05-09T04:44:23.607+0000] {logging_mixin.py:188} INFO - [2024-05-09T04:44:23.607+0000] {dag.py:3954} INFO - Setting next_dagrun for insert_data_dag to None, run_after=None
[2024-05-09T04:44:23.622+0000] {processor.py:183} INFO - Processing /opt/airflow/dags/crawler_dag.py took 0.205 seconds
[2024-05-09T04:44:54.166+0000] {processor.py:161} INFO - Started process (PID=290) to work on /opt/airflow/dags/crawler_dag.py
[2024-05-09T04:44:54.167+0000] {processor.py:830} INFO - Processing file /opt/airflow/dags/crawler_dag.py for tasks to queue
[2024-05-09T04:44:54.168+0000] {logging_mixin.py:188} INFO - [2024-05-09T04:44:54.168+0000] {dagbag.py:545} INFO - Filling up the DagBag from /opt/airflow/dags/crawler_dag.py
[2024-05-09T04:44:54.309+0000] {processor.py:840} INFO - DAG(s) 'crawler_dag', 'insert_data_dag' retrieved from /opt/airflow/dags/crawler_dag.py
[2024-05-09T04:44:54.391+0000] {logging_mixin.py:188} INFO - [2024-05-09T04:44:54.390+0000] {dag.py:3096} INFO - Sync 2 DAGs
[2024-05-09T04:44:54.409+0000] {logging_mixin.py:188} INFO - [2024-05-09T04:44:54.409+0000] {dag.py:3954} INFO - Setting next_dagrun for crawler_dag to 2024-05-10 00:00:00+00:00, run_after=2024-05-10 01:00:00+00:00
[2024-05-09T04:44:54.412+0000] {logging_mixin.py:188} INFO - [2024-05-09T04:44:54.412+0000] {dag.py:3954} INFO - Setting next_dagrun for insert_data_dag to None, run_after=None
[2024-05-09T04:44:54.431+0000] {processor.py:183} INFO - Processing /opt/airflow/dags/crawler_dag.py took 0.269 seconds
[2024-05-09T04:45:24.849+0000] {processor.py:161} INFO - Started process (PID=310) to work on /opt/airflow/dags/crawler_dag.py
[2024-05-09T04:45:24.850+0000] {processor.py:830} INFO - Processing file /opt/airflow/dags/crawler_dag.py for tasks to queue
[2024-05-09T04:45:24.852+0000] {logging_mixin.py:188} INFO - [2024-05-09T04:45:24.851+0000] {dagbag.py:545} INFO - Filling up the DagBag from /opt/airflow/dags/crawler_dag.py
[2024-05-09T04:45:24.998+0000] {processor.py:840} INFO - DAG(s) 'insert_data_dag', 'crawler_dag' retrieved from /opt/airflow/dags/crawler_dag.py
[2024-05-09T04:45:25.019+0000] {logging_mixin.py:188} INFO - [2024-05-09T04:45:25.018+0000] {dag.py:3096} INFO - Sync 2 DAGs
[2024-05-09T04:45:25.041+0000] {logging_mixin.py:188} INFO - [2024-05-09T04:45:25.040+0000] {dag.py:3954} INFO - Setting next_dagrun for crawler_dag to 2024-05-10 00:00:00+00:00, run_after=2024-05-10 01:00:00+00:00
[2024-05-09T04:45:25.044+0000] {logging_mixin.py:188} INFO - [2024-05-09T04:45:25.044+0000] {dag.py:3954} INFO - Setting next_dagrun for insert_data_dag to None, run_after=None
[2024-05-09T04:45:25.061+0000] {processor.py:183} INFO - Processing /opt/airflow/dags/crawler_dag.py took 0.216 seconds
[2024-05-09T04:45:55.570+0000] {processor.py:161} INFO - Started process (PID=330) to work on /opt/airflow/dags/crawler_dag.py
[2024-05-09T04:45:55.571+0000] {processor.py:830} INFO - Processing file /opt/airflow/dags/crawler_dag.py for tasks to queue
[2024-05-09T04:45:55.573+0000] {logging_mixin.py:188} INFO - [2024-05-09T04:45:55.572+0000] {dagbag.py:545} INFO - Filling up the DagBag from /opt/airflow/dags/crawler_dag.py
[2024-05-09T04:45:55.719+0000] {processor.py:840} INFO - DAG(s) 'insert_data_dag', 'crawler_dag' retrieved from /opt/airflow/dags/crawler_dag.py
[2024-05-09T04:45:55.805+0000] {logging_mixin.py:188} INFO - [2024-05-09T04:45:55.804+0000] {dag.py:3096} INFO - Sync 2 DAGs
[2024-05-09T04:45:55.823+0000] {logging_mixin.py:188} INFO - [2024-05-09T04:45:55.823+0000] {dag.py:3954} INFO - Setting next_dagrun for crawler_dag to 2024-05-10 00:00:00+00:00, run_after=2024-05-10 01:00:00+00:00
[2024-05-09T04:45:55.826+0000] {logging_mixin.py:188} INFO - [2024-05-09T04:45:55.826+0000] {dag.py:3954} INFO - Setting next_dagrun for insert_data_dag to None, run_after=None
[2024-05-09T04:45:55.843+0000] {processor.py:183} INFO - Processing /opt/airflow/dags/crawler_dag.py took 0.277 seconds
[2024-05-09T04:45:57.935+0000] {processor.py:161} INFO - Started process (PID=350) to work on /opt/airflow/dags/crawler_dag.py
[2024-05-09T04:45:57.936+0000] {processor.py:830} INFO - Processing file /opt/airflow/dags/crawler_dag.py for tasks to queue
[2024-05-09T04:45:57.937+0000] {logging_mixin.py:188} INFO - [2024-05-09T04:45:57.937+0000] {dagbag.py:545} INFO - Filling up the DagBag from /opt/airflow/dags/crawler_dag.py
[2024-05-09T04:45:58.116+0000] {logging_mixin.py:188} INFO - [2024-05-09T04:45:58.105+0000] {dagbag.py:355} ERROR - Failed to import: /opt/airflow/dags/crawler_dag.py
Traceback (most recent call last):
  File "/home/airflow/.local/lib/python3.12/site-packages/airflow/models/dagbag.py", line 351, in parse
    loader.exec_module(new_module)
  File "<frozen importlib._bootstrap_external>", line 995, in exec_module
  File "<frozen importlib._bootstrap>", line 488, in _call_with_frames_removed
  File "/opt/airflow/dags/crawler_dag.py", line 34, in <module>
    run_crawler_task >> run_database_task
                      ^^^^^^^^^^^^^^^^^
NameError: name 'run_database_task' is not defined
[2024-05-09T04:45:58.123+0000] {processor.py:842} WARNING - No viable dags retrieved from /opt/airflow/dags/crawler_dag.py
[2024-05-09T04:45:58.141+0000] {processor.py:183} INFO - Processing /opt/airflow/dags/crawler_dag.py took 0.212 seconds
[2024-05-09T04:46:00.026+0000] {processor.py:161} INFO - Started process (PID=355) to work on /opt/airflow/dags/crawler_dag.py
[2024-05-09T04:46:00.027+0000] {processor.py:830} INFO - Processing file /opt/airflow/dags/crawler_dag.py for tasks to queue
[2024-05-09T04:46:00.029+0000] {logging_mixin.py:188} INFO - [2024-05-09T04:46:00.028+0000] {dagbag.py:545} INFO - Filling up the DagBag from /opt/airflow/dags/crawler_dag.py
[2024-05-09T04:46:00.205+0000] {logging_mixin.py:188} INFO - [2024-05-09T04:46:00.194+0000] {dagbag.py:355} ERROR - Failed to import: /opt/airflow/dags/crawler_dag.py
Traceback (most recent call last):
  File "/home/airflow/.local/lib/python3.12/site-packages/airflow/models/dagbag.py", line 351, in parse
    loader.exec_module(new_module)
  File "<frozen importlib._bootstrap_external>", line 995, in exec_module
  File "<frozen importlib._bootstrap>", line 488, in _call_with_frames_removed
  File "/opt/airflow/dags/crawler_dag.py", line 33, in <module>
    run_crawler_task >> run_database_task
                      ^^^^^^^^^^^^^^^^^
NameError: name 'run_database_task' is not defined
[2024-05-09T04:46:00.212+0000] {processor.py:842} WARNING - No viable dags retrieved from /opt/airflow/dags/crawler_dag.py
[2024-05-09T04:46:00.229+0000] {processor.py:183} INFO - Processing /opt/airflow/dags/crawler_dag.py took 0.208 seconds
[2024-05-09T04:46:02.242+0000] {processor.py:161} INFO - Started process (PID=360) to work on /opt/airflow/dags/crawler_dag.py
[2024-05-09T04:46:02.243+0000] {processor.py:830} INFO - Processing file /opt/airflow/dags/crawler_dag.py for tasks to queue
[2024-05-09T04:46:02.245+0000] {logging_mixin.py:188} INFO - [2024-05-09T04:46:02.245+0000] {dagbag.py:545} INFO - Filling up the DagBag from /opt/airflow/dags/crawler_dag.py
[2024-05-09T04:46:02.407+0000] {processor.py:840} INFO - DAG(s) 'crawler_dag' retrieved from /opt/airflow/dags/crawler_dag.py
[2024-05-09T04:46:02.492+0000] {logging_mixin.py:188} INFO - [2024-05-09T04:46:02.492+0000] {dag.py:3096} INFO - Sync 1 DAGs
[2024-05-09T04:46:02.510+0000] {logging_mixin.py:188} INFO - [2024-05-09T04:46:02.510+0000] {dag.py:3954} INFO - Setting next_dagrun for crawler_dag to 2024-05-10 00:00:00+00:00, run_after=2024-05-10 01:00:00+00:00
[2024-05-09T04:46:02.533+0000] {processor.py:183} INFO - Processing /opt/airflow/dags/crawler_dag.py took 0.296 seconds
[2024-05-09T04:46:33.172+0000] {processor.py:161} INFO - Started process (PID=380) to work on /opt/airflow/dags/crawler_dag.py
[2024-05-09T04:46:33.173+0000] {processor.py:830} INFO - Processing file /opt/airflow/dags/crawler_dag.py for tasks to queue
[2024-05-09T04:46:33.175+0000] {logging_mixin.py:188} INFO - [2024-05-09T04:46:33.174+0000] {dagbag.py:545} INFO - Filling up the DagBag from /opt/airflow/dags/crawler_dag.py
[2024-05-09T04:46:33.313+0000] {processor.py:840} INFO - DAG(s) 'crawler_dag' retrieved from /opt/airflow/dags/crawler_dag.py
[2024-05-09T04:46:33.332+0000] {logging_mixin.py:188} INFO - [2024-05-09T04:46:33.332+0000] {dag.py:3096} INFO - Sync 1 DAGs
[2024-05-09T04:46:33.353+0000] {logging_mixin.py:188} INFO - [2024-05-09T04:46:33.352+0000] {dag.py:3954} INFO - Setting next_dagrun for crawler_dag to 2024-05-10 00:00:00+00:00, run_after=2024-05-10 01:00:00+00:00
[2024-05-09T04:46:33.368+0000] {processor.py:183} INFO - Processing /opt/airflow/dags/crawler_dag.py took 0.201 seconds
[2024-05-09T04:47:04.113+0000] {processor.py:161} INFO - Started process (PID=405) to work on /opt/airflow/dags/crawler_dag.py
[2024-05-09T04:47:04.114+0000] {processor.py:830} INFO - Processing file /opt/airflow/dags/crawler_dag.py for tasks to queue
[2024-05-09T04:47:04.116+0000] {logging_mixin.py:188} INFO - [2024-05-09T04:47:04.116+0000] {dagbag.py:545} INFO - Filling up the DagBag from /opt/airflow/dags/crawler_dag.py
[2024-05-09T04:47:04.261+0000] {processor.py:840} INFO - DAG(s) 'crawler_dag' retrieved from /opt/airflow/dags/crawler_dag.py
[2024-05-09T04:47:04.280+0000] {logging_mixin.py:188} INFO - [2024-05-09T04:47:04.280+0000] {dag.py:3096} INFO - Sync 1 DAGs
[2024-05-09T04:47:04.298+0000] {logging_mixin.py:188} INFO - [2024-05-09T04:47:04.298+0000] {dag.py:3954} INFO - Setting next_dagrun for crawler_dag to 2024-05-10 00:00:00+00:00, run_after=2024-05-10 01:00:00+00:00
[2024-05-09T04:47:04.316+0000] {processor.py:183} INFO - Processing /opt/airflow/dags/crawler_dag.py took 0.207 seconds
[2024-05-09T04:47:35.000+0000] {processor.py:161} INFO - Started process (PID=425) to work on /opt/airflow/dags/crawler_dag.py
[2024-05-09T04:47:35.001+0000] {processor.py:830} INFO - Processing file /opt/airflow/dags/crawler_dag.py for tasks to queue
[2024-05-09T04:47:35.002+0000] {logging_mixin.py:188} INFO - [2024-05-09T04:47:35.002+0000] {dagbag.py:545} INFO - Filling up the DagBag from /opt/airflow/dags/crawler_dag.py
[2024-05-09T04:47:35.147+0000] {processor.py:840} INFO - DAG(s) 'crawler_dag' retrieved from /opt/airflow/dags/crawler_dag.py
[2024-05-09T04:47:35.166+0000] {logging_mixin.py:188} INFO - [2024-05-09T04:47:35.165+0000] {dag.py:3096} INFO - Sync 1 DAGs
[2024-05-09T04:47:35.185+0000] {logging_mixin.py:188} INFO - [2024-05-09T04:47:35.185+0000] {dag.py:3954} INFO - Setting next_dagrun for crawler_dag to 2024-05-10 00:00:00+00:00, run_after=2024-05-10 01:00:00+00:00
[2024-05-09T04:47:35.202+0000] {processor.py:183} INFO - Processing /opt/airflow/dags/crawler_dag.py took 0.207 seconds
[2024-05-09T04:48:05.842+0000] {processor.py:161} INFO - Started process (PID=445) to work on /opt/airflow/dags/crawler_dag.py
[2024-05-09T04:48:05.843+0000] {processor.py:830} INFO - Processing file /opt/airflow/dags/crawler_dag.py for tasks to queue
[2024-05-09T04:48:05.845+0000] {logging_mixin.py:188} INFO - [2024-05-09T04:48:05.844+0000] {dagbag.py:545} INFO - Filling up the DagBag from /opt/airflow/dags/crawler_dag.py
[2024-05-09T04:48:05.993+0000] {processor.py:840} INFO - DAG(s) 'crawler_dag' retrieved from /opt/airflow/dags/crawler_dag.py
[2024-05-09T04:48:06.011+0000] {logging_mixin.py:188} INFO - [2024-05-09T04:48:06.011+0000] {dag.py:3096} INFO - Sync 1 DAGs
[2024-05-09T04:48:06.031+0000] {logging_mixin.py:188} INFO - [2024-05-09T04:48:06.031+0000] {dag.py:3954} INFO - Setting next_dagrun for crawler_dag to 2024-05-10 00:00:00+00:00, run_after=2024-05-10 01:00:00+00:00
[2024-05-09T04:48:06.048+0000] {processor.py:183} INFO - Processing /opt/airflow/dags/crawler_dag.py took 0.210 seconds
[2024-05-09T04:48:36.736+0000] {processor.py:161} INFO - Started process (PID=472) to work on /opt/airflow/dags/crawler_dag.py
[2024-05-09T04:48:36.737+0000] {processor.py:830} INFO - Processing file /opt/airflow/dags/crawler_dag.py for tasks to queue
[2024-05-09T04:48:36.739+0000] {logging_mixin.py:188} INFO - [2024-05-09T04:48:36.738+0000] {dagbag.py:545} INFO - Filling up the DagBag from /opt/airflow/dags/crawler_dag.py
[2024-05-09T04:48:36.877+0000] {processor.py:840} INFO - DAG(s) 'crawler_dag' retrieved from /opt/airflow/dags/crawler_dag.py
[2024-05-09T04:48:36.895+0000] {logging_mixin.py:188} INFO - [2024-05-09T04:48:36.895+0000] {dag.py:3096} INFO - Sync 1 DAGs
[2024-05-09T04:48:36.913+0000] {logging_mixin.py:188} INFO - [2024-05-09T04:48:36.913+0000] {dag.py:3954} INFO - Setting next_dagrun for crawler_dag to 2024-05-10 00:00:00+00:00, run_after=2024-05-10 01:00:00+00:00
[2024-05-09T04:48:36.929+0000] {processor.py:183} INFO - Processing /opt/airflow/dags/crawler_dag.py took 0.198 seconds
[2024-05-09T04:49:07.440+0000] {processor.py:161} INFO - Started process (PID=492) to work on /opt/airflow/dags/crawler_dag.py
[2024-05-09T04:49:07.441+0000] {processor.py:830} INFO - Processing file /opt/airflow/dags/crawler_dag.py for tasks to queue
[2024-05-09T04:49:07.443+0000] {logging_mixin.py:188} INFO - [2024-05-09T04:49:07.443+0000] {dagbag.py:545} INFO - Filling up the DagBag from /opt/airflow/dags/crawler_dag.py
[2024-05-09T04:49:07.597+0000] {processor.py:840} INFO - DAG(s) 'crawler_dag' retrieved from /opt/airflow/dags/crawler_dag.py
[2024-05-09T04:49:07.617+0000] {logging_mixin.py:188} INFO - [2024-05-09T04:49:07.616+0000] {dag.py:3096} INFO - Sync 1 DAGs
[2024-05-09T04:49:07.636+0000] {logging_mixin.py:188} INFO - [2024-05-09T04:49:07.636+0000] {dag.py:3954} INFO - Setting next_dagrun for crawler_dag to 2024-05-10 00:00:00+00:00, run_after=2024-05-10 01:00:00+00:00
[2024-05-09T04:49:07.667+0000] {processor.py:183} INFO - Processing /opt/airflow/dags/crawler_dag.py took 0.231 seconds
[2024-05-09T04:49:38.208+0000] {processor.py:161} INFO - Started process (PID=513) to work on /opt/airflow/dags/crawler_dag.py
[2024-05-09T04:49:38.209+0000] {processor.py:830} INFO - Processing file /opt/airflow/dags/crawler_dag.py for tasks to queue
[2024-05-09T04:49:38.211+0000] {logging_mixin.py:188} INFO - [2024-05-09T04:49:38.211+0000] {dagbag.py:545} INFO - Filling up the DagBag from /opt/airflow/dags/crawler_dag.py
[2024-05-09T04:49:38.371+0000] {processor.py:840} INFO - DAG(s) 'crawler_dag' retrieved from /opt/airflow/dags/crawler_dag.py
[2024-05-09T04:49:38.390+0000] {logging_mixin.py:188} INFO - [2024-05-09T04:49:38.390+0000] {dag.py:3096} INFO - Sync 1 DAGs
[2024-05-09T04:49:38.409+0000] {logging_mixin.py:188} INFO - [2024-05-09T04:49:38.409+0000] {dag.py:3954} INFO - Setting next_dagrun for crawler_dag to 2024-05-10 00:00:00+00:00, run_after=2024-05-10 01:00:00+00:00
[2024-05-09T04:49:38.432+0000] {processor.py:183} INFO - Processing /opt/airflow/dags/crawler_dag.py took 0.229 seconds
[2024-05-09T04:50:09.164+0000] {processor.py:161} INFO - Started process (PID=534) to work on /opt/airflow/dags/crawler_dag.py
[2024-05-09T04:50:09.165+0000] {processor.py:830} INFO - Processing file /opt/airflow/dags/crawler_dag.py for tasks to queue
[2024-05-09T04:50:09.167+0000] {logging_mixin.py:188} INFO - [2024-05-09T04:50:09.167+0000] {dagbag.py:545} INFO - Filling up the DagBag from /opt/airflow/dags/crawler_dag.py
[2024-05-09T04:50:09.315+0000] {processor.py:840} INFO - DAG(s) 'crawler_dag' retrieved from /opt/airflow/dags/crawler_dag.py
[2024-05-09T04:50:09.333+0000] {logging_mixin.py:188} INFO - [2024-05-09T04:50:09.333+0000] {dag.py:3096} INFO - Sync 1 DAGs
[2024-05-09T04:50:09.351+0000] {logging_mixin.py:188} INFO - [2024-05-09T04:50:09.350+0000] {dag.py:3954} INFO - Setting next_dagrun for crawler_dag to 2024-05-10 00:00:00+00:00, run_after=2024-05-10 01:00:00+00:00
[2024-05-09T04:50:09.373+0000] {processor.py:183} INFO - Processing /opt/airflow/dags/crawler_dag.py took 0.212 seconds
[2024-05-09T04:50:39.942+0000] {processor.py:161} INFO - Started process (PID=554) to work on /opt/airflow/dags/crawler_dag.py
[2024-05-09T04:50:39.943+0000] {processor.py:830} INFO - Processing file /opt/airflow/dags/crawler_dag.py for tasks to queue
[2024-05-09T04:50:39.945+0000] {logging_mixin.py:188} INFO - [2024-05-09T04:50:39.945+0000] {dagbag.py:545} INFO - Filling up the DagBag from /opt/airflow/dags/crawler_dag.py
[2024-05-09T04:50:40.094+0000] {processor.py:840} INFO - DAG(s) 'crawler_dag' retrieved from /opt/airflow/dags/crawler_dag.py
[2024-05-09T04:50:40.113+0000] {logging_mixin.py:188} INFO - [2024-05-09T04:50:40.112+0000] {dag.py:3096} INFO - Sync 1 DAGs
[2024-05-09T04:50:40.133+0000] {logging_mixin.py:188} INFO - [2024-05-09T04:50:40.133+0000] {dag.py:3954} INFO - Setting next_dagrun for crawler_dag to 2024-05-10 00:00:00+00:00, run_after=2024-05-10 01:00:00+00:00
[2024-05-09T04:50:40.149+0000] {processor.py:183} INFO - Processing /opt/airflow/dags/crawler_dag.py took 0.211 seconds
[2024-05-09T04:56:26.935+0000] {processor.py:161} INFO - Started process (PID=193) to work on /opt/airflow/dags/crawler_dag.py
[2024-05-09T04:56:26.936+0000] {processor.py:830} INFO - Processing file /opt/airflow/dags/crawler_dag.py for tasks to queue
[2024-05-09T04:56:26.938+0000] {logging_mixin.py:188} INFO - [2024-05-09T04:56:26.937+0000] {dagbag.py:545} INFO - Filling up the DagBag from /opt/airflow/dags/crawler_dag.py
[2024-05-09T04:56:27.081+0000] {processor.py:840} INFO - DAG(s) 'crawler_dag' retrieved from /opt/airflow/dags/crawler_dag.py
[2024-05-09T04:56:27.103+0000] {logging_mixin.py:188} INFO - [2024-05-09T04:56:27.102+0000] {dag.py:3096} INFO - Sync 1 DAGs
[2024-05-09T04:56:27.121+0000] {logging_mixin.py:188} INFO - [2024-05-09T04:56:27.121+0000] {dag.py:3954} INFO - Setting next_dagrun for crawler_dag to 2024-05-10 00:00:00+00:00, run_after=2024-05-10 01:00:00+00:00
[2024-05-09T04:56:27.139+0000] {processor.py:183} INFO - Processing /opt/airflow/dags/crawler_dag.py took 0.209 seconds
[2024-05-09T04:56:57.691+0000] {processor.py:161} INFO - Started process (PID=232) to work on /opt/airflow/dags/crawler_dag.py
[2024-05-09T04:56:57.692+0000] {processor.py:830} INFO - Processing file /opt/airflow/dags/crawler_dag.py for tasks to queue
[2024-05-09T04:56:57.693+0000] {logging_mixin.py:188} INFO - [2024-05-09T04:56:57.693+0000] {dagbag.py:545} INFO - Filling up the DagBag from /opt/airflow/dags/crawler_dag.py
[2024-05-09T04:56:57.831+0000] {processor.py:840} INFO - DAG(s) 'crawler_dag' retrieved from /opt/airflow/dags/crawler_dag.py
[2024-05-09T04:56:57.915+0000] {logging_mixin.py:188} INFO - [2024-05-09T04:56:57.914+0000] {dag.py:3096} INFO - Sync 1 DAGs
[2024-05-09T04:56:57.933+0000] {logging_mixin.py:188} INFO - [2024-05-09T04:56:57.933+0000] {dag.py:3954} INFO - Setting next_dagrun for crawler_dag to 2024-05-10 00:00:00+00:00, run_after=2024-05-10 01:00:00+00:00
[2024-05-09T04:56:57.951+0000] {processor.py:183} INFO - Processing /opt/airflow/dags/crawler_dag.py took 0.264 seconds
[2024-05-09T04:57:28.448+0000] {processor.py:161} INFO - Started process (PID=252) to work on /opt/airflow/dags/crawler_dag.py
[2024-05-09T04:57:28.449+0000] {processor.py:830} INFO - Processing file /opt/airflow/dags/crawler_dag.py for tasks to queue
[2024-05-09T04:57:28.451+0000] {logging_mixin.py:188} INFO - [2024-05-09T04:57:28.450+0000] {dagbag.py:545} INFO - Filling up the DagBag from /opt/airflow/dags/crawler_dag.py
[2024-05-09T04:57:28.582+0000] {processor.py:840} INFO - DAG(s) 'crawler_dag' retrieved from /opt/airflow/dags/crawler_dag.py
[2024-05-09T04:57:28.601+0000] {logging_mixin.py:188} INFO - [2024-05-09T04:57:28.600+0000] {dag.py:3096} INFO - Sync 1 DAGs
[2024-05-09T04:57:28.619+0000] {logging_mixin.py:188} INFO - [2024-05-09T04:57:28.619+0000] {dag.py:3954} INFO - Setting next_dagrun for crawler_dag to 2024-05-10 00:00:00+00:00, run_after=2024-05-10 01:00:00+00:00
[2024-05-09T04:57:28.635+0000] {processor.py:183} INFO - Processing /opt/airflow/dags/crawler_dag.py took 0.191 seconds
[2024-05-09T04:57:59.257+0000] {processor.py:161} INFO - Started process (PID=272) to work on /opt/airflow/dags/crawler_dag.py
[2024-05-09T04:57:59.258+0000] {processor.py:830} INFO - Processing file /opt/airflow/dags/crawler_dag.py for tasks to queue
[2024-05-09T04:57:59.260+0000] {logging_mixin.py:188} INFO - [2024-05-09T04:57:59.259+0000] {dagbag.py:545} INFO - Filling up the DagBag from /opt/airflow/dags/crawler_dag.py
[2024-05-09T04:57:59.396+0000] {processor.py:840} INFO - DAG(s) 'crawler_dag' retrieved from /opt/airflow/dags/crawler_dag.py
[2024-05-09T04:57:59.415+0000] {logging_mixin.py:188} INFO - [2024-05-09T04:57:59.414+0000] {dag.py:3096} INFO - Sync 1 DAGs
[2024-05-09T04:57:59.433+0000] {logging_mixin.py:188} INFO - [2024-05-09T04:57:59.432+0000] {dag.py:3954} INFO - Setting next_dagrun for crawler_dag to 2024-05-10 00:00:00+00:00, run_after=2024-05-10 01:00:00+00:00
[2024-05-09T04:57:59.449+0000] {processor.py:183} INFO - Processing /opt/airflow/dags/crawler_dag.py took 0.196 seconds
[2024-05-09T04:58:30.038+0000] {processor.py:161} INFO - Started process (PID=292) to work on /opt/airflow/dags/crawler_dag.py
[2024-05-09T04:58:30.039+0000] {processor.py:830} INFO - Processing file /opt/airflow/dags/crawler_dag.py for tasks to queue
[2024-05-09T04:58:30.040+0000] {logging_mixin.py:188} INFO - [2024-05-09T04:58:30.040+0000] {dagbag.py:545} INFO - Filling up the DagBag from /opt/airflow/dags/crawler_dag.py
[2024-05-09T04:58:30.179+0000] {processor.py:840} INFO - DAG(s) 'crawler_dag' retrieved from /opt/airflow/dags/crawler_dag.py
[2024-05-09T04:58:30.199+0000] {logging_mixin.py:188} INFO - [2024-05-09T04:58:30.198+0000] {dag.py:3096} INFO - Sync 1 DAGs
[2024-05-09T04:58:30.217+0000] {logging_mixin.py:188} INFO - [2024-05-09T04:58:30.217+0000] {dag.py:3954} INFO - Setting next_dagrun for crawler_dag to 2024-05-10 00:00:00+00:00, run_after=2024-05-10 01:00:00+00:00
[2024-05-09T04:58:30.235+0000] {processor.py:183} INFO - Processing /opt/airflow/dags/crawler_dag.py took 0.201 seconds
[2024-05-09T04:59:01.064+0000] {processor.py:161} INFO - Started process (PID=313) to work on /opt/airflow/dags/crawler_dag.py
[2024-05-09T04:59:01.065+0000] {processor.py:830} INFO - Processing file /opt/airflow/dags/crawler_dag.py for tasks to queue
[2024-05-09T04:59:01.066+0000] {logging_mixin.py:188} INFO - [2024-05-09T04:59:01.066+0000] {dagbag.py:545} INFO - Filling up the DagBag from /opt/airflow/dags/crawler_dag.py
[2024-05-09T04:59:01.201+0000] {processor.py:840} INFO - DAG(s) 'crawler_dag' retrieved from /opt/airflow/dags/crawler_dag.py
[2024-05-09T04:59:01.220+0000] {logging_mixin.py:188} INFO - [2024-05-09T04:59:01.220+0000] {dag.py:3096} INFO - Sync 1 DAGs
[2024-05-09T04:59:01.240+0000] {logging_mixin.py:188} INFO - [2024-05-09T04:59:01.239+0000] {dag.py:3954} INFO - Setting next_dagrun for crawler_dag to 2024-05-10 00:00:00+00:00, run_after=2024-05-10 01:00:00+00:00
[2024-05-09T04:59:01.256+0000] {processor.py:183} INFO - Processing /opt/airflow/dags/crawler_dag.py took 0.196 seconds
[2024-05-09T04:59:31.894+0000] {processor.py:161} INFO - Started process (PID=333) to work on /opt/airflow/dags/crawler_dag.py
[2024-05-09T04:59:31.895+0000] {processor.py:830} INFO - Processing file /opt/airflow/dags/crawler_dag.py for tasks to queue
[2024-05-09T04:59:31.897+0000] {logging_mixin.py:188} INFO - [2024-05-09T04:59:31.896+0000] {dagbag.py:545} INFO - Filling up the DagBag from /opt/airflow/dags/crawler_dag.py
[2024-05-09T04:59:32.030+0000] {processor.py:840} INFO - DAG(s) 'crawler_dag' retrieved from /opt/airflow/dags/crawler_dag.py
[2024-05-09T04:59:32.050+0000] {logging_mixin.py:188} INFO - [2024-05-09T04:59:32.050+0000] {dag.py:3096} INFO - Sync 1 DAGs
[2024-05-09T04:59:32.069+0000] {logging_mixin.py:188} INFO - [2024-05-09T04:59:32.069+0000] {dag.py:3954} INFO - Setting next_dagrun for crawler_dag to 2024-05-10 00:00:00+00:00, run_after=2024-05-10 01:00:00+00:00
[2024-05-09T04:59:32.085+0000] {processor.py:183} INFO - Processing /opt/airflow/dags/crawler_dag.py took 0.195 seconds
[2024-05-09T05:00:02.591+0000] {processor.py:161} INFO - Started process (PID=353) to work on /opt/airflow/dags/crawler_dag.py
[2024-05-09T05:00:02.592+0000] {processor.py:830} INFO - Processing file /opt/airflow/dags/crawler_dag.py for tasks to queue
[2024-05-09T05:00:02.594+0000] {logging_mixin.py:188} INFO - [2024-05-09T05:00:02.593+0000] {dagbag.py:545} INFO - Filling up the DagBag from /opt/airflow/dags/crawler_dag.py
[2024-05-09T05:00:02.734+0000] {processor.py:840} INFO - DAG(s) 'crawler_dag' retrieved from /opt/airflow/dags/crawler_dag.py
[2024-05-09T05:00:02.753+0000] {logging_mixin.py:188} INFO - [2024-05-09T05:00:02.752+0000] {dag.py:3096} INFO - Sync 1 DAGs
[2024-05-09T05:00:02.772+0000] {logging_mixin.py:188} INFO - [2024-05-09T05:00:02.771+0000] {dag.py:3954} INFO - Setting next_dagrun for crawler_dag to 2024-05-10 00:00:00+00:00, run_after=2024-05-10 01:00:00+00:00
[2024-05-09T05:00:02.788+0000] {processor.py:183} INFO - Processing /opt/airflow/dags/crawler_dag.py took 0.201 seconds
[2024-05-09T05:00:33.363+0000] {processor.py:161} INFO - Started process (PID=414) to work on /opt/airflow/dags/crawler_dag.py
[2024-05-09T05:00:33.364+0000] {processor.py:830} INFO - Processing file /opt/airflow/dags/crawler_dag.py for tasks to queue
[2024-05-09T05:00:33.366+0000] {logging_mixin.py:188} INFO - [2024-05-09T05:00:33.365+0000] {dagbag.py:545} INFO - Filling up the DagBag from /opt/airflow/dags/crawler_dag.py
[2024-05-09T05:00:33.496+0000] {processor.py:840} INFO - DAG(s) 'crawler_dag' retrieved from /opt/airflow/dags/crawler_dag.py
[2024-05-09T05:00:33.515+0000] {logging_mixin.py:188} INFO - [2024-05-09T05:00:33.515+0000] {dag.py:3096} INFO - Sync 1 DAGs
[2024-05-09T05:00:33.534+0000] {logging_mixin.py:188} INFO - [2024-05-09T05:00:33.534+0000] {dag.py:3954} INFO - Setting next_dagrun for crawler_dag to 2024-05-10 00:00:00+00:00, run_after=2024-05-10 01:00:00+00:00
[2024-05-09T05:00:33.550+0000] {processor.py:183} INFO - Processing /opt/airflow/dags/crawler_dag.py took 0.194 seconds
[2024-05-09T05:01:04.122+0000] {processor.py:161} INFO - Started process (PID=489) to work on /opt/airflow/dags/crawler_dag.py
[2024-05-09T05:01:04.123+0000] {processor.py:830} INFO - Processing file /opt/airflow/dags/crawler_dag.py for tasks to queue
[2024-05-09T05:01:04.125+0000] {logging_mixin.py:188} INFO - [2024-05-09T05:01:04.124+0000] {dagbag.py:545} INFO - Filling up the DagBag from /opt/airflow/dags/crawler_dag.py
[2024-05-09T05:01:04.261+0000] {processor.py:840} INFO - DAG(s) 'crawler_dag' retrieved from /opt/airflow/dags/crawler_dag.py
[2024-05-09T05:01:04.280+0000] {logging_mixin.py:188} INFO - [2024-05-09T05:01:04.279+0000] {dag.py:3096} INFO - Sync 1 DAGs
[2024-05-09T05:01:04.298+0000] {logging_mixin.py:188} INFO - [2024-05-09T05:01:04.298+0000] {dag.py:3954} INFO - Setting next_dagrun for crawler_dag to 2024-05-10 00:00:00+00:00, run_after=2024-05-10 01:00:00+00:00
[2024-05-09T05:01:04.314+0000] {processor.py:183} INFO - Processing /opt/airflow/dags/crawler_dag.py took 0.199 seconds
[2024-05-09T05:01:35.121+0000] {processor.py:161} INFO - Started process (PID=545) to work on /opt/airflow/dags/crawler_dag.py
[2024-05-09T05:01:35.122+0000] {processor.py:830} INFO - Processing file /opt/airflow/dags/crawler_dag.py for tasks to queue
[2024-05-09T05:01:35.124+0000] {logging_mixin.py:188} INFO - [2024-05-09T05:01:35.124+0000] {dagbag.py:545} INFO - Filling up the DagBag from /opt/airflow/dags/crawler_dag.py
[2024-05-09T05:01:35.258+0000] {processor.py:840} INFO - DAG(s) 'crawler_dag' retrieved from /opt/airflow/dags/crawler_dag.py
[2024-05-09T05:01:35.277+0000] {logging_mixin.py:188} INFO - [2024-05-09T05:01:35.276+0000] {dag.py:3096} INFO - Sync 1 DAGs
[2024-05-09T05:01:35.298+0000] {logging_mixin.py:188} INFO - [2024-05-09T05:01:35.298+0000] {dag.py:3954} INFO - Setting next_dagrun for crawler_dag to 2024-05-10 00:00:00+00:00, run_after=2024-05-10 01:00:00+00:00
[2024-05-09T05:01:35.315+0000] {processor.py:183} INFO - Processing /opt/airflow/dags/crawler_dag.py took 0.200 seconds
[2024-05-09T05:02:05.848+0000] {processor.py:161} INFO - Started process (PID=565) to work on /opt/airflow/dags/crawler_dag.py
[2024-05-09T05:02:05.849+0000] {processor.py:830} INFO - Processing file /opt/airflow/dags/crawler_dag.py for tasks to queue
[2024-05-09T05:02:05.850+0000] {logging_mixin.py:188} INFO - [2024-05-09T05:02:05.850+0000] {dagbag.py:545} INFO - Filling up the DagBag from /opt/airflow/dags/crawler_dag.py
[2024-05-09T05:02:05.988+0000] {processor.py:840} INFO - DAG(s) 'crawler_dag' retrieved from /opt/airflow/dags/crawler_dag.py
[2024-05-09T05:02:06.010+0000] {logging_mixin.py:188} INFO - [2024-05-09T05:02:06.010+0000] {dag.py:3096} INFO - Sync 1 DAGs
[2024-05-09T05:02:06.032+0000] {logging_mixin.py:188} INFO - [2024-05-09T05:02:06.031+0000] {dag.py:3954} INFO - Setting next_dagrun for crawler_dag to 2024-05-10 00:00:00+00:00, run_after=2024-05-10 01:00:00+00:00
[2024-05-09T05:02:06.050+0000] {processor.py:183} INFO - Processing /opt/airflow/dags/crawler_dag.py took 0.210 seconds
[2024-05-09T05:02:36.692+0000] {processor.py:161} INFO - Started process (PID=585) to work on /opt/airflow/dags/crawler_dag.py
[2024-05-09T05:02:36.693+0000] {processor.py:830} INFO - Processing file /opt/airflow/dags/crawler_dag.py for tasks to queue
[2024-05-09T05:02:36.695+0000] {logging_mixin.py:188} INFO - [2024-05-09T05:02:36.694+0000] {dagbag.py:545} INFO - Filling up the DagBag from /opt/airflow/dags/crawler_dag.py
[2024-05-09T05:02:36.832+0000] {processor.py:840} INFO - DAG(s) 'crawler_dag' retrieved from /opt/airflow/dags/crawler_dag.py
[2024-05-09T05:02:36.852+0000] {logging_mixin.py:188} INFO - [2024-05-09T05:02:36.852+0000] {dag.py:3096} INFO - Sync 1 DAGs
[2024-05-09T05:02:36.872+0000] {logging_mixin.py:188} INFO - [2024-05-09T05:02:36.871+0000] {dag.py:3954} INFO - Setting next_dagrun for crawler_dag to 2024-05-10 00:00:00+00:00, run_after=2024-05-10 01:00:00+00:00
[2024-05-09T05:02:36.889+0000] {processor.py:183} INFO - Processing /opt/airflow/dags/crawler_dag.py took 0.204 seconds
[2024-05-09T05:03:07.347+0000] {processor.py:161} INFO - Started process (PID=605) to work on /opt/airflow/dags/crawler_dag.py
[2024-05-09T05:03:07.348+0000] {processor.py:830} INFO - Processing file /opt/airflow/dags/crawler_dag.py for tasks to queue
[2024-05-09T05:03:07.349+0000] {logging_mixin.py:188} INFO - [2024-05-09T05:03:07.349+0000] {dagbag.py:545} INFO - Filling up the DagBag from /opt/airflow/dags/crawler_dag.py
[2024-05-09T05:03:07.482+0000] {processor.py:840} INFO - DAG(s) 'crawler_dag' retrieved from /opt/airflow/dags/crawler_dag.py
[2024-05-09T05:03:07.502+0000] {logging_mixin.py:188} INFO - [2024-05-09T05:03:07.502+0000] {dag.py:3096} INFO - Sync 1 DAGs
[2024-05-09T05:03:07.522+0000] {logging_mixin.py:188} INFO - [2024-05-09T05:03:07.522+0000] {dag.py:3954} INFO - Setting next_dagrun for crawler_dag to 2024-05-10 00:00:00+00:00, run_after=2024-05-10 01:00:00+00:00
[2024-05-09T05:03:07.539+0000] {processor.py:183} INFO - Processing /opt/airflow/dags/crawler_dag.py took 0.199 seconds
[2024-05-09T05:03:37.967+0000] {processor.py:161} INFO - Started process (PID=625) to work on /opt/airflow/dags/crawler_dag.py
[2024-05-09T05:03:37.968+0000] {processor.py:830} INFO - Processing file /opt/airflow/dags/crawler_dag.py for tasks to queue
[2024-05-09T05:03:37.970+0000] {logging_mixin.py:188} INFO - [2024-05-09T05:03:37.969+0000] {dagbag.py:545} INFO - Filling up the DagBag from /opt/airflow/dags/crawler_dag.py
[2024-05-09T05:03:38.129+0000] {processor.py:840} INFO - DAG(s) 'crawler_dag' retrieved from /opt/airflow/dags/crawler_dag.py
[2024-05-09T05:03:38.153+0000] {logging_mixin.py:188} INFO - [2024-05-09T05:03:38.153+0000] {dag.py:3096} INFO - Sync 1 DAGs
[2024-05-09T05:03:38.172+0000] {logging_mixin.py:188} INFO - [2024-05-09T05:03:38.172+0000] {dag.py:3954} INFO - Setting next_dagrun for crawler_dag to 2024-05-10 00:00:00+00:00, run_after=2024-05-10 01:00:00+00:00
[2024-05-09T05:03:38.189+0000] {processor.py:183} INFO - Processing /opt/airflow/dags/crawler_dag.py took 0.231 seconds
[2024-05-09T05:04:08.655+0000] {processor.py:161} INFO - Started process (PID=645) to work on /opt/airflow/dags/crawler_dag.py
[2024-05-09T05:04:08.655+0000] {processor.py:830} INFO - Processing file /opt/airflow/dags/crawler_dag.py for tasks to queue
[2024-05-09T05:04:08.657+0000] {logging_mixin.py:188} INFO - [2024-05-09T05:04:08.657+0000] {dagbag.py:545} INFO - Filling up the DagBag from /opt/airflow/dags/crawler_dag.py
[2024-05-09T05:04:08.795+0000] {processor.py:840} INFO - DAG(s) 'crawler_dag' retrieved from /opt/airflow/dags/crawler_dag.py
[2024-05-09T05:04:08.814+0000] {logging_mixin.py:188} INFO - [2024-05-09T05:04:08.814+0000] {dag.py:3096} INFO - Sync 1 DAGs
[2024-05-09T05:04:08.834+0000] {logging_mixin.py:188} INFO - [2024-05-09T05:04:08.834+0000] {dag.py:3954} INFO - Setting next_dagrun for crawler_dag to 2024-05-10 00:00:00+00:00, run_after=2024-05-10 01:00:00+00:00
[2024-05-09T05:04:08.853+0000] {processor.py:183} INFO - Processing /opt/airflow/dags/crawler_dag.py took 0.205 seconds
[2024-05-09T05:04:39.647+0000] {processor.py:161} INFO - Started process (PID=665) to work on /opt/airflow/dags/crawler_dag.py
[2024-05-09T05:04:39.648+0000] {processor.py:830} INFO - Processing file /opt/airflow/dags/crawler_dag.py for tasks to queue
[2024-05-09T05:04:39.649+0000] {logging_mixin.py:188} INFO - [2024-05-09T05:04:39.649+0000] {dagbag.py:545} INFO - Filling up the DagBag from /opt/airflow/dags/crawler_dag.py
[2024-05-09T05:04:39.785+0000] {processor.py:840} INFO - DAG(s) 'crawler_dag' retrieved from /opt/airflow/dags/crawler_dag.py
[2024-05-09T05:04:39.803+0000] {logging_mixin.py:188} INFO - [2024-05-09T05:04:39.803+0000] {dag.py:3096} INFO - Sync 1 DAGs
[2024-05-09T05:04:39.823+0000] {logging_mixin.py:188} INFO - [2024-05-09T05:04:39.822+0000] {dag.py:3954} INFO - Setting next_dagrun for crawler_dag to 2024-05-10 00:00:00+00:00, run_after=2024-05-10 01:00:00+00:00
[2024-05-09T05:04:39.838+0000] {processor.py:183} INFO - Processing /opt/airflow/dags/crawler_dag.py took 0.197 seconds
[2024-05-09T05:05:10.318+0000] {processor.py:161} INFO - Started process (PID=685) to work on /opt/airflow/dags/crawler_dag.py
[2024-05-09T05:05:10.319+0000] {processor.py:830} INFO - Processing file /opt/airflow/dags/crawler_dag.py for tasks to queue
[2024-05-09T05:05:10.321+0000] {logging_mixin.py:188} INFO - [2024-05-09T05:05:10.320+0000] {dagbag.py:545} INFO - Filling up the DagBag from /opt/airflow/dags/crawler_dag.py
[2024-05-09T05:05:10.452+0000] {processor.py:840} INFO - DAG(s) 'crawler_dag' retrieved from /opt/airflow/dags/crawler_dag.py
[2024-05-09T05:05:10.472+0000] {logging_mixin.py:188} INFO - [2024-05-09T05:05:10.471+0000] {dag.py:3096} INFO - Sync 1 DAGs
[2024-05-09T05:05:10.491+0000] {logging_mixin.py:188} INFO - [2024-05-09T05:05:10.491+0000] {dag.py:3954} INFO - Setting next_dagrun for crawler_dag to 2024-05-10 00:00:00+00:00, run_after=2024-05-10 01:00:00+00:00
[2024-05-09T05:05:10.508+0000] {processor.py:183} INFO - Processing /opt/airflow/dags/crawler_dag.py took 0.196 seconds
[2024-05-09T05:05:41.187+0000] {processor.py:161} INFO - Started process (PID=705) to work on /opt/airflow/dags/crawler_dag.py
[2024-05-09T05:05:41.187+0000] {processor.py:830} INFO - Processing file /opt/airflow/dags/crawler_dag.py for tasks to queue
[2024-05-09T05:05:41.189+0000] {logging_mixin.py:188} INFO - [2024-05-09T05:05:41.189+0000] {dagbag.py:545} INFO - Filling up the DagBag from /opt/airflow/dags/crawler_dag.py
[2024-05-09T05:05:41.327+0000] {processor.py:840} INFO - DAG(s) 'crawler_dag' retrieved from /opt/airflow/dags/crawler_dag.py
[2024-05-09T05:05:41.349+0000] {logging_mixin.py:188} INFO - [2024-05-09T05:05:41.348+0000] {dag.py:3096} INFO - Sync 1 DAGs
[2024-05-09T05:05:41.368+0000] {logging_mixin.py:188} INFO - [2024-05-09T05:05:41.368+0000] {dag.py:3954} INFO - Setting next_dagrun for crawler_dag to 2024-05-10 00:00:00+00:00, run_after=2024-05-10 01:00:00+00:00
[2024-05-09T05:05:41.385+0000] {processor.py:183} INFO - Processing /opt/airflow/dags/crawler_dag.py took 0.206 seconds
[2024-05-09T05:06:11.865+0000] {processor.py:161} INFO - Started process (PID=725) to work on /opt/airflow/dags/crawler_dag.py
[2024-05-09T05:06:11.865+0000] {processor.py:830} INFO - Processing file /opt/airflow/dags/crawler_dag.py for tasks to queue
[2024-05-09T05:06:11.867+0000] {logging_mixin.py:188} INFO - [2024-05-09T05:06:11.867+0000] {dagbag.py:545} INFO - Filling up the DagBag from /opt/airflow/dags/crawler_dag.py
[2024-05-09T05:06:11.999+0000] {processor.py:840} INFO - DAG(s) 'crawler_dag' retrieved from /opt/airflow/dags/crawler_dag.py
[2024-05-09T05:06:12.018+0000] {logging_mixin.py:188} INFO - [2024-05-09T05:06:12.018+0000] {dag.py:3096} INFO - Sync 1 DAGs
[2024-05-09T05:06:12.036+0000] {logging_mixin.py:188} INFO - [2024-05-09T05:06:12.036+0000] {dag.py:3954} INFO - Setting next_dagrun for crawler_dag to 2024-05-10 00:00:00+00:00, run_after=2024-05-10 01:00:00+00:00
[2024-05-09T05:06:12.052+0000] {processor.py:183} INFO - Processing /opt/airflow/dags/crawler_dag.py took 0.194 seconds
[2024-05-09T05:06:42.770+0000] {processor.py:161} INFO - Started process (PID=745) to work on /opt/airflow/dags/crawler_dag.py
[2024-05-09T05:06:42.771+0000] {processor.py:830} INFO - Processing file /opt/airflow/dags/crawler_dag.py for tasks to queue
[2024-05-09T05:06:42.773+0000] {logging_mixin.py:188} INFO - [2024-05-09T05:06:42.773+0000] {dagbag.py:545} INFO - Filling up the DagBag from /opt/airflow/dags/crawler_dag.py
[2024-05-09T05:06:42.910+0000] {processor.py:840} INFO - DAG(s) 'crawler_dag' retrieved from /opt/airflow/dags/crawler_dag.py
[2024-05-09T05:06:42.930+0000] {logging_mixin.py:188} INFO - [2024-05-09T05:06:42.930+0000] {dag.py:3096} INFO - Sync 1 DAGs
[2024-05-09T05:06:42.950+0000] {logging_mixin.py:188} INFO - [2024-05-09T05:06:42.950+0000] {dag.py:3954} INFO - Setting next_dagrun for crawler_dag to 2024-05-10 00:00:00+00:00, run_after=2024-05-10 01:00:00+00:00
[2024-05-09T05:06:42.966+0000] {processor.py:183} INFO - Processing /opt/airflow/dags/crawler_dag.py took 0.202 seconds
[2024-05-09T05:07:13.459+0000] {processor.py:161} INFO - Started process (PID=765) to work on /opt/airflow/dags/crawler_dag.py
[2024-05-09T05:07:13.460+0000] {processor.py:830} INFO - Processing file /opt/airflow/dags/crawler_dag.py for tasks to queue
[2024-05-09T05:07:13.462+0000] {logging_mixin.py:188} INFO - [2024-05-09T05:07:13.461+0000] {dagbag.py:545} INFO - Filling up the DagBag from /opt/airflow/dags/crawler_dag.py
[2024-05-09T05:07:13.592+0000] {processor.py:840} INFO - DAG(s) 'crawler_dag' retrieved from /opt/airflow/dags/crawler_dag.py
[2024-05-09T05:07:13.611+0000] {logging_mixin.py:188} INFO - [2024-05-09T05:07:13.610+0000] {dag.py:3096} INFO - Sync 1 DAGs
[2024-05-09T05:07:13.629+0000] {logging_mixin.py:188} INFO - [2024-05-09T05:07:13.629+0000] {dag.py:3954} INFO - Setting next_dagrun for crawler_dag to 2024-05-10 00:00:00+00:00, run_after=2024-05-10 01:00:00+00:00
[2024-05-09T05:07:13.645+0000] {processor.py:183} INFO - Processing /opt/airflow/dags/crawler_dag.py took 0.193 seconds
[2024-05-09T05:07:44.049+0000] {processor.py:161} INFO - Started process (PID=785) to work on /opt/airflow/dags/crawler_dag.py
[2024-05-09T05:07:44.050+0000] {processor.py:830} INFO - Processing file /opt/airflow/dags/crawler_dag.py for tasks to queue
[2024-05-09T05:07:44.051+0000] {logging_mixin.py:188} INFO - [2024-05-09T05:07:44.051+0000] {dagbag.py:545} INFO - Filling up the DagBag from /opt/airflow/dags/crawler_dag.py
[2024-05-09T05:07:44.192+0000] {processor.py:840} INFO - DAG(s) 'crawler_dag' retrieved from /opt/airflow/dags/crawler_dag.py
[2024-05-09T05:07:44.211+0000] {logging_mixin.py:188} INFO - [2024-05-09T05:07:44.210+0000] {dag.py:3096} INFO - Sync 1 DAGs
[2024-05-09T05:07:44.232+0000] {logging_mixin.py:188} INFO - [2024-05-09T05:07:44.232+0000] {dag.py:3954} INFO - Setting next_dagrun for crawler_dag to 2024-05-10 00:00:00+00:00, run_after=2024-05-10 01:00:00+00:00
[2024-05-09T05:07:44.267+0000] {processor.py:183} INFO - Processing /opt/airflow/dags/crawler_dag.py took 0.225 seconds
[2024-05-09T05:08:14.810+0000] {processor.py:161} INFO - Started process (PID=805) to work on /opt/airflow/dags/crawler_dag.py
[2024-05-09T05:08:14.811+0000] {processor.py:830} INFO - Processing file /opt/airflow/dags/crawler_dag.py for tasks to queue
[2024-05-09T05:08:14.812+0000] {logging_mixin.py:188} INFO - [2024-05-09T05:08:14.812+0000] {dagbag.py:545} INFO - Filling up the DagBag from /opt/airflow/dags/crawler_dag.py
[2024-05-09T05:08:14.947+0000] {processor.py:840} INFO - DAG(s) 'crawler_dag' retrieved from /opt/airflow/dags/crawler_dag.py
[2024-05-09T05:08:14.965+0000] {logging_mixin.py:188} INFO - [2024-05-09T05:08:14.965+0000] {dag.py:3096} INFO - Sync 1 DAGs
[2024-05-09T05:08:14.983+0000] {logging_mixin.py:188} INFO - [2024-05-09T05:08:14.983+0000] {dag.py:3954} INFO - Setting next_dagrun for crawler_dag to 2024-05-10 00:00:00+00:00, run_after=2024-05-10 01:00:00+00:00
[2024-05-09T05:08:15.000+0000] {processor.py:183} INFO - Processing /opt/airflow/dags/crawler_dag.py took 0.197 seconds
[2024-05-09T05:08:45.618+0000] {processor.py:161} INFO - Started process (PID=825) to work on /opt/airflow/dags/crawler_dag.py
[2024-05-09T05:08:45.618+0000] {processor.py:830} INFO - Processing file /opt/airflow/dags/crawler_dag.py for tasks to queue
[2024-05-09T05:08:45.620+0000] {logging_mixin.py:188} INFO - [2024-05-09T05:08:45.620+0000] {dagbag.py:545} INFO - Filling up the DagBag from /opt/airflow/dags/crawler_dag.py
[2024-05-09T05:08:45.754+0000] {processor.py:840} INFO - DAG(s) 'crawler_dag' retrieved from /opt/airflow/dags/crawler_dag.py
[2024-05-09T05:08:45.773+0000] {logging_mixin.py:188} INFO - [2024-05-09T05:08:45.772+0000] {dag.py:3096} INFO - Sync 1 DAGs
[2024-05-09T05:08:45.792+0000] {logging_mixin.py:188} INFO - [2024-05-09T05:08:45.791+0000] {dag.py:3954} INFO - Setting next_dagrun for crawler_dag to 2024-05-10 00:00:00+00:00, run_after=2024-05-10 01:00:00+00:00
[2024-05-09T05:08:45.807+0000] {processor.py:183} INFO - Processing /opt/airflow/dags/crawler_dag.py took 0.197 seconds
[2024-05-09T05:09:16.481+0000] {processor.py:161} INFO - Started process (PID=845) to work on /opt/airflow/dags/crawler_dag.py
[2024-05-09T05:09:16.482+0000] {processor.py:830} INFO - Processing file /opt/airflow/dags/crawler_dag.py for tasks to queue
[2024-05-09T05:09:16.483+0000] {logging_mixin.py:188} INFO - [2024-05-09T05:09:16.483+0000] {dagbag.py:545} INFO - Filling up the DagBag from /opt/airflow/dags/crawler_dag.py
[2024-05-09T05:09:16.628+0000] {processor.py:840} INFO - DAG(s) 'crawler_dag' retrieved from /opt/airflow/dags/crawler_dag.py
[2024-05-09T05:09:16.647+0000] {logging_mixin.py:188} INFO - [2024-05-09T05:09:16.647+0000] {dag.py:3096} INFO - Sync 1 DAGs
[2024-05-09T05:09:16.667+0000] {logging_mixin.py:188} INFO - [2024-05-09T05:09:16.667+0000] {dag.py:3954} INFO - Setting next_dagrun for crawler_dag to 2024-05-10 00:00:00+00:00, run_after=2024-05-10 01:00:00+00:00
[2024-05-09T05:09:16.684+0000] {processor.py:183} INFO - Processing /opt/airflow/dags/crawler_dag.py took 0.210 seconds
[2024-05-09T05:09:41.199+0000] {processor.py:161} INFO - Started process (PID=193) to work on /opt/airflow/dags/crawler_dag.py
[2024-05-09T05:09:41.200+0000] {processor.py:830} INFO - Processing file /opt/airflow/dags/crawler_dag.py for tasks to queue
[2024-05-09T05:09:41.202+0000] {logging_mixin.py:188} INFO - [2024-05-09T05:09:41.202+0000] {dagbag.py:545} INFO - Filling up the DagBag from /opt/airflow/dags/crawler_dag.py
[2024-05-09T05:09:41.341+0000] {processor.py:840} INFO - DAG(s) 'crawler_dag' retrieved from /opt/airflow/dags/crawler_dag.py
[2024-05-09T05:09:41.363+0000] {logging_mixin.py:188} INFO - [2024-05-09T05:09:41.363+0000] {dag.py:3096} INFO - Sync 1 DAGs
[2024-05-09T05:09:41.383+0000] {logging_mixin.py:188} INFO - [2024-05-09T05:09:41.383+0000] {dag.py:3954} INFO - Setting next_dagrun for crawler_dag to 2024-05-10 00:00:00+00:00, run_after=2024-05-10 01:00:00+00:00
[2024-05-09T05:09:41.400+0000] {processor.py:183} INFO - Processing /opt/airflow/dags/crawler_dag.py took 0.204 seconds
[2024-05-09T05:10:11.799+0000] {processor.py:161} INFO - Started process (PID=274) to work on /opt/airflow/dags/crawler_dag.py
[2024-05-09T05:10:11.800+0000] {processor.py:830} INFO - Processing file /opt/airflow/dags/crawler_dag.py for tasks to queue
[2024-05-09T05:10:11.802+0000] {logging_mixin.py:188} INFO - [2024-05-09T05:10:11.802+0000] {dagbag.py:545} INFO - Filling up the DagBag from /opt/airflow/dags/crawler_dag.py
[2024-05-09T05:10:11.934+0000] {processor.py:840} INFO - DAG(s) 'crawler_dag' retrieved from /opt/airflow/dags/crawler_dag.py
[2024-05-09T05:10:12.015+0000] {logging_mixin.py:188} INFO - [2024-05-09T05:10:12.015+0000] {dag.py:3096} INFO - Sync 1 DAGs
[2024-05-09T05:10:12.034+0000] {logging_mixin.py:188} INFO - [2024-05-09T05:10:12.034+0000] {dag.py:3954} INFO - Setting next_dagrun for crawler_dag to 2024-05-10 00:00:00+00:00, run_after=2024-05-10 01:00:00+00:00
[2024-05-09T05:10:12.051+0000] {processor.py:183} INFO - Processing /opt/airflow/dags/crawler_dag.py took 0.256 seconds
[2024-05-09T05:10:42.670+0000] {processor.py:161} INFO - Started process (PID=311) to work on /opt/airflow/dags/crawler_dag.py
[2024-05-09T05:10:42.671+0000] {processor.py:830} INFO - Processing file /opt/airflow/dags/crawler_dag.py for tasks to queue
[2024-05-09T05:10:42.673+0000] {logging_mixin.py:188} INFO - [2024-05-09T05:10:42.672+0000] {dagbag.py:545} INFO - Filling up the DagBag from /opt/airflow/dags/crawler_dag.py
[2024-05-09T05:10:42.813+0000] {processor.py:840} INFO - DAG(s) 'crawler_dag' retrieved from /opt/airflow/dags/crawler_dag.py
[2024-05-09T05:10:42.831+0000] {logging_mixin.py:188} INFO - [2024-05-09T05:10:42.830+0000] {dag.py:3096} INFO - Sync 1 DAGs
[2024-05-09T05:10:42.849+0000] {logging_mixin.py:188} INFO - [2024-05-09T05:10:42.848+0000] {dag.py:3954} INFO - Setting next_dagrun for crawler_dag to 2024-05-10 00:00:00+00:00, run_after=2024-05-10 01:00:00+00:00
[2024-05-09T05:10:42.865+0000] {processor.py:183} INFO - Processing /opt/airflow/dags/crawler_dag.py took 0.198 seconds
[2024-05-09T05:11:13.594+0000] {processor.py:161} INFO - Started process (PID=342) to work on /opt/airflow/dags/crawler_dag.py
[2024-05-09T05:11:13.595+0000] {processor.py:830} INFO - Processing file /opt/airflow/dags/crawler_dag.py for tasks to queue
[2024-05-09T05:11:13.597+0000] {logging_mixin.py:188} INFO - [2024-05-09T05:11:13.597+0000] {dagbag.py:545} INFO - Filling up the DagBag from /opt/airflow/dags/crawler_dag.py
[2024-05-09T05:11:13.735+0000] {processor.py:840} INFO - DAG(s) 'crawler_dag' retrieved from /opt/airflow/dags/crawler_dag.py
[2024-05-09T05:11:13.756+0000] {logging_mixin.py:188} INFO - [2024-05-09T05:11:13.755+0000] {dag.py:3096} INFO - Sync 1 DAGs
[2024-05-09T05:11:13.776+0000] {logging_mixin.py:188} INFO - [2024-05-09T05:11:13.776+0000] {dag.py:3954} INFO - Setting next_dagrun for crawler_dag to 2024-05-10 00:00:00+00:00, run_after=2024-05-10 01:00:00+00:00
[2024-05-09T05:11:13.791+0000] {processor.py:183} INFO - Processing /opt/airflow/dags/crawler_dag.py took 0.201 seconds
[2024-05-09T05:11:44.319+0000] {processor.py:161} INFO - Started process (PID=379) to work on /opt/airflow/dags/crawler_dag.py
[2024-05-09T05:11:44.320+0000] {processor.py:830} INFO - Processing file /opt/airflow/dags/crawler_dag.py for tasks to queue
[2024-05-09T05:11:44.321+0000] {logging_mixin.py:188} INFO - [2024-05-09T05:11:44.321+0000] {dagbag.py:545} INFO - Filling up the DagBag from /opt/airflow/dags/crawler_dag.py
[2024-05-09T05:11:44.458+0000] {processor.py:840} INFO - DAG(s) 'crawler_dag' retrieved from /opt/airflow/dags/crawler_dag.py
[2024-05-09T05:11:44.478+0000] {logging_mixin.py:188} INFO - [2024-05-09T05:11:44.478+0000] {dag.py:3096} INFO - Sync 1 DAGs
[2024-05-09T05:11:44.497+0000] {logging_mixin.py:188} INFO - [2024-05-09T05:11:44.497+0000] {dag.py:3954} INFO - Setting next_dagrun for crawler_dag to 2024-05-10 00:00:00+00:00, run_after=2024-05-10 01:00:00+00:00
[2024-05-09T05:11:44.515+0000] {processor.py:183} INFO - Processing /opt/airflow/dags/crawler_dag.py took 0.200 seconds
[2024-05-09T05:12:15.085+0000] {processor.py:161} INFO - Started process (PID=399) to work on /opt/airflow/dags/crawler_dag.py
[2024-05-09T05:12:15.086+0000] {processor.py:830} INFO - Processing file /opt/airflow/dags/crawler_dag.py for tasks to queue
[2024-05-09T05:12:15.087+0000] {logging_mixin.py:188} INFO - [2024-05-09T05:12:15.087+0000] {dagbag.py:545} INFO - Filling up the DagBag from /opt/airflow/dags/crawler_dag.py
[2024-05-09T05:12:15.234+0000] {processor.py:840} INFO - DAG(s) 'crawler_dag' retrieved from /opt/airflow/dags/crawler_dag.py
[2024-05-09T05:12:15.255+0000] {logging_mixin.py:188} INFO - [2024-05-09T05:12:15.255+0000] {dag.py:3096} INFO - Sync 1 DAGs
[2024-05-09T05:12:15.277+0000] {logging_mixin.py:188} INFO - [2024-05-09T05:12:15.276+0000] {dag.py:3954} INFO - Setting next_dagrun for crawler_dag to 2024-05-10 00:00:00+00:00, run_after=2024-05-10 01:00:00+00:00
[2024-05-09T05:12:15.292+0000] {processor.py:183} INFO - Processing /opt/airflow/dags/crawler_dag.py took 0.212 seconds
[2024-05-09T05:12:46.014+0000] {processor.py:161} INFO - Started process (PID=419) to work on /opt/airflow/dags/crawler_dag.py
[2024-05-09T05:12:46.015+0000] {processor.py:830} INFO - Processing file /opt/airflow/dags/crawler_dag.py for tasks to queue
[2024-05-09T05:12:46.016+0000] {logging_mixin.py:188} INFO - [2024-05-09T05:12:46.016+0000] {dagbag.py:545} INFO - Filling up the DagBag from /opt/airflow/dags/crawler_dag.py
[2024-05-09T05:12:46.160+0000] {logging_mixin.py:188} INFO - [2024-05-09T05:12:46.155+0000] {dagbag.py:355} ERROR - Failed to import: /opt/airflow/dags/crawler_dag.py
Traceback (most recent call last):
  File "/home/airflow/.local/lib/python3.12/site-packages/airflow/models/dagbag.py", line 351, in parse
    loader.exec_module(new_module)
  File "<frozen importlib._bootstrap_external>", line 995, in exec_module
  File "<frozen importlib._bootstrap>", line 488, in _call_with_frames_removed
  File "/opt/airflow/dags/crawler_dag.py", line 6, in <module>
    from src.database import insert_data_to_table
  File "/opt/airflow/dags/src/database.py", line 1
    import psycopg2-binary
                   ^
SyntaxError: invalid syntax
[2024-05-09T05:12:46.162+0000] {processor.py:842} WARNING - No viable dags retrieved from /opt/airflow/dags/crawler_dag.py
[2024-05-09T05:12:46.179+0000] {processor.py:183} INFO - Processing /opt/airflow/dags/crawler_dag.py took 0.170 seconds
[2024-05-09T05:13:16.857+0000] {processor.py:161} INFO - Started process (PID=439) to work on /opt/airflow/dags/crawler_dag.py
[2024-05-09T05:13:16.858+0000] {processor.py:830} INFO - Processing file /opt/airflow/dags/crawler_dag.py for tasks to queue
[2024-05-09T05:13:16.859+0000] {logging_mixin.py:188} INFO - [2024-05-09T05:13:16.859+0000] {dagbag.py:545} INFO - Filling up the DagBag from /opt/airflow/dags/crawler_dag.py
[2024-05-09T05:13:16.999+0000] {logging_mixin.py:188} INFO - [2024-05-09T05:13:16.994+0000] {dagbag.py:355} ERROR - Failed to import: /opt/airflow/dags/crawler_dag.py
Traceback (most recent call last):
  File "/home/airflow/.local/lib/python3.12/site-packages/airflow/models/dagbag.py", line 351, in parse
    loader.exec_module(new_module)
  File "<frozen importlib._bootstrap_external>", line 995, in exec_module
  File "<frozen importlib._bootstrap>", line 488, in _call_with_frames_removed
  File "/opt/airflow/dags/crawler_dag.py", line 6, in <module>
    from src.database import insert_data_to_table
  File "/opt/airflow/dags/src/database.py", line 1
    import psycopg2-binary
                   ^
SyntaxError: invalid syntax
[2024-05-09T05:13:17.001+0000] {processor.py:842} WARNING - No viable dags retrieved from /opt/airflow/dags/crawler_dag.py
[2024-05-09T05:13:17.018+0000] {processor.py:183} INFO - Processing /opt/airflow/dags/crawler_dag.py took 0.165 seconds
[2024-05-09T05:13:47.574+0000] {processor.py:161} INFO - Started process (PID=459) to work on /opt/airflow/dags/crawler_dag.py
[2024-05-09T05:13:47.575+0000] {processor.py:830} INFO - Processing file /opt/airflow/dags/crawler_dag.py for tasks to queue
[2024-05-09T05:13:47.576+0000] {logging_mixin.py:188} INFO - [2024-05-09T05:13:47.576+0000] {dagbag.py:545} INFO - Filling up the DagBag from /opt/airflow/dags/crawler_dag.py
[2024-05-09T05:13:47.714+0000] {processor.py:840} INFO - DAG(s) 'crawler_dag' retrieved from /opt/airflow/dags/crawler_dag.py
[2024-05-09T05:13:47.800+0000] {logging_mixin.py:188} INFO - [2024-05-09T05:13:47.800+0000] {dag.py:3096} INFO - Sync 1 DAGs
[2024-05-09T05:13:47.817+0000] {logging_mixin.py:188} INFO - [2024-05-09T05:13:47.817+0000] {dag.py:3954} INFO - Setting next_dagrun for crawler_dag to 2024-05-10 00:00:00+00:00, run_after=2024-05-10 01:00:00+00:00
[2024-05-09T05:13:47.835+0000] {processor.py:183} INFO - Processing /opt/airflow/dags/crawler_dag.py took 0.265 seconds
[2024-05-09T05:14:18.333+0000] {processor.py:161} INFO - Started process (PID=479) to work on /opt/airflow/dags/crawler_dag.py
[2024-05-09T05:14:18.334+0000] {processor.py:830} INFO - Processing file /opt/airflow/dags/crawler_dag.py for tasks to queue
[2024-05-09T05:14:18.335+0000] {logging_mixin.py:188} INFO - [2024-05-09T05:14:18.335+0000] {dagbag.py:545} INFO - Filling up the DagBag from /opt/airflow/dags/crawler_dag.py
[2024-05-09T05:14:18.479+0000] {processor.py:840} INFO - DAG(s) 'crawler_dag' retrieved from /opt/airflow/dags/crawler_dag.py
[2024-05-09T05:14:18.499+0000] {logging_mixin.py:188} INFO - [2024-05-09T05:14:18.499+0000] {dag.py:3096} INFO - Sync 1 DAGs
[2024-05-09T05:14:18.517+0000] {logging_mixin.py:188} INFO - [2024-05-09T05:14:18.517+0000] {dag.py:3954} INFO - Setting next_dagrun for crawler_dag to 2024-05-10 00:00:00+00:00, run_after=2024-05-10 01:00:00+00:00
[2024-05-09T05:14:18.534+0000] {processor.py:183} INFO - Processing /opt/airflow/dags/crawler_dag.py took 0.205 seconds
[2024-05-09T05:14:48.660+0000] {processor.py:161} INFO - Started process (PID=506) to work on /opt/airflow/dags/crawler_dag.py
[2024-05-09T05:14:48.661+0000] {processor.py:830} INFO - Processing file /opt/airflow/dags/crawler_dag.py for tasks to queue
[2024-05-09T05:14:48.662+0000] {logging_mixin.py:188} INFO - [2024-05-09T05:14:48.662+0000] {dagbag.py:545} INFO - Filling up the DagBag from /opt/airflow/dags/crawler_dag.py
[2024-05-09T05:14:48.803+0000] {processor.py:840} INFO - DAG(s) 'crawler_dag' retrieved from /opt/airflow/dags/crawler_dag.py
[2024-05-09T05:14:48.820+0000] {logging_mixin.py:188} INFO - [2024-05-09T05:14:48.820+0000] {dag.py:3096} INFO - Sync 1 DAGs
[2024-05-09T05:14:48.839+0000] {logging_mixin.py:188} INFO - [2024-05-09T05:14:48.839+0000] {dag.py:3954} INFO - Setting next_dagrun for crawler_dag to 2024-05-10 00:00:00+00:00, run_after=2024-05-10 01:00:00+00:00
[2024-05-09T05:14:48.854+0000] {processor.py:183} INFO - Processing /opt/airflow/dags/crawler_dag.py took 0.198 seconds
[2024-05-09T05:15:18.933+0000] {processor.py:161} INFO - Started process (PID=546) to work on /opt/airflow/dags/crawler_dag.py
[2024-05-09T05:15:18.933+0000] {processor.py:830} INFO - Processing file /opt/airflow/dags/crawler_dag.py for tasks to queue
[2024-05-09T05:15:18.934+0000] {logging_mixin.py:188} INFO - [2024-05-09T05:15:18.934+0000] {dagbag.py:545} INFO - Filling up the DagBag from /opt/airflow/dags/crawler_dag.py
[2024-05-09T05:15:19.078+0000] {processor.py:840} INFO - DAG(s) 'crawler_dag' retrieved from /opt/airflow/dags/crawler_dag.py
[2024-05-09T05:15:19.097+0000] {logging_mixin.py:188} INFO - [2024-05-09T05:15:19.096+0000] {dag.py:3096} INFO - Sync 1 DAGs
[2024-05-09T05:15:19.114+0000] {logging_mixin.py:188} INFO - [2024-05-09T05:15:19.114+0000] {dag.py:3954} INFO - Setting next_dagrun for crawler_dag to 2024-05-10 00:00:00+00:00, run_after=2024-05-10 01:00:00+00:00
[2024-05-09T05:15:19.129+0000] {processor.py:183} INFO - Processing /opt/airflow/dags/crawler_dag.py took 0.201 seconds
[2024-05-09T05:15:57.479+0000] {processor.py:161} INFO - Started process (PID=205) to work on /opt/airflow/dags/crawler_dag.py
[2024-05-09T05:15:57.480+0000] {processor.py:830} INFO - Processing file /opt/airflow/dags/crawler_dag.py for tasks to queue
[2024-05-09T05:15:57.482+0000] {logging_mixin.py:188} INFO - [2024-05-09T05:15:57.481+0000] {dagbag.py:545} INFO - Filling up the DagBag from /opt/airflow/dags/crawler_dag.py
[2024-05-09T05:15:57.632+0000] {processor.py:840} INFO - DAG(s) 'crawler_dag' retrieved from /opt/airflow/dags/crawler_dag.py
[2024-05-09T05:15:57.644+0000] {logging_mixin.py:188} INFO - [2024-05-09T05:15:57.644+0000] {dag.py:3096} INFO - Sync 1 DAGs
[2024-05-09T05:15:57.663+0000] {logging_mixin.py:188} INFO - [2024-05-09T05:15:57.662+0000] {dag.py:3954} INFO - Setting next_dagrun for crawler_dag to 2024-05-10 00:00:00+00:00, run_after=2024-05-10 01:00:00+00:00
[2024-05-09T05:15:57.678+0000] {processor.py:183} INFO - Processing /opt/airflow/dags/crawler_dag.py took 0.203 seconds
[2024-05-09T05:16:27.817+0000] {processor.py:161} INFO - Started process (PID=247) to work on /opt/airflow/dags/crawler_dag.py
[2024-05-09T05:16:27.818+0000] {processor.py:830} INFO - Processing file /opt/airflow/dags/crawler_dag.py for tasks to queue
[2024-05-09T05:16:27.820+0000] {logging_mixin.py:188} INFO - [2024-05-09T05:16:27.819+0000] {dagbag.py:545} INFO - Filling up the DagBag from /opt/airflow/dags/crawler_dag.py
[2024-05-09T05:16:27.970+0000] {processor.py:840} INFO - DAG(s) 'crawler_dag' retrieved from /opt/airflow/dags/crawler_dag.py
[2024-05-09T05:16:27.982+0000] {logging_mixin.py:188} INFO - [2024-05-09T05:16:27.982+0000] {dag.py:3096} INFO - Sync 1 DAGs
[2024-05-09T05:16:28.002+0000] {logging_mixin.py:188} INFO - [2024-05-09T05:16:28.002+0000] {dag.py:3954} INFO - Setting next_dagrun for crawler_dag to 2024-05-10 00:00:00+00:00, run_after=2024-05-10 01:00:00+00:00
[2024-05-09T05:16:28.020+0000] {processor.py:183} INFO - Processing /opt/airflow/dags/crawler_dag.py took 0.207 seconds
