[2024-05-09T04:41:48.213+0000] {processor.py:161} INFO - Started process (PID=198) to work on /opt/airflow/dags/database_dag.py
[2024-05-09T04:41:48.214+0000] {processor.py:830} INFO - Processing file /opt/airflow/dags/database_dag.py for tasks to queue
[2024-05-09T04:41:48.215+0000] {logging_mixin.py:188} INFO - [2024-05-09T04:41:48.215+0000] {dagbag.py:545} INFO - Filling up the DagBag from /opt/airflow/dags/database_dag.py
[2024-05-09T04:41:48.269+0000] {processor.py:840} INFO - DAG(s) 'insert_data_dag' retrieved from /opt/airflow/dags/database_dag.py
[2024-05-09T04:41:48.281+0000] {logging_mixin.py:188} INFO - [2024-05-09T04:41:48.281+0000] {dag.py:3096} INFO - Sync 1 DAGs
[2024-05-09T04:41:48.292+0000] {logging_mixin.py:188} INFO - [2024-05-09T04:41:48.291+0000] {dag.py:3954} INFO - Setting next_dagrun for insert_data_dag to None, run_after=None
[2024-05-09T04:41:48.309+0000] {processor.py:183} INFO - Processing /opt/airflow/dags/database_dag.py took 0.100 seconds
[2024-05-09T04:42:19.109+0000] {processor.py:161} INFO - Started process (PID=237) to work on /opt/airflow/dags/database_dag.py
[2024-05-09T04:42:19.110+0000] {processor.py:830} INFO - Processing file /opt/airflow/dags/database_dag.py for tasks to queue
[2024-05-09T04:42:19.111+0000] {logging_mixin.py:188} INFO - [2024-05-09T04:42:19.111+0000] {dagbag.py:545} INFO - Filling up the DagBag from /opt/airflow/dags/database_dag.py
[2024-05-09T04:42:19.174+0000] {processor.py:840} INFO - DAG(s) 'insert_data_dag' retrieved from /opt/airflow/dags/database_dag.py
[2024-05-09T04:42:19.253+0000] {logging_mixin.py:188} INFO - [2024-05-09T04:42:19.253+0000] {dag.py:3096} INFO - Sync 1 DAGs
[2024-05-09T04:42:19.283+0000] {logging_mixin.py:188} INFO - [2024-05-09T04:42:19.283+0000] {dag.py:3954} INFO - Setting next_dagrun for insert_data_dag to None, run_after=None
[2024-05-09T04:42:19.300+0000] {processor.py:183} INFO - Processing /opt/airflow/dags/database_dag.py took 0.196 seconds
[2024-05-09T04:42:50.944+0000] {processor.py:161} INFO - Started process (PID=198) to work on /opt/airflow/dags/database_dag.py
[2024-05-09T04:42:50.945+0000] {processor.py:830} INFO - Processing file /opt/airflow/dags/database_dag.py for tasks to queue
[2024-05-09T04:42:50.946+0000] {logging_mixin.py:188} INFO - [2024-05-09T04:42:50.946+0000] {dagbag.py:545} INFO - Filling up the DagBag from /opt/airflow/dags/database_dag.py
[2024-05-09T04:42:50.999+0000] {processor.py:840} INFO - DAG(s) 'insert_data_dag' retrieved from /opt/airflow/dags/database_dag.py
[2024-05-09T04:42:51.011+0000] {logging_mixin.py:188} INFO - [2024-05-09T04:42:51.011+0000] {dag.py:3096} INFO - Sync 1 DAGs
[2024-05-09T04:42:51.021+0000] {logging_mixin.py:188} INFO - [2024-05-09T04:42:51.021+0000] {dag.py:3954} INFO - Setting next_dagrun for insert_data_dag to None, run_after=None
[2024-05-09T04:42:51.038+0000] {processor.py:183} INFO - Processing /opt/airflow/dags/database_dag.py took 0.098 seconds
[2024-05-09T04:43:21.768+0000] {processor.py:161} INFO - Started process (PID=238) to work on /opt/airflow/dags/database_dag.py
[2024-05-09T04:43:21.769+0000] {processor.py:830} INFO - Processing file /opt/airflow/dags/database_dag.py for tasks to queue
[2024-05-09T04:43:21.770+0000] {logging_mixin.py:188} INFO - [2024-05-09T04:43:21.770+0000] {dagbag.py:545} INFO - Filling up the DagBag from /opt/airflow/dags/database_dag.py
[2024-05-09T04:43:21.831+0000] {processor.py:840} INFO - DAG(s) 'insert_data_dag' retrieved from /opt/airflow/dags/database_dag.py
[2024-05-09T04:43:21.920+0000] {logging_mixin.py:188} INFO - [2024-05-09T04:43:21.920+0000] {dag.py:3096} INFO - Sync 1 DAGs
[2024-05-09T04:43:21.929+0000] {logging_mixin.py:188} INFO - [2024-05-09T04:43:21.929+0000] {dag.py:3954} INFO - Setting next_dagrun for insert_data_dag to None, run_after=None
[2024-05-09T04:43:21.947+0000] {processor.py:183} INFO - Processing /opt/airflow/dags/database_dag.py took 0.183 seconds
[2024-05-09T04:43:52.605+0000] {processor.py:161} INFO - Started process (PID=258) to work on /opt/airflow/dags/database_dag.py
[2024-05-09T04:43:52.606+0000] {processor.py:830} INFO - Processing file /opt/airflow/dags/database_dag.py for tasks to queue
[2024-05-09T04:43:52.607+0000] {logging_mixin.py:188} INFO - [2024-05-09T04:43:52.607+0000] {dagbag.py:545} INFO - Filling up the DagBag from /opt/airflow/dags/database_dag.py
[2024-05-09T04:43:52.668+0000] {processor.py:840} INFO - DAG(s) 'insert_data_dag' retrieved from /opt/airflow/dags/database_dag.py
[2024-05-09T04:43:52.686+0000] {logging_mixin.py:188} INFO - [2024-05-09T04:43:52.686+0000] {dag.py:3096} INFO - Sync 1 DAGs
[2024-05-09T04:43:52.698+0000] {logging_mixin.py:188} INFO - [2024-05-09T04:43:52.698+0000] {dag.py:3954} INFO - Setting next_dagrun for insert_data_dag to None, run_after=None
[2024-05-09T04:43:52.716+0000] {processor.py:183} INFO - Processing /opt/airflow/dags/database_dag.py took 0.115 seconds
[2024-05-09T04:44:23.502+0000] {processor.py:161} INFO - Started process (PID=278) to work on /opt/airflow/dags/database_dag.py
[2024-05-09T04:44:23.502+0000] {processor.py:830} INFO - Processing file /opt/airflow/dags/database_dag.py for tasks to queue
[2024-05-09T04:44:23.504+0000] {logging_mixin.py:188} INFO - [2024-05-09T04:44:23.504+0000] {dagbag.py:545} INFO - Filling up the DagBag from /opt/airflow/dags/database_dag.py
[2024-05-09T04:44:23.559+0000] {processor.py:840} INFO - DAG(s) 'insert_data_dag' retrieved from /opt/airflow/dags/database_dag.py
[2024-05-09T04:44:23.640+0000] {logging_mixin.py:188} INFO - [2024-05-09T04:44:23.640+0000] {dag.py:3096} INFO - Sync 1 DAGs
[2024-05-09T04:44:23.649+0000] {logging_mixin.py:188} INFO - [2024-05-09T04:44:23.649+0000] {dag.py:3954} INFO - Setting next_dagrun for insert_data_dag to None, run_after=None
[2024-05-09T04:44:23.669+0000] {processor.py:183} INFO - Processing /opt/airflow/dags/database_dag.py took 0.171 seconds
[2024-05-09T04:44:54.256+0000] {processor.py:161} INFO - Started process (PID=298) to work on /opt/airflow/dags/database_dag.py
[2024-05-09T04:44:54.257+0000] {processor.py:830} INFO - Processing file /opt/airflow/dags/database_dag.py for tasks to queue
[2024-05-09T04:44:54.259+0000] {logging_mixin.py:188} INFO - [2024-05-09T04:44:54.259+0000] {dagbag.py:545} INFO - Filling up the DagBag from /opt/airflow/dags/database_dag.py
[2024-05-09T04:44:54.319+0000] {processor.py:840} INFO - DAG(s) 'insert_data_dag' retrieved from /opt/airflow/dags/database_dag.py
[2024-05-09T04:44:54.338+0000] {logging_mixin.py:188} INFO - [2024-05-09T04:44:54.337+0000] {dag.py:3096} INFO - Sync 1 DAGs
[2024-05-09T04:44:54.348+0000] {logging_mixin.py:188} INFO - [2024-05-09T04:44:54.347+0000] {dag.py:3954} INFO - Setting next_dagrun for insert_data_dag to None, run_after=None
[2024-05-09T04:44:54.364+0000] {processor.py:183} INFO - Processing /opt/airflow/dags/database_dag.py took 0.112 seconds
[2024-05-09T04:45:24.936+0000] {processor.py:161} INFO - Started process (PID=318) to work on /opt/airflow/dags/database_dag.py
[2024-05-09T04:45:24.937+0000] {processor.py:830} INFO - Processing file /opt/airflow/dags/database_dag.py for tasks to queue
[2024-05-09T04:45:24.939+0000] {logging_mixin.py:188} INFO - [2024-05-09T04:45:24.938+0000] {dagbag.py:545} INFO - Filling up the DagBag from /opt/airflow/dags/database_dag.py
[2024-05-09T04:45:24.996+0000] {processor.py:840} INFO - DAG(s) 'insert_data_dag' retrieved from /opt/airflow/dags/database_dag.py
[2024-05-09T04:45:25.080+0000] {logging_mixin.py:188} INFO - [2024-05-09T04:45:25.079+0000] {dag.py:3096} INFO - Sync 1 DAGs
[2024-05-09T04:45:25.089+0000] {logging_mixin.py:188} INFO - [2024-05-09T04:45:25.089+0000] {dag.py:3954} INFO - Setting next_dagrun for insert_data_dag to None, run_after=None
[2024-05-09T04:45:25.106+0000] {processor.py:183} INFO - Processing /opt/airflow/dags/database_dag.py took 0.174 seconds
[2024-05-09T04:45:55.660+0000] {processor.py:161} INFO - Started process (PID=338) to work on /opt/airflow/dags/database_dag.py
[2024-05-09T04:45:55.661+0000] {processor.py:830} INFO - Processing file /opt/airflow/dags/database_dag.py for tasks to queue
[2024-05-09T04:45:55.663+0000] {logging_mixin.py:188} INFO - [2024-05-09T04:45:55.663+0000] {dagbag.py:545} INFO - Filling up the DagBag from /opt/airflow/dags/database_dag.py
[2024-05-09T04:45:55.726+0000] {processor.py:840} INFO - DAG(s) 'insert_data_dag' retrieved from /opt/airflow/dags/database_dag.py
[2024-05-09T04:45:55.744+0000] {logging_mixin.py:188} INFO - [2024-05-09T04:45:55.744+0000] {dag.py:3096} INFO - Sync 1 DAGs
[2024-05-09T04:45:55.755+0000] {logging_mixin.py:188} INFO - [2024-05-09T04:45:55.755+0000] {dag.py:3954} INFO - Setting next_dagrun for insert_data_dag to None, run_after=None
[2024-05-09T04:45:55.778+0000] {processor.py:183} INFO - Processing /opt/airflow/dags/database_dag.py took 0.122 seconds
[2024-05-09T04:46:25.844+0000] {processor.py:161} INFO - Started process (PID=368) to work on /opt/airflow/dags/database_dag.py
[2024-05-09T04:46:25.845+0000] {processor.py:830} INFO - Processing file /opt/airflow/dags/database_dag.py for tasks to queue
[2024-05-09T04:46:25.847+0000] {logging_mixin.py:188} INFO - [2024-05-09T04:46:25.846+0000] {dagbag.py:545} INFO - Filling up the DagBag from /opt/airflow/dags/database_dag.py
[2024-05-09T04:46:25.914+0000] {processor.py:840} INFO - DAG(s) 'insert_data_dag' retrieved from /opt/airflow/dags/database_dag.py
[2024-05-09T04:46:25.998+0000] {logging_mixin.py:188} INFO - [2024-05-09T04:46:25.997+0000] {dag.py:3096} INFO - Sync 1 DAGs
[2024-05-09T04:46:26.007+0000] {logging_mixin.py:188} INFO - [2024-05-09T04:46:26.007+0000] {dag.py:3954} INFO - Setting next_dagrun for insert_data_dag to None, run_after=None
[2024-05-09T04:46:26.024+0000] {processor.py:183} INFO - Processing /opt/airflow/dags/database_dag.py took 0.185 seconds
[2024-05-09T04:46:56.761+0000] {processor.py:161} INFO - Started process (PID=388) to work on /opt/airflow/dags/database_dag.py
[2024-05-09T04:46:56.762+0000] {processor.py:830} INFO - Processing file /opt/airflow/dags/database_dag.py for tasks to queue
[2024-05-09T04:46:56.764+0000] {logging_mixin.py:188} INFO - [2024-05-09T04:46:56.764+0000] {dagbag.py:545} INFO - Filling up the DagBag from /opt/airflow/dags/database_dag.py
[2024-05-09T04:46:56.828+0000] {processor.py:840} INFO - DAG(s) 'insert_data_dag' retrieved from /opt/airflow/dags/database_dag.py
[2024-05-09T04:46:56.848+0000] {logging_mixin.py:188} INFO - [2024-05-09T04:46:56.848+0000] {dag.py:3096} INFO - Sync 1 DAGs
[2024-05-09T04:46:56.860+0000] {logging_mixin.py:188} INFO - [2024-05-09T04:46:56.859+0000] {dag.py:3954} INFO - Setting next_dagrun for insert_data_dag to None, run_after=None
[2024-05-09T04:46:56.877+0000] {processor.py:183} INFO - Processing /opt/airflow/dags/database_dag.py took 0.120 seconds
[2024-05-09T04:47:03.095+0000] {processor.py:161} INFO - Started process (PID=400) to work on /opt/airflow/dags/database_dag.py
[2024-05-09T04:47:03.096+0000] {processor.py:830} INFO - Processing file /opt/airflow/dags/database_dag.py for tasks to queue
[2024-05-09T04:47:03.098+0000] {logging_mixin.py:188} INFO - [2024-05-09T04:47:03.098+0000] {dagbag.py:545} INFO - Filling up the DagBag from /opt/airflow/dags/database_dag.py
[2024-05-09T04:47:03.173+0000] {processor.py:840} INFO - DAG(s) 'insert_data_dag' retrieved from /opt/airflow/dags/database_dag.py
[2024-05-09T04:47:03.191+0000] {logging_mixin.py:188} INFO - [2024-05-09T04:47:03.191+0000] {dag.py:3096} INFO - Sync 1 DAGs
[2024-05-09T04:47:03.202+0000] {logging_mixin.py:188} INFO - [2024-05-09T04:47:03.202+0000] {dag.py:3954} INFO - Setting next_dagrun for insert_data_dag to None, run_after=None
[2024-05-09T04:47:03.223+0000] {processor.py:183} INFO - Processing /opt/airflow/dags/database_dag.py took 0.134 seconds
[2024-05-09T04:47:33.922+0000] {processor.py:161} INFO - Started process (PID=420) to work on /opt/airflow/dags/database_dag.py
[2024-05-09T04:47:33.923+0000] {processor.py:830} INFO - Processing file /opt/airflow/dags/database_dag.py for tasks to queue
[2024-05-09T04:47:33.924+0000] {logging_mixin.py:188} INFO - [2024-05-09T04:47:33.924+0000] {dagbag.py:545} INFO - Filling up the DagBag from /opt/airflow/dags/database_dag.py
[2024-05-09T04:47:33.979+0000] {processor.py:840} INFO - DAG(s) 'insert_data_dag' retrieved from /opt/airflow/dags/database_dag.py
[2024-05-09T04:47:33.999+0000] {logging_mixin.py:188} INFO - [2024-05-09T04:47:33.999+0000] {dag.py:3096} INFO - Sync 1 DAGs
[2024-05-09T04:47:34.011+0000] {logging_mixin.py:188} INFO - [2024-05-09T04:47:34.011+0000] {dag.py:3954} INFO - Setting next_dagrun for insert_data_dag to None, run_after=None
[2024-05-09T04:47:34.027+0000] {processor.py:183} INFO - Processing /opt/airflow/dags/database_dag.py took 0.110 seconds
[2024-05-09T04:48:04.792+0000] {processor.py:161} INFO - Started process (PID=440) to work on /opt/airflow/dags/database_dag.py
[2024-05-09T04:48:04.792+0000] {processor.py:830} INFO - Processing file /opt/airflow/dags/database_dag.py for tasks to queue
[2024-05-09T04:48:04.794+0000] {logging_mixin.py:188} INFO - [2024-05-09T04:48:04.794+0000] {dagbag.py:545} INFO - Filling up the DagBag from /opt/airflow/dags/database_dag.py
[2024-05-09T04:48:04.861+0000] {processor.py:840} INFO - DAG(s) 'insert_data_dag' retrieved from /opt/airflow/dags/database_dag.py
[2024-05-09T04:48:04.878+0000] {logging_mixin.py:188} INFO - [2024-05-09T04:48:04.878+0000] {dag.py:3096} INFO - Sync 1 DAGs
[2024-05-09T04:48:04.888+0000] {logging_mixin.py:188} INFO - [2024-05-09T04:48:04.888+0000] {dag.py:3954} INFO - Setting next_dagrun for insert_data_dag to None, run_after=None
[2024-05-09T04:48:04.905+0000] {processor.py:183} INFO - Processing /opt/airflow/dags/database_dag.py took 0.118 seconds
[2024-05-09T04:48:35.632+0000] {processor.py:161} INFO - Started process (PID=466) to work on /opt/airflow/dags/database_dag.py
[2024-05-09T04:48:35.633+0000] {processor.py:830} INFO - Processing file /opt/airflow/dags/database_dag.py for tasks to queue
[2024-05-09T04:48:35.635+0000] {logging_mixin.py:188} INFO - [2024-05-09T04:48:35.634+0000] {dagbag.py:545} INFO - Filling up the DagBag from /opt/airflow/dags/database_dag.py
[2024-05-09T04:48:35.700+0000] {processor.py:840} INFO - DAG(s) 'insert_data_dag' retrieved from /opt/airflow/dags/database_dag.py
[2024-05-09T04:48:35.718+0000] {logging_mixin.py:188} INFO - [2024-05-09T04:48:35.717+0000] {dag.py:3096} INFO - Sync 1 DAGs
[2024-05-09T04:48:35.727+0000] {logging_mixin.py:188} INFO - [2024-05-09T04:48:35.727+0000] {dag.py:3954} INFO - Setting next_dagrun for insert_data_dag to None, run_after=None
[2024-05-09T04:48:35.745+0000] {processor.py:183} INFO - Processing /opt/airflow/dags/database_dag.py took 0.118 seconds
[2024-05-09T04:49:06.364+0000] {processor.py:161} INFO - Started process (PID=487) to work on /opt/airflow/dags/database_dag.py
[2024-05-09T04:49:06.365+0000] {processor.py:830} INFO - Processing file /opt/airflow/dags/database_dag.py for tasks to queue
[2024-05-09T04:49:06.367+0000] {logging_mixin.py:188} INFO - [2024-05-09T04:49:06.366+0000] {dagbag.py:545} INFO - Filling up the DagBag from /opt/airflow/dags/database_dag.py
[2024-05-09T04:49:06.423+0000] {processor.py:840} INFO - DAG(s) 'insert_data_dag' retrieved from /opt/airflow/dags/database_dag.py
[2024-05-09T04:49:06.441+0000] {logging_mixin.py:188} INFO - [2024-05-09T04:49:06.441+0000] {dag.py:3096} INFO - Sync 1 DAGs
[2024-05-09T04:49:06.451+0000] {logging_mixin.py:188} INFO - [2024-05-09T04:49:06.451+0000] {dag.py:3954} INFO - Setting next_dagrun for insert_data_dag to None, run_after=None
[2024-05-09T04:49:06.468+0000] {processor.py:183} INFO - Processing /opt/airflow/dags/database_dag.py took 0.108 seconds
[2024-05-09T04:49:37.169+0000] {processor.py:161} INFO - Started process (PID=508) to work on /opt/airflow/dags/database_dag.py
[2024-05-09T04:49:37.170+0000] {processor.py:830} INFO - Processing file /opt/airflow/dags/database_dag.py for tasks to queue
[2024-05-09T04:49:37.172+0000] {logging_mixin.py:188} INFO - [2024-05-09T04:49:37.171+0000] {dagbag.py:545} INFO - Filling up the DagBag from /opt/airflow/dags/database_dag.py
[2024-05-09T04:49:37.234+0000] {processor.py:840} INFO - DAG(s) 'insert_data_dag' retrieved from /opt/airflow/dags/database_dag.py
[2024-05-09T04:49:37.252+0000] {logging_mixin.py:188} INFO - [2024-05-09T04:49:37.252+0000] {dag.py:3096} INFO - Sync 1 DAGs
[2024-05-09T04:49:37.264+0000] {logging_mixin.py:188} INFO - [2024-05-09T04:49:37.263+0000] {dag.py:3954} INFO - Setting next_dagrun for insert_data_dag to None, run_after=None
[2024-05-09T04:49:37.294+0000] {processor.py:183} INFO - Processing /opt/airflow/dags/database_dag.py took 0.129 seconds
[2024-05-09T04:50:08.125+0000] {processor.py:161} INFO - Started process (PID=529) to work on /opt/airflow/dags/database_dag.py
[2024-05-09T04:50:08.126+0000] {processor.py:830} INFO - Processing file /opt/airflow/dags/database_dag.py for tasks to queue
[2024-05-09T04:50:08.127+0000] {logging_mixin.py:188} INFO - [2024-05-09T04:50:08.127+0000] {dagbag.py:545} INFO - Filling up the DagBag from /opt/airflow/dags/database_dag.py
[2024-05-09T04:50:08.192+0000] {processor.py:840} INFO - DAG(s) 'insert_data_dag' retrieved from /opt/airflow/dags/database_dag.py
[2024-05-09T04:50:08.210+0000] {logging_mixin.py:188} INFO - [2024-05-09T04:50:08.210+0000] {dag.py:3096} INFO - Sync 1 DAGs
[2024-05-09T04:50:08.220+0000] {logging_mixin.py:188} INFO - [2024-05-09T04:50:08.220+0000] {dag.py:3954} INFO - Setting next_dagrun for insert_data_dag to None, run_after=None
[2024-05-09T04:50:08.237+0000] {processor.py:183} INFO - Processing /opt/airflow/dags/database_dag.py took 0.116 seconds
[2024-05-09T04:50:38.851+0000] {processor.py:161} INFO - Started process (PID=549) to work on /opt/airflow/dags/database_dag.py
[2024-05-09T04:50:38.852+0000] {processor.py:830} INFO - Processing file /opt/airflow/dags/database_dag.py for tasks to queue
[2024-05-09T04:50:38.853+0000] {logging_mixin.py:188} INFO - [2024-05-09T04:50:38.853+0000] {dagbag.py:545} INFO - Filling up the DagBag from /opt/airflow/dags/database_dag.py
[2024-05-09T04:50:38.909+0000] {processor.py:840} INFO - DAG(s) 'insert_data_dag' retrieved from /opt/airflow/dags/database_dag.py
[2024-05-09T04:50:38.927+0000] {logging_mixin.py:188} INFO - [2024-05-09T04:50:38.927+0000] {dag.py:3096} INFO - Sync 1 DAGs
[2024-05-09T04:50:38.938+0000] {logging_mixin.py:188} INFO - [2024-05-09T04:50:38.937+0000] {dag.py:3954} INFO - Setting next_dagrun for insert_data_dag to None, run_after=None
[2024-05-09T04:50:38.957+0000] {processor.py:183} INFO - Processing /opt/airflow/dags/database_dag.py took 0.111 seconds
[2024-05-09T04:56:26.931+0000] {processor.py:161} INFO - Started process (PID=190) to work on /opt/airflow/dags/database_dag.py
[2024-05-09T04:56:26.932+0000] {processor.py:830} INFO - Processing file /opt/airflow/dags/database_dag.py for tasks to queue
[2024-05-09T04:56:26.934+0000] {logging_mixin.py:188} INFO - [2024-05-09T04:56:26.933+0000] {dagbag.py:545} INFO - Filling up the DagBag from /opt/airflow/dags/database_dag.py
[2024-05-09T04:56:26.996+0000] {processor.py:840} INFO - DAG(s) 'insert_data_dag' retrieved from /opt/airflow/dags/database_dag.py
[2024-05-09T04:56:27.022+0000] {logging_mixin.py:188} INFO - [2024-05-09T04:56:27.022+0000] {dag.py:3096} INFO - Sync 1 DAGs
[2024-05-09T04:56:27.034+0000] {logging_mixin.py:188} INFO - [2024-05-09T04:56:27.034+0000] {dag.py:3954} INFO - Setting next_dagrun for insert_data_dag to None, run_after=None
[2024-05-09T04:56:27.050+0000] {processor.py:183} INFO - Processing /opt/airflow/dags/database_dag.py took 0.124 seconds
[2024-05-09T04:56:57.685+0000] {processor.py:161} INFO - Started process (PID=229) to work on /opt/airflow/dags/database_dag.py
[2024-05-09T04:56:57.686+0000] {processor.py:830} INFO - Processing file /opt/airflow/dags/database_dag.py for tasks to queue
[2024-05-09T04:56:57.688+0000] {logging_mixin.py:188} INFO - [2024-05-09T04:56:57.688+0000] {dagbag.py:545} INFO - Filling up the DagBag from /opt/airflow/dags/database_dag.py
[2024-05-09T04:56:57.746+0000] {processor.py:840} INFO - DAG(s) 'insert_data_dag' retrieved from /opt/airflow/dags/database_dag.py
[2024-05-09T04:56:57.827+0000] {logging_mixin.py:188} INFO - [2024-05-09T04:56:57.827+0000] {dag.py:3096} INFO - Sync 1 DAGs
[2024-05-09T04:56:57.835+0000] {logging_mixin.py:188} INFO - [2024-05-09T04:56:57.835+0000] {dag.py:3954} INFO - Setting next_dagrun for insert_data_dag to None, run_after=None
[2024-05-09T04:56:57.852+0000] {processor.py:183} INFO - Processing /opt/airflow/dags/database_dag.py took 0.171 seconds
[2024-05-09T04:57:28.443+0000] {processor.py:161} INFO - Started process (PID=249) to work on /opt/airflow/dags/database_dag.py
[2024-05-09T04:57:28.444+0000] {processor.py:830} INFO - Processing file /opt/airflow/dags/database_dag.py for tasks to queue
[2024-05-09T04:57:28.445+0000] {logging_mixin.py:188} INFO - [2024-05-09T04:57:28.445+0000] {dagbag.py:545} INFO - Filling up the DagBag from /opt/airflow/dags/database_dag.py
[2024-05-09T04:57:28.497+0000] {processor.py:840} INFO - DAG(s) 'insert_data_dag' retrieved from /opt/airflow/dags/database_dag.py
[2024-05-09T04:57:28.514+0000] {logging_mixin.py:188} INFO - [2024-05-09T04:57:28.514+0000] {dag.py:3096} INFO - Sync 1 DAGs
[2024-05-09T04:57:28.525+0000] {logging_mixin.py:188} INFO - [2024-05-09T04:57:28.525+0000] {dag.py:3954} INFO - Setting next_dagrun for insert_data_dag to None, run_after=None
[2024-05-09T04:57:28.541+0000] {processor.py:183} INFO - Processing /opt/airflow/dags/database_dag.py took 0.103 seconds
[2024-05-09T04:57:59.252+0000] {processor.py:161} INFO - Started process (PID=269) to work on /opt/airflow/dags/database_dag.py
[2024-05-09T04:57:59.253+0000] {processor.py:830} INFO - Processing file /opt/airflow/dags/database_dag.py for tasks to queue
[2024-05-09T04:57:59.254+0000] {logging_mixin.py:188} INFO - [2024-05-09T04:57:59.254+0000] {dagbag.py:545} INFO - Filling up the DagBag from /opt/airflow/dags/database_dag.py
[2024-05-09T04:57:59.310+0000] {processor.py:840} INFO - DAG(s) 'insert_data_dag' retrieved from /opt/airflow/dags/database_dag.py
[2024-05-09T04:57:59.328+0000] {logging_mixin.py:188} INFO - [2024-05-09T04:57:59.328+0000] {dag.py:3096} INFO - Sync 1 DAGs
[2024-05-09T04:57:59.338+0000] {logging_mixin.py:188} INFO - [2024-05-09T04:57:59.338+0000] {dag.py:3954} INFO - Setting next_dagrun for insert_data_dag to None, run_after=None
[2024-05-09T04:57:59.353+0000] {processor.py:183} INFO - Processing /opt/airflow/dags/database_dag.py took 0.106 seconds
[2024-05-09T04:58:30.033+0000] {processor.py:161} INFO - Started process (PID=289) to work on /opt/airflow/dags/database_dag.py
[2024-05-09T04:58:30.034+0000] {processor.py:830} INFO - Processing file /opt/airflow/dags/database_dag.py for tasks to queue
[2024-05-09T04:58:30.036+0000] {logging_mixin.py:188} INFO - [2024-05-09T04:58:30.035+0000] {dagbag.py:545} INFO - Filling up the DagBag from /opt/airflow/dags/database_dag.py
[2024-05-09T04:58:30.093+0000] {processor.py:840} INFO - DAG(s) 'insert_data_dag' retrieved from /opt/airflow/dags/database_dag.py
[2024-05-09T04:58:30.112+0000] {logging_mixin.py:188} INFO - [2024-05-09T04:58:30.112+0000] {dag.py:3096} INFO - Sync 1 DAGs
[2024-05-09T04:58:30.122+0000] {logging_mixin.py:188} INFO - [2024-05-09T04:58:30.122+0000] {dag.py:3954} INFO - Setting next_dagrun for insert_data_dag to None, run_after=None
[2024-05-09T04:58:30.139+0000] {processor.py:183} INFO - Processing /opt/airflow/dags/database_dag.py took 0.111 seconds
[2024-05-09T04:59:01.059+0000] {processor.py:161} INFO - Started process (PID=310) to work on /opt/airflow/dags/database_dag.py
[2024-05-09T04:59:01.060+0000] {processor.py:830} INFO - Processing file /opt/airflow/dags/database_dag.py for tasks to queue
[2024-05-09T04:59:01.061+0000] {logging_mixin.py:188} INFO - [2024-05-09T04:59:01.061+0000] {dagbag.py:545} INFO - Filling up the DagBag from /opt/airflow/dags/database_dag.py
[2024-05-09T04:59:01.114+0000] {processor.py:840} INFO - DAG(s) 'insert_data_dag' retrieved from /opt/airflow/dags/database_dag.py
[2024-05-09T04:59:01.133+0000] {logging_mixin.py:188} INFO - [2024-05-09T04:59:01.133+0000] {dag.py:3096} INFO - Sync 1 DAGs
[2024-05-09T04:59:01.144+0000] {logging_mixin.py:188} INFO - [2024-05-09T04:59:01.144+0000] {dag.py:3954} INFO - Setting next_dagrun for insert_data_dag to None, run_after=None
[2024-05-09T04:59:01.161+0000] {processor.py:183} INFO - Processing /opt/airflow/dags/database_dag.py took 0.106 seconds
[2024-05-09T04:59:31.889+0000] {processor.py:161} INFO - Started process (PID=330) to work on /opt/airflow/dags/database_dag.py
[2024-05-09T04:59:31.890+0000] {processor.py:830} INFO - Processing file /opt/airflow/dags/database_dag.py for tasks to queue
[2024-05-09T04:59:31.892+0000] {logging_mixin.py:188} INFO - [2024-05-09T04:59:31.891+0000] {dagbag.py:545} INFO - Filling up the DagBag from /opt/airflow/dags/database_dag.py
[2024-05-09T04:59:31.949+0000] {processor.py:840} INFO - DAG(s) 'insert_data_dag' retrieved from /opt/airflow/dags/database_dag.py
[2024-05-09T04:59:31.967+0000] {logging_mixin.py:188} INFO - [2024-05-09T04:59:31.967+0000] {dag.py:3096} INFO - Sync 1 DAGs
[2024-05-09T04:59:31.977+0000] {logging_mixin.py:188} INFO - [2024-05-09T04:59:31.977+0000] {dag.py:3954} INFO - Setting next_dagrun for insert_data_dag to None, run_after=None
[2024-05-09T04:59:31.995+0000] {processor.py:183} INFO - Processing /opt/airflow/dags/database_dag.py took 0.110 seconds
[2024-05-09T05:00:02.586+0000] {processor.py:161} INFO - Started process (PID=350) to work on /opt/airflow/dags/database_dag.py
[2024-05-09T05:00:02.587+0000] {processor.py:830} INFO - Processing file /opt/airflow/dags/database_dag.py for tasks to queue
[2024-05-09T05:00:02.588+0000] {logging_mixin.py:188} INFO - [2024-05-09T05:00:02.588+0000] {dagbag.py:545} INFO - Filling up the DagBag from /opt/airflow/dags/database_dag.py
[2024-05-09T05:00:02.651+0000] {processor.py:840} INFO - DAG(s) 'insert_data_dag' retrieved from /opt/airflow/dags/database_dag.py
[2024-05-09T05:00:02.669+0000] {logging_mixin.py:188} INFO - [2024-05-09T05:00:02.669+0000] {dag.py:3096} INFO - Sync 1 DAGs
[2024-05-09T05:00:02.679+0000] {logging_mixin.py:188} INFO - [2024-05-09T05:00:02.679+0000] {dag.py:3954} INFO - Setting next_dagrun for insert_data_dag to None, run_after=None
[2024-05-09T05:00:02.696+0000] {processor.py:183} INFO - Processing /opt/airflow/dags/database_dag.py took 0.114 seconds
[2024-05-09T05:00:33.359+0000] {processor.py:161} INFO - Started process (PID=411) to work on /opt/airflow/dags/database_dag.py
[2024-05-09T05:00:33.360+0000] {processor.py:830} INFO - Processing file /opt/airflow/dags/database_dag.py for tasks to queue
[2024-05-09T05:00:33.361+0000] {logging_mixin.py:188} INFO - [2024-05-09T05:00:33.361+0000] {dagbag.py:545} INFO - Filling up the DagBag from /opt/airflow/dags/database_dag.py
[2024-05-09T05:00:33.411+0000] {processor.py:840} INFO - DAG(s) 'insert_data_dag' retrieved from /opt/airflow/dags/database_dag.py
[2024-05-09T05:00:33.429+0000] {logging_mixin.py:188} INFO - [2024-05-09T05:00:33.429+0000] {dag.py:3096} INFO - Sync 1 DAGs
[2024-05-09T05:00:33.439+0000] {logging_mixin.py:188} INFO - [2024-05-09T05:00:33.438+0000] {dag.py:3954} INFO - Setting next_dagrun for insert_data_dag to None, run_after=None
[2024-05-09T05:00:33.461+0000] {processor.py:183} INFO - Processing /opt/airflow/dags/database_dag.py took 0.109 seconds
[2024-05-09T05:01:04.117+0000] {processor.py:161} INFO - Started process (PID=486) to work on /opt/airflow/dags/database_dag.py
[2024-05-09T05:01:04.118+0000] {processor.py:830} INFO - Processing file /opt/airflow/dags/database_dag.py for tasks to queue
[2024-05-09T05:01:04.119+0000] {logging_mixin.py:188} INFO - [2024-05-09T05:01:04.119+0000] {dagbag.py:545} INFO - Filling up the DagBag from /opt/airflow/dags/database_dag.py
[2024-05-09T05:01:04.177+0000] {processor.py:840} INFO - DAG(s) 'insert_data_dag' retrieved from /opt/airflow/dags/database_dag.py
[2024-05-09T05:01:04.195+0000] {logging_mixin.py:188} INFO - [2024-05-09T05:01:04.195+0000] {dag.py:3096} INFO - Sync 1 DAGs
[2024-05-09T05:01:04.205+0000] {logging_mixin.py:188} INFO - [2024-05-09T05:01:04.205+0000] {dag.py:3954} INFO - Setting next_dagrun for insert_data_dag to None, run_after=None
[2024-05-09T05:01:04.223+0000] {processor.py:183} INFO - Processing /opt/airflow/dags/database_dag.py took 0.113 seconds
[2024-05-09T05:01:35.116+0000] {processor.py:161} INFO - Started process (PID=542) to work on /opt/airflow/dags/database_dag.py
[2024-05-09T05:01:35.117+0000] {processor.py:830} INFO - Processing file /opt/airflow/dags/database_dag.py for tasks to queue
[2024-05-09T05:01:35.119+0000] {logging_mixin.py:188} INFO - [2024-05-09T05:01:35.118+0000] {dagbag.py:545} INFO - Filling up the DagBag from /opt/airflow/dags/database_dag.py
[2024-05-09T05:01:35.179+0000] {processor.py:840} INFO - DAG(s) 'insert_data_dag' retrieved from /opt/airflow/dags/database_dag.py
[2024-05-09T05:01:35.197+0000] {logging_mixin.py:188} INFO - [2024-05-09T05:01:35.197+0000] {dag.py:3096} INFO - Sync 1 DAGs
[2024-05-09T05:01:35.207+0000] {logging_mixin.py:188} INFO - [2024-05-09T05:01:35.207+0000] {dag.py:3954} INFO - Setting next_dagrun for insert_data_dag to None, run_after=None
[2024-05-09T05:01:35.230+0000] {processor.py:183} INFO - Processing /opt/airflow/dags/database_dag.py took 0.121 seconds
[2024-05-09T05:02:05.844+0000] {processor.py:161} INFO - Started process (PID=562) to work on /opt/airflow/dags/database_dag.py
[2024-05-09T05:02:05.844+0000] {processor.py:830} INFO - Processing file /opt/airflow/dags/database_dag.py for tasks to queue
[2024-05-09T05:02:05.846+0000] {logging_mixin.py:188} INFO - [2024-05-09T05:02:05.846+0000] {dagbag.py:545} INFO - Filling up the DagBag from /opt/airflow/dags/database_dag.py
[2024-05-09T05:02:05.898+0000] {processor.py:840} INFO - DAG(s) 'insert_data_dag' retrieved from /opt/airflow/dags/database_dag.py
[2024-05-09T05:02:05.917+0000] {logging_mixin.py:188} INFO - [2024-05-09T05:02:05.917+0000] {dag.py:3096} INFO - Sync 1 DAGs
[2024-05-09T05:02:05.928+0000] {logging_mixin.py:188} INFO - [2024-05-09T05:02:05.927+0000] {dag.py:3954} INFO - Setting next_dagrun for insert_data_dag to None, run_after=None
[2024-05-09T05:02:05.945+0000] {processor.py:183} INFO - Processing /opt/airflow/dags/database_dag.py took 0.109 seconds
[2024-05-09T05:02:36.687+0000] {processor.py:161} INFO - Started process (PID=582) to work on /opt/airflow/dags/database_dag.py
[2024-05-09T05:02:36.688+0000] {processor.py:830} INFO - Processing file /opt/airflow/dags/database_dag.py for tasks to queue
[2024-05-09T05:02:36.689+0000] {logging_mixin.py:188} INFO - [2024-05-09T05:02:36.689+0000] {dagbag.py:545} INFO - Filling up the DagBag from /opt/airflow/dags/database_dag.py
[2024-05-09T05:02:36.746+0000] {processor.py:840} INFO - DAG(s) 'insert_data_dag' retrieved from /opt/airflow/dags/database_dag.py
[2024-05-09T05:02:36.765+0000] {logging_mixin.py:188} INFO - [2024-05-09T05:02:36.765+0000] {dag.py:3096} INFO - Sync 1 DAGs
[2024-05-09T05:02:36.775+0000] {logging_mixin.py:188} INFO - [2024-05-09T05:02:36.775+0000] {dag.py:3954} INFO - Setting next_dagrun for insert_data_dag to None, run_after=None
[2024-05-09T05:02:36.792+0000] {processor.py:183} INFO - Processing /opt/airflow/dags/database_dag.py took 0.112 seconds
[2024-05-09T05:03:07.343+0000] {processor.py:161} INFO - Started process (PID=602) to work on /opt/airflow/dags/database_dag.py
[2024-05-09T05:03:07.343+0000] {processor.py:830} INFO - Processing file /opt/airflow/dags/database_dag.py for tasks to queue
[2024-05-09T05:03:07.345+0000] {logging_mixin.py:188} INFO - [2024-05-09T05:03:07.345+0000] {dagbag.py:545} INFO - Filling up the DagBag from /opt/airflow/dags/database_dag.py
[2024-05-09T05:03:07.396+0000] {processor.py:840} INFO - DAG(s) 'insert_data_dag' retrieved from /opt/airflow/dags/database_dag.py
[2024-05-09T05:03:07.414+0000] {logging_mixin.py:188} INFO - [2024-05-09T05:03:07.414+0000] {dag.py:3096} INFO - Sync 1 DAGs
[2024-05-09T05:03:07.425+0000] {logging_mixin.py:188} INFO - [2024-05-09T05:03:07.425+0000] {dag.py:3954} INFO - Setting next_dagrun for insert_data_dag to None, run_after=None
[2024-05-09T05:03:07.441+0000] {processor.py:183} INFO - Processing /opt/airflow/dags/database_dag.py took 0.106 seconds
[2024-05-09T05:03:37.961+0000] {processor.py:161} INFO - Started process (PID=622) to work on /opt/airflow/dags/database_dag.py
[2024-05-09T05:03:37.963+0000] {processor.py:830} INFO - Processing file /opt/airflow/dags/database_dag.py for tasks to queue
[2024-05-09T05:03:37.965+0000] {logging_mixin.py:188} INFO - [2024-05-09T05:03:37.964+0000] {dagbag.py:545} INFO - Filling up the DagBag from /opt/airflow/dags/database_dag.py
[2024-05-09T05:03:38.041+0000] {processor.py:840} INFO - DAG(s) 'insert_data_dag' retrieved from /opt/airflow/dags/database_dag.py
[2024-05-09T05:03:38.060+0000] {logging_mixin.py:188} INFO - [2024-05-09T05:03:38.060+0000] {dag.py:3096} INFO - Sync 1 DAGs
[2024-05-09T05:03:38.071+0000] {logging_mixin.py:188} INFO - [2024-05-09T05:03:38.071+0000] {dag.py:3954} INFO - Setting next_dagrun for insert_data_dag to None, run_after=None
[2024-05-09T05:03:38.086+0000] {processor.py:183} INFO - Processing /opt/airflow/dags/database_dag.py took 0.134 seconds
[2024-05-09T05:04:08.648+0000] {processor.py:161} INFO - Started process (PID=642) to work on /opt/airflow/dags/database_dag.py
[2024-05-09T05:04:08.649+0000] {processor.py:830} INFO - Processing file /opt/airflow/dags/database_dag.py for tasks to queue
[2024-05-09T05:04:08.651+0000] {logging_mixin.py:188} INFO - [2024-05-09T05:04:08.650+0000] {dagbag.py:545} INFO - Filling up the DagBag from /opt/airflow/dags/database_dag.py
[2024-05-09T05:04:08.708+0000] {processor.py:840} INFO - DAG(s) 'insert_data_dag' retrieved from /opt/airflow/dags/database_dag.py
[2024-05-09T05:04:08.727+0000] {logging_mixin.py:188} INFO - [2024-05-09T05:04:08.727+0000] {dag.py:3096} INFO - Sync 1 DAGs
[2024-05-09T05:04:08.738+0000] {logging_mixin.py:188} INFO - [2024-05-09T05:04:08.737+0000] {dag.py:3954} INFO - Setting next_dagrun for insert_data_dag to None, run_after=None
[2024-05-09T05:04:08.755+0000] {processor.py:183} INFO - Processing /opt/airflow/dags/database_dag.py took 0.114 seconds
[2024-05-09T05:04:39.642+0000] {processor.py:161} INFO - Started process (PID=662) to work on /opt/airflow/dags/database_dag.py
[2024-05-09T05:04:39.643+0000] {processor.py:830} INFO - Processing file /opt/airflow/dags/database_dag.py for tasks to queue
[2024-05-09T05:04:39.644+0000] {logging_mixin.py:188} INFO - [2024-05-09T05:04:39.644+0000] {dagbag.py:545} INFO - Filling up the DagBag from /opt/airflow/dags/database_dag.py
[2024-05-09T05:04:39.702+0000] {processor.py:840} INFO - DAG(s) 'insert_data_dag' retrieved from /opt/airflow/dags/database_dag.py
[2024-05-09T05:04:39.720+0000] {logging_mixin.py:188} INFO - [2024-05-09T05:04:39.720+0000] {dag.py:3096} INFO - Sync 1 DAGs
[2024-05-09T05:04:39.730+0000] {logging_mixin.py:188} INFO - [2024-05-09T05:04:39.729+0000] {dag.py:3954} INFO - Setting next_dagrun for insert_data_dag to None, run_after=None
[2024-05-09T05:04:39.746+0000] {processor.py:183} INFO - Processing /opt/airflow/dags/database_dag.py took 0.111 seconds
[2024-05-09T05:05:10.313+0000] {processor.py:161} INFO - Started process (PID=682) to work on /opt/airflow/dags/database_dag.py
[2024-05-09T05:05:10.313+0000] {processor.py:830} INFO - Processing file /opt/airflow/dags/database_dag.py for tasks to queue
[2024-05-09T05:05:10.315+0000] {logging_mixin.py:188} INFO - [2024-05-09T05:05:10.315+0000] {dagbag.py:545} INFO - Filling up the DagBag from /opt/airflow/dags/database_dag.py
[2024-05-09T05:05:10.367+0000] {processor.py:840} INFO - DAG(s) 'insert_data_dag' retrieved from /opt/airflow/dags/database_dag.py
[2024-05-09T05:05:10.385+0000] {logging_mixin.py:188} INFO - [2024-05-09T05:05:10.385+0000] {dag.py:3096} INFO - Sync 1 DAGs
[2024-05-09T05:05:10.396+0000] {logging_mixin.py:188} INFO - [2024-05-09T05:05:10.396+0000] {dag.py:3954} INFO - Setting next_dagrun for insert_data_dag to None, run_after=None
[2024-05-09T05:05:10.412+0000] {processor.py:183} INFO - Processing /opt/airflow/dags/database_dag.py took 0.107 seconds
[2024-05-09T05:05:41.180+0000] {processor.py:161} INFO - Started process (PID=702) to work on /opt/airflow/dags/database_dag.py
[2024-05-09T05:05:41.182+0000] {processor.py:830} INFO - Processing file /opt/airflow/dags/database_dag.py for tasks to queue
[2024-05-09T05:05:41.184+0000] {logging_mixin.py:188} INFO - [2024-05-09T05:05:41.183+0000] {dagbag.py:545} INFO - Filling up the DagBag from /opt/airflow/dags/database_dag.py
[2024-05-09T05:05:41.241+0000] {processor.py:840} INFO - DAG(s) 'insert_data_dag' retrieved from /opt/airflow/dags/database_dag.py
[2024-05-09T05:05:41.259+0000] {logging_mixin.py:188} INFO - [2024-05-09T05:05:41.259+0000] {dag.py:3096} INFO - Sync 1 DAGs
[2024-05-09T05:05:41.269+0000] {logging_mixin.py:188} INFO - [2024-05-09T05:05:41.269+0000] {dag.py:3954} INFO - Setting next_dagrun for insert_data_dag to None, run_after=None
[2024-05-09T05:05:41.286+0000] {processor.py:183} INFO - Processing /opt/airflow/dags/database_dag.py took 0.113 seconds
[2024-05-09T05:06:11.860+0000] {processor.py:161} INFO - Started process (PID=722) to work on /opt/airflow/dags/database_dag.py
[2024-05-09T05:06:11.861+0000] {processor.py:830} INFO - Processing file /opt/airflow/dags/database_dag.py for tasks to queue
[2024-05-09T05:06:11.862+0000] {logging_mixin.py:188} INFO - [2024-05-09T05:06:11.862+0000] {dagbag.py:545} INFO - Filling up the DagBag from /opt/airflow/dags/database_dag.py
[2024-05-09T05:06:11.917+0000] {processor.py:840} INFO - DAG(s) 'insert_data_dag' retrieved from /opt/airflow/dags/database_dag.py
[2024-05-09T05:06:11.935+0000] {logging_mixin.py:188} INFO - [2024-05-09T05:06:11.935+0000] {dag.py:3096} INFO - Sync 1 DAGs
[2024-05-09T05:06:11.945+0000] {logging_mixin.py:188} INFO - [2024-05-09T05:06:11.945+0000] {dag.py:3954} INFO - Setting next_dagrun for insert_data_dag to None, run_after=None
[2024-05-09T05:06:11.962+0000] {processor.py:183} INFO - Processing /opt/airflow/dags/database_dag.py took 0.109 seconds
[2024-05-09T05:06:42.765+0000] {processor.py:161} INFO - Started process (PID=742) to work on /opt/airflow/dags/database_dag.py
[2024-05-09T05:06:42.766+0000] {processor.py:830} INFO - Processing file /opt/airflow/dags/database_dag.py for tasks to queue
[2024-05-09T05:06:42.767+0000] {logging_mixin.py:188} INFO - [2024-05-09T05:06:42.767+0000] {dagbag.py:545} INFO - Filling up the DagBag from /opt/airflow/dags/database_dag.py
[2024-05-09T05:06:42.825+0000] {processor.py:840} INFO - DAG(s) 'insert_data_dag' retrieved from /opt/airflow/dags/database_dag.py
[2024-05-09T05:06:42.844+0000] {logging_mixin.py:188} INFO - [2024-05-09T05:06:42.843+0000] {dag.py:3096} INFO - Sync 1 DAGs
[2024-05-09T05:06:42.854+0000] {logging_mixin.py:188} INFO - [2024-05-09T05:06:42.853+0000] {dag.py:3954} INFO - Setting next_dagrun for insert_data_dag to None, run_after=None
[2024-05-09T05:06:42.870+0000] {processor.py:183} INFO - Processing /opt/airflow/dags/database_dag.py took 0.112 seconds
[2024-05-09T05:07:13.455+0000] {processor.py:161} INFO - Started process (PID=762) to work on /opt/airflow/dags/database_dag.py
[2024-05-09T05:07:13.456+0000] {processor.py:830} INFO - Processing file /opt/airflow/dags/database_dag.py for tasks to queue
[2024-05-09T05:07:13.457+0000] {logging_mixin.py:188} INFO - [2024-05-09T05:07:13.457+0000] {dagbag.py:545} INFO - Filling up the DagBag from /opt/airflow/dags/database_dag.py
[2024-05-09T05:07:13.509+0000] {processor.py:840} INFO - DAG(s) 'insert_data_dag' retrieved from /opt/airflow/dags/database_dag.py
[2024-05-09T05:07:13.527+0000] {logging_mixin.py:188} INFO - [2024-05-09T05:07:13.527+0000] {dag.py:3096} INFO - Sync 1 DAGs
[2024-05-09T05:07:13.538+0000] {logging_mixin.py:188} INFO - [2024-05-09T05:07:13.538+0000] {dag.py:3954} INFO - Setting next_dagrun for insert_data_dag to None, run_after=None
[2024-05-09T05:07:13.555+0000] {processor.py:183} INFO - Processing /opt/airflow/dags/database_dag.py took 0.108 seconds
[2024-05-09T05:07:44.045+0000] {processor.py:161} INFO - Started process (PID=782) to work on /opt/airflow/dags/database_dag.py
[2024-05-09T05:07:44.046+0000] {processor.py:830} INFO - Processing file /opt/airflow/dags/database_dag.py for tasks to queue
[2024-05-09T05:07:44.047+0000] {logging_mixin.py:188} INFO - [2024-05-09T05:07:44.047+0000] {dagbag.py:545} INFO - Filling up the DagBag from /opt/airflow/dags/database_dag.py
[2024-05-09T05:07:44.103+0000] {processor.py:840} INFO - DAG(s) 'insert_data_dag' retrieved from /opt/airflow/dags/database_dag.py
[2024-05-09T05:07:44.121+0000] {logging_mixin.py:188} INFO - [2024-05-09T05:07:44.121+0000] {dag.py:3096} INFO - Sync 1 DAGs
[2024-05-09T05:07:44.132+0000] {logging_mixin.py:188} INFO - [2024-05-09T05:07:44.131+0000] {dag.py:3954} INFO - Setting next_dagrun for insert_data_dag to None, run_after=None
[2024-05-09T05:07:44.149+0000] {processor.py:183} INFO - Processing /opt/airflow/dags/database_dag.py took 0.112 seconds
[2024-05-09T05:08:14.805+0000] {processor.py:161} INFO - Started process (PID=802) to work on /opt/airflow/dags/database_dag.py
[2024-05-09T05:08:14.806+0000] {processor.py:830} INFO - Processing file /opt/airflow/dags/database_dag.py for tasks to queue
[2024-05-09T05:08:14.808+0000] {logging_mixin.py:188} INFO - [2024-05-09T05:08:14.807+0000] {dagbag.py:545} INFO - Filling up the DagBag from /opt/airflow/dags/database_dag.py
[2024-05-09T05:08:14.859+0000] {processor.py:840} INFO - DAG(s) 'insert_data_dag' retrieved from /opt/airflow/dags/database_dag.py
[2024-05-09T05:08:14.877+0000] {logging_mixin.py:188} INFO - [2024-05-09T05:08:14.877+0000] {dag.py:3096} INFO - Sync 1 DAGs
[2024-05-09T05:08:14.887+0000] {logging_mixin.py:188} INFO - [2024-05-09T05:08:14.887+0000] {dag.py:3954} INFO - Setting next_dagrun for insert_data_dag to None, run_after=None
[2024-05-09T05:08:14.903+0000] {processor.py:183} INFO - Processing /opt/airflow/dags/database_dag.py took 0.106 seconds
[2024-05-09T05:08:45.613+0000] {processor.py:161} INFO - Started process (PID=822) to work on /opt/airflow/dags/database_dag.py
[2024-05-09T05:08:45.614+0000] {processor.py:830} INFO - Processing file /opt/airflow/dags/database_dag.py for tasks to queue
[2024-05-09T05:08:45.616+0000] {logging_mixin.py:188} INFO - [2024-05-09T05:08:45.616+0000] {dagbag.py:545} INFO - Filling up the DagBag from /opt/airflow/dags/database_dag.py
[2024-05-09T05:08:45.668+0000] {processor.py:840} INFO - DAG(s) 'insert_data_dag' retrieved from /opt/airflow/dags/database_dag.py
[2024-05-09T05:08:45.685+0000] {logging_mixin.py:188} INFO - [2024-05-09T05:08:45.685+0000] {dag.py:3096} INFO - Sync 1 DAGs
[2024-05-09T05:08:45.696+0000] {logging_mixin.py:188} INFO - [2024-05-09T05:08:45.696+0000] {dag.py:3954} INFO - Setting next_dagrun for insert_data_dag to None, run_after=None
[2024-05-09T05:08:45.711+0000] {processor.py:183} INFO - Processing /opt/airflow/dags/database_dag.py took 0.107 seconds
[2024-05-09T05:09:16.476+0000] {processor.py:161} INFO - Started process (PID=842) to work on /opt/airflow/dags/database_dag.py
[2024-05-09T05:09:16.477+0000] {processor.py:830} INFO - Processing file /opt/airflow/dags/database_dag.py for tasks to queue
[2024-05-09T05:09:16.478+0000] {logging_mixin.py:188} INFO - [2024-05-09T05:09:16.478+0000] {dagbag.py:545} INFO - Filling up the DagBag from /opt/airflow/dags/database_dag.py
[2024-05-09T05:09:16.538+0000] {processor.py:840} INFO - DAG(s) 'insert_data_dag' retrieved from /opt/airflow/dags/database_dag.py
[2024-05-09T05:09:16.557+0000] {logging_mixin.py:188} INFO - [2024-05-09T05:09:16.557+0000] {dag.py:3096} INFO - Sync 1 DAGs
[2024-05-09T05:09:16.568+0000] {logging_mixin.py:188} INFO - [2024-05-09T05:09:16.568+0000] {dag.py:3954} INFO - Setting next_dagrun for insert_data_dag to None, run_after=None
[2024-05-09T05:09:16.585+0000] {processor.py:183} INFO - Processing /opt/airflow/dags/database_dag.py took 0.117 seconds
[2024-05-09T05:09:41.194+0000] {processor.py:161} INFO - Started process (PID=190) to work on /opt/airflow/dags/database_dag.py
[2024-05-09T05:09:41.195+0000] {processor.py:830} INFO - Processing file /opt/airflow/dags/database_dag.py for tasks to queue
[2024-05-09T05:09:41.197+0000] {logging_mixin.py:188} INFO - [2024-05-09T05:09:41.197+0000] {dagbag.py:545} INFO - Filling up the DagBag from /opt/airflow/dags/database_dag.py
[2024-05-09T05:09:41.254+0000] {processor.py:840} INFO - DAG(s) 'insert_data_dag' retrieved from /opt/airflow/dags/database_dag.py
[2024-05-09T05:09:41.276+0000] {logging_mixin.py:188} INFO - [2024-05-09T05:09:41.275+0000] {dag.py:3096} INFO - Sync 1 DAGs
[2024-05-09T05:09:41.287+0000] {logging_mixin.py:188} INFO - [2024-05-09T05:09:41.287+0000] {dag.py:3954} INFO - Setting next_dagrun for insert_data_dag to None, run_after=None
[2024-05-09T05:09:41.303+0000] {processor.py:183} INFO - Processing /opt/airflow/dags/database_dag.py took 0.113 seconds
[2024-05-09T05:10:11.795+0000] {processor.py:161} INFO - Started process (PID=271) to work on /opt/airflow/dags/database_dag.py
[2024-05-09T05:10:11.796+0000] {processor.py:830} INFO - Processing file /opt/airflow/dags/database_dag.py for tasks to queue
[2024-05-09T05:10:11.797+0000] {logging_mixin.py:188} INFO - [2024-05-09T05:10:11.797+0000] {dagbag.py:545} INFO - Filling up the DagBag from /opt/airflow/dags/database_dag.py
[2024-05-09T05:10:11.851+0000] {processor.py:840} INFO - DAG(s) 'insert_data_dag' retrieved from /opt/airflow/dags/database_dag.py
[2024-05-09T05:10:11.931+0000] {logging_mixin.py:188} INFO - [2024-05-09T05:10:11.931+0000] {dag.py:3096} INFO - Sync 1 DAGs
[2024-05-09T05:10:11.940+0000] {logging_mixin.py:188} INFO - [2024-05-09T05:10:11.939+0000] {dag.py:3954} INFO - Setting next_dagrun for insert_data_dag to None, run_after=None
[2024-05-09T05:10:11.963+0000] {processor.py:183} INFO - Processing /opt/airflow/dags/database_dag.py took 0.173 seconds
[2024-05-09T05:10:42.665+0000] {processor.py:161} INFO - Started process (PID=308) to work on /opt/airflow/dags/database_dag.py
[2024-05-09T05:10:42.666+0000] {processor.py:830} INFO - Processing file /opt/airflow/dags/database_dag.py for tasks to queue
[2024-05-09T05:10:42.668+0000] {logging_mixin.py:188} INFO - [2024-05-09T05:10:42.667+0000] {dagbag.py:545} INFO - Filling up the DagBag from /opt/airflow/dags/database_dag.py
[2024-05-09T05:10:42.727+0000] {processor.py:840} INFO - DAG(s) 'insert_data_dag' retrieved from /opt/airflow/dags/database_dag.py
[2024-05-09T05:10:42.746+0000] {logging_mixin.py:188} INFO - [2024-05-09T05:10:42.746+0000] {dag.py:3096} INFO - Sync 1 DAGs
[2024-05-09T05:10:42.757+0000] {logging_mixin.py:188} INFO - [2024-05-09T05:10:42.757+0000] {dag.py:3954} INFO - Setting next_dagrun for insert_data_dag to None, run_after=None
[2024-05-09T05:10:42.775+0000] {processor.py:183} INFO - Processing /opt/airflow/dags/database_dag.py took 0.114 seconds
[2024-05-09T05:11:13.587+0000] {processor.py:161} INFO - Started process (PID=339) to work on /opt/airflow/dags/database_dag.py
[2024-05-09T05:11:13.588+0000] {processor.py:830} INFO - Processing file /opt/airflow/dags/database_dag.py for tasks to queue
[2024-05-09T05:11:13.590+0000] {logging_mixin.py:188} INFO - [2024-05-09T05:11:13.590+0000] {dagbag.py:545} INFO - Filling up the DagBag from /opt/airflow/dags/database_dag.py
[2024-05-09T05:11:13.651+0000] {processor.py:840} INFO - DAG(s) 'insert_data_dag' retrieved from /opt/airflow/dags/database_dag.py
[2024-05-09T05:11:13.669+0000] {logging_mixin.py:188} INFO - [2024-05-09T05:11:13.669+0000] {dag.py:3096} INFO - Sync 1 DAGs
[2024-05-09T05:11:13.679+0000] {logging_mixin.py:188} INFO - [2024-05-09T05:11:13.679+0000] {dag.py:3954} INFO - Setting next_dagrun for insert_data_dag to None, run_after=None
[2024-05-09T05:11:13.700+0000] {processor.py:183} INFO - Processing /opt/airflow/dags/database_dag.py took 0.116 seconds
[2024-05-09T05:11:44.315+0000] {processor.py:161} INFO - Started process (PID=376) to work on /opt/airflow/dags/database_dag.py
[2024-05-09T05:11:44.316+0000] {processor.py:830} INFO - Processing file /opt/airflow/dags/database_dag.py for tasks to queue
[2024-05-09T05:11:44.317+0000] {logging_mixin.py:188} INFO - [2024-05-09T05:11:44.317+0000] {dagbag.py:545} INFO - Filling up the DagBag from /opt/airflow/dags/database_dag.py
[2024-05-09T05:11:44.373+0000] {processor.py:840} INFO - DAG(s) 'insert_data_dag' retrieved from /opt/airflow/dags/database_dag.py
[2024-05-09T05:11:44.391+0000] {logging_mixin.py:188} INFO - [2024-05-09T05:11:44.391+0000] {dag.py:3096} INFO - Sync 1 DAGs
[2024-05-09T05:11:44.401+0000] {logging_mixin.py:188} INFO - [2024-05-09T05:11:44.401+0000] {dag.py:3954} INFO - Setting next_dagrun for insert_data_dag to None, run_after=None
[2024-05-09T05:11:44.419+0000] {processor.py:183} INFO - Processing /opt/airflow/dags/database_dag.py took 0.108 seconds
[2024-05-09T05:12:15.081+0000] {processor.py:161} INFO - Started process (PID=396) to work on /opt/airflow/dags/database_dag.py
[2024-05-09T05:12:15.081+0000] {processor.py:830} INFO - Processing file /opt/airflow/dags/database_dag.py for tasks to queue
[2024-05-09T05:12:15.083+0000] {logging_mixin.py:188} INFO - [2024-05-09T05:12:15.083+0000] {dagbag.py:545} INFO - Filling up the DagBag from /opt/airflow/dags/database_dag.py
[2024-05-09T05:12:15.142+0000] {processor.py:840} INFO - DAG(s) 'insert_data_dag' retrieved from /opt/airflow/dags/database_dag.py
[2024-05-09T05:12:15.161+0000] {logging_mixin.py:188} INFO - [2024-05-09T05:12:15.160+0000] {dag.py:3096} INFO - Sync 1 DAGs
[2024-05-09T05:12:15.172+0000] {logging_mixin.py:188} INFO - [2024-05-09T05:12:15.172+0000] {dag.py:3954} INFO - Setting next_dagrun for insert_data_dag to None, run_after=None
[2024-05-09T05:12:15.194+0000] {processor.py:183} INFO - Processing /opt/airflow/dags/database_dag.py took 0.117 seconds
[2024-05-09T05:12:46.007+0000] {processor.py:161} INFO - Started process (PID=416) to work on /opt/airflow/dags/database_dag.py
[2024-05-09T05:12:46.008+0000] {processor.py:830} INFO - Processing file /opt/airflow/dags/database_dag.py for tasks to queue
[2024-05-09T05:12:46.010+0000] {logging_mixin.py:188} INFO - [2024-05-09T05:12:46.009+0000] {dagbag.py:545} INFO - Filling up the DagBag from /opt/airflow/dags/database_dag.py
[2024-05-09T05:12:46.078+0000] {logging_mixin.py:188} INFO - [2024-05-09T05:12:46.073+0000] {dagbag.py:355} ERROR - Failed to import: /opt/airflow/dags/database_dag.py
Traceback (most recent call last):
  File "/home/airflow/.local/lib/python3.12/site-packages/airflow/models/dagbag.py", line 351, in parse
    loader.exec_module(new_module)
  File "<frozen importlib._bootstrap_external>", line 995, in exec_module
  File "<frozen importlib._bootstrap>", line 488, in _call_with_frames_removed
  File "/opt/airflow/dags/database_dag.py", line 6, in <module>
    from src.database import insert_data_to_table
  File "/opt/airflow/dags/src/database.py", line 1
    import psycopg2-binary
                   ^
SyntaxError: invalid syntax
[2024-05-09T05:12:46.080+0000] {processor.py:842} WARNING - No viable dags retrieved from /opt/airflow/dags/database_dag.py
[2024-05-09T05:12:46.097+0000] {processor.py:183} INFO - Processing /opt/airflow/dags/database_dag.py took 0.095 seconds
[2024-05-09T05:13:16.852+0000] {processor.py:161} INFO - Started process (PID=436) to work on /opt/airflow/dags/database_dag.py
[2024-05-09T05:13:16.853+0000] {processor.py:830} INFO - Processing file /opt/airflow/dags/database_dag.py for tasks to queue
[2024-05-09T05:13:16.854+0000] {logging_mixin.py:188} INFO - [2024-05-09T05:13:16.854+0000] {dagbag.py:545} INFO - Filling up the DagBag from /opt/airflow/dags/database_dag.py
[2024-05-09T05:13:16.918+0000] {logging_mixin.py:188} INFO - [2024-05-09T05:13:16.913+0000] {dagbag.py:355} ERROR - Failed to import: /opt/airflow/dags/database_dag.py
Traceback (most recent call last):
  File "/home/airflow/.local/lib/python3.12/site-packages/airflow/models/dagbag.py", line 351, in parse
    loader.exec_module(new_module)
  File "<frozen importlib._bootstrap_external>", line 995, in exec_module
  File "<frozen importlib._bootstrap>", line 488, in _call_with_frames_removed
  File "/opt/airflow/dags/database_dag.py", line 6, in <module>
    from src.database import insert_data_to_table
  File "/opt/airflow/dags/src/database.py", line 1
    import psycopg2-binary
                   ^
SyntaxError: invalid syntax
[2024-05-09T05:13:16.920+0000] {processor.py:842} WARNING - No viable dags retrieved from /opt/airflow/dags/database_dag.py
[2024-05-09T05:13:16.937+0000] {processor.py:183} INFO - Processing /opt/airflow/dags/database_dag.py took 0.090 seconds
[2024-05-09T05:13:47.570+0000] {processor.py:161} INFO - Started process (PID=456) to work on /opt/airflow/dags/database_dag.py
[2024-05-09T05:13:47.570+0000] {processor.py:830} INFO - Processing file /opt/airflow/dags/database_dag.py for tasks to queue
[2024-05-09T05:13:47.571+0000] {logging_mixin.py:188} INFO - [2024-05-09T05:13:47.571+0000] {dagbag.py:545} INFO - Filling up the DagBag from /opt/airflow/dags/database_dag.py
[2024-05-09T05:13:47.627+0000] {processor.py:840} INFO - DAG(s) 'insert_data_dag' retrieved from /opt/airflow/dags/database_dag.py
[2024-05-09T05:13:47.709+0000] {logging_mixin.py:188} INFO - [2024-05-09T05:13:47.709+0000] {dag.py:3096} INFO - Sync 1 DAGs
[2024-05-09T05:13:47.719+0000] {logging_mixin.py:188} INFO - [2024-05-09T05:13:47.719+0000] {dag.py:3954} INFO - Setting next_dagrun for insert_data_dag to None, run_after=None
[2024-05-09T05:13:47.739+0000] {processor.py:183} INFO - Processing /opt/airflow/dags/database_dag.py took 0.175 seconds
[2024-05-09T05:14:18.328+0000] {processor.py:161} INFO - Started process (PID=476) to work on /opt/airflow/dags/database_dag.py
[2024-05-09T05:14:18.329+0000] {processor.py:830} INFO - Processing file /opt/airflow/dags/database_dag.py for tasks to queue
[2024-05-09T05:14:18.330+0000] {logging_mixin.py:188} INFO - [2024-05-09T05:14:18.329+0000] {dagbag.py:545} INFO - Filling up the DagBag from /opt/airflow/dags/database_dag.py
[2024-05-09T05:14:18.386+0000] {processor.py:840} INFO - DAG(s) 'insert_data_dag' retrieved from /opt/airflow/dags/database_dag.py
[2024-05-09T05:14:18.406+0000] {logging_mixin.py:188} INFO - [2024-05-09T05:14:18.406+0000] {dag.py:3096} INFO - Sync 1 DAGs
[2024-05-09T05:14:18.418+0000] {logging_mixin.py:188} INFO - [2024-05-09T05:14:18.418+0000] {dag.py:3954} INFO - Setting next_dagrun for insert_data_dag to None, run_after=None
[2024-05-09T05:14:18.439+0000] {processor.py:183} INFO - Processing /opt/airflow/dags/database_dag.py took 0.115 seconds
[2024-05-09T05:14:48.495+0000] {processor.py:161} INFO - Started process (PID=501) to work on /opt/airflow/dags/database_dag.py
[2024-05-09T05:14:48.495+0000] {processor.py:830} INFO - Processing file /opt/airflow/dags/database_dag.py for tasks to queue
[2024-05-09T05:14:48.496+0000] {logging_mixin.py:188} INFO - [2024-05-09T05:14:48.496+0000] {dagbag.py:545} INFO - Filling up the DagBag from /opt/airflow/dags/database_dag.py
[2024-05-09T05:14:48.559+0000] {processor.py:840} INFO - DAG(s) 'insert_data_dag' retrieved from /opt/airflow/dags/database_dag.py
[2024-05-09T05:14:48.577+0000] {logging_mixin.py:188} INFO - [2024-05-09T05:14:48.577+0000] {dag.py:3096} INFO - Sync 1 DAGs
[2024-05-09T05:14:48.587+0000] {logging_mixin.py:188} INFO - [2024-05-09T05:14:48.587+0000] {dag.py:3954} INFO - Setting next_dagrun for insert_data_dag to None, run_after=None
[2024-05-09T05:14:48.604+0000] {processor.py:183} INFO - Processing /opt/airflow/dags/database_dag.py took 0.114 seconds
[2024-05-09T05:15:18.767+0000] {processor.py:161} INFO - Started process (PID=541) to work on /opt/airflow/dags/database_dag.py
[2024-05-09T05:15:18.768+0000] {processor.py:830} INFO - Processing file /opt/airflow/dags/database_dag.py for tasks to queue
[2024-05-09T05:15:18.769+0000] {logging_mixin.py:188} INFO - [2024-05-09T05:15:18.769+0000] {dagbag.py:545} INFO - Filling up the DagBag from /opt/airflow/dags/database_dag.py
[2024-05-09T05:15:18.835+0000] {processor.py:840} INFO - DAG(s) 'insert_data_dag' retrieved from /opt/airflow/dags/database_dag.py
[2024-05-09T05:15:18.852+0000] {logging_mixin.py:188} INFO - [2024-05-09T05:15:18.852+0000] {dag.py:3096} INFO - Sync 1 DAGs
[2024-05-09T05:15:18.863+0000] {logging_mixin.py:188} INFO - [2024-05-09T05:15:18.862+0000] {dag.py:3954} INFO - Setting next_dagrun for insert_data_dag to None, run_after=None
[2024-05-09T05:15:18.879+0000] {processor.py:183} INFO - Processing /opt/airflow/dags/database_dag.py took 0.116 seconds
[2024-05-09T05:15:57.340+0000] {processor.py:161} INFO - Started process (PID=198) to work on /opt/airflow/dags/database_dag.py
[2024-05-09T05:15:57.341+0000] {processor.py:830} INFO - Processing file /opt/airflow/dags/database_dag.py for tasks to queue
[2024-05-09T05:15:57.342+0000] {logging_mixin.py:188} INFO - [2024-05-09T05:15:57.342+0000] {dagbag.py:545} INFO - Filling up the DagBag from /opt/airflow/dags/database_dag.py
[2024-05-09T05:15:57.398+0000] {processor.py:840} INFO - DAG(s) 'insert_data_dag' retrieved from /opt/airflow/dags/database_dag.py
[2024-05-09T05:15:57.410+0000] {logging_mixin.py:188} INFO - [2024-05-09T05:15:57.410+0000] {dag.py:3096} INFO - Sync 1 DAGs
[2024-05-09T05:15:57.421+0000] {logging_mixin.py:188} INFO - [2024-05-09T05:15:57.420+0000] {dag.py:3954} INFO - Setting next_dagrun for insert_data_dag to None, run_after=None
[2024-05-09T05:15:57.436+0000] {processor.py:183} INFO - Processing /opt/airflow/dags/database_dag.py took 0.100 seconds
[2024-05-09T05:16:27.595+0000] {processor.py:161} INFO - Started process (PID=242) to work on /opt/airflow/dags/database_dag.py
[2024-05-09T05:16:27.596+0000] {processor.py:830} INFO - Processing file /opt/airflow/dags/database_dag.py for tasks to queue
[2024-05-09T05:16:27.598+0000] {logging_mixin.py:188} INFO - [2024-05-09T05:16:27.598+0000] {dagbag.py:545} INFO - Filling up the DagBag from /opt/airflow/dags/database_dag.py
[2024-05-09T05:16:27.653+0000] {processor.py:840} INFO - DAG(s) 'insert_data_dag' retrieved from /opt/airflow/dags/database_dag.py
[2024-05-09T05:16:27.745+0000] {logging_mixin.py:188} INFO - [2024-05-09T05:16:27.745+0000] {dag.py:3096} INFO - Sync 1 DAGs
[2024-05-09T05:16:27.754+0000] {logging_mixin.py:188} INFO - [2024-05-09T05:16:27.754+0000] {dag.py:3954} INFO - Setting next_dagrun for insert_data_dag to None, run_after=None
[2024-05-09T05:16:27.773+0000] {processor.py:183} INFO - Processing /opt/airflow/dags/database_dag.py took 0.183 seconds
