[2024-05-09T09:13:41.738+0000] {local_task_job_runner.py:120} INFO - ::group::Pre task execution logs
[2024-05-09T09:13:41.771+0000] {taskinstance.py:2076} INFO - Dependencies all met for dep_context=non-requeueable deps ti=<TaskInstance: days_except_friday_dag.except_friday_crawler_task scheduled__2024-05-09T04:00:00+00:00 [queued]>
[2024-05-09T09:13:41.779+0000] {taskinstance.py:2076} INFO - Dependencies all met for dep_context=requeueable deps ti=<TaskInstance: days_except_friday_dag.except_friday_crawler_task scheduled__2024-05-09T04:00:00+00:00 [queued]>
[2024-05-09T09:13:41.780+0000] {taskinstance.py:2306} INFO - Starting attempt 1 of 1
[2024-05-09T09:13:41.793+0000] {taskinstance.py:2330} INFO - Executing <Task(PythonOperator): except_friday_crawler_task> on 2024-05-09 04:00:00+00:00
[2024-05-09T09:13:41.799+0000] {logging_mixin.py:188} WARNING - /home/airflow/.local/lib/python3.12/site-packages/airflow/task/task_runner/standard_task_runner.py:61 DeprecationWarning: This process (pid=287) is multi-threaded, use of fork() may lead to deadlocks in the child.
[2024-05-09T09:13:41.800+0000] {standard_task_runner.py:63} INFO - Started process 292 to run task
[2024-05-09T09:13:41.799+0000] {standard_task_runner.py:90} INFO - Running: ['airflow', 'tasks', 'run', 'days_except_friday_dag', 'except_friday_crawler_task', 'scheduled__2024-05-09T04:00:00+00:00', '--job-id', '57', '--raw', '--subdir', 'DAGS_FOLDER/single_dag.py', '--cfg-path', '/tmp/tmpwke9qg0w']
[2024-05-09T09:13:41.802+0000] {standard_task_runner.py:91} INFO - Job 57: Subtask except_friday_crawler_task
[2024-05-09T09:13:41.818+0000] {logging_mixin.py:188} WARNING - /home/airflow/.local/lib/python3.12/site-packages/airflow/settings.py:195 DeprecationWarning: The sql_alchemy_conn option in [core] has been moved to the sql_alchemy_conn option in [database] - the old setting has been used, but please update your config.
[2024-05-09T09:13:41.853+0000] {task_command.py:426} INFO - Running <TaskInstance: days_except_friday_dag.except_friday_crawler_task scheduled__2024-05-09T04:00:00+00:00 [running]> on host 5d069ed3d57a
[2024-05-09T09:13:41.935+0000] {taskinstance.py:2648} INFO - Exporting env vars: AIRFLOW_CTX_DAG_OWNER='airflow' AIRFLOW_CTX_DAG_ID='days_except_friday_dag' AIRFLOW_CTX_TASK_ID='except_friday_crawler_task' AIRFLOW_CTX_EXECUTION_DATE='2024-05-09T04:00:00+00:00' AIRFLOW_CTX_TRY_NUMBER='1' AIRFLOW_CTX_DAG_RUN_ID='scheduled__2024-05-09T04:00:00+00:00'
[2024-05-09T09:13:41.936+0000] {taskinstance.py:430} INFO - ::endgroup::
[2024-05-09T09:13:41.947+0000] {single_dag.py:49} INFO - This is an informational message
[2024-05-09T09:13:42.561+0000] {python.py:237} INFO - Done. Returned value was: None
[2024-05-09T09:13:42.563+0000] {taskinstance.py:441} INFO - ::group::Post task execution logs
[2024-05-09T09:13:42.576+0000] {taskinstance.py:1206} INFO - Marking task as SUCCESS. dag_id=days_except_friday_dag, task_id=except_friday_crawler_task, run_id=scheduled__2024-05-09T04:00:00+00:00, execution_date=20240509T040000, start_date=20240509T091341, end_date=20240509T091342
[2024-05-09T09:13:42.619+0000] {local_task_job_runner.py:240} INFO - Task exited with return code 0
[2024-05-09T09:13:42.641+0000] {taskinstance.py:3498} INFO - 1 downstream tasks scheduled from follow-on schedule check
[2024-05-09T09:13:42.644+0000] {local_task_job_runner.py:222} INFO - ::endgroup::
[2024-05-09T17:14:09.872+0000] {local_task_job_runner.py:120} INFO - ::group::Pre task execution logs
[2024-05-09T17:14:09.920+0000] {taskinstance.py:2076} INFO - Dependencies all met for dep_context=non-requeueable deps ti=<TaskInstance: days_except_friday_dag.except_friday_crawler_task scheduled__2024-05-09T04:00:00+00:00 [queued]>
[2024-05-09T17:14:09.935+0000] {taskinstance.py:2076} INFO - Dependencies all met for dep_context=requeueable deps ti=<TaskInstance: days_except_friday_dag.except_friday_crawler_task scheduled__2024-05-09T04:00:00+00:00 [queued]>
[2024-05-09T17:14:09.936+0000] {taskinstance.py:2306} INFO - Starting attempt 1 of 1
[2024-05-09T17:14:09.969+0000] {taskinstance.py:2330} INFO - Executing <Task(PythonOperator): except_friday_crawler_task> on 2024-05-09 04:00:00+00:00
[2024-05-09T17:14:09.978+0000] {logging_mixin.py:188} WARNING - /home/airflow/.local/lib/python3.12/site-packages/airflow/task/task_runner/standard_task_runner.py:61 DeprecationWarning: This process (pid=253) is multi-threaded, use of fork() may lead to deadlocks in the child.
[2024-05-09T17:14:09.978+0000] {standard_task_runner.py:90} INFO - Running: ['airflow', 'tasks', 'run', 'days_except_friday_dag', 'except_friday_crawler_task', 'scheduled__2024-05-09T04:00:00+00:00', '--job-id', '187', '--raw', '--subdir', 'DAGS_FOLDER/single_dag.py', '--cfg-path', '/tmp/tmpiu17p1aa']
[2024-05-09T17:14:09.987+0000] {standard_task_runner.py:91} INFO - Job 187: Subtask except_friday_crawler_task
[2024-05-09T17:14:09.979+0000] {standard_task_runner.py:63} INFO - Started process 260 to run task
[2024-05-09T17:14:10.020+0000] {logging_mixin.py:188} WARNING - /home/airflow/.local/lib/python3.12/site-packages/airflow/settings.py:195 DeprecationWarning: The sql_alchemy_conn option in [core] has been moved to the sql_alchemy_conn option in [database] - the old setting has been used, but please update your config.
[2024-05-09T17:14:10.077+0000] {task_command.py:426} INFO - Running <TaskInstance: days_except_friday_dag.except_friday_crawler_task scheduled__2024-05-09T04:00:00+00:00 [running]> on host 2ac721f319c6
[2024-05-09T17:14:10.195+0000] {taskinstance.py:2648} INFO - Exporting env vars: AIRFLOW_CTX_DAG_OWNER='airflow' AIRFLOW_CTX_DAG_ID='days_except_friday_dag' AIRFLOW_CTX_TASK_ID='except_friday_crawler_task' AIRFLOW_CTX_EXECUTION_DATE='2024-05-09T04:00:00+00:00' AIRFLOW_CTX_TRY_NUMBER='1' AIRFLOW_CTX_DAG_RUN_ID='scheduled__2024-05-09T04:00:00+00:00'
[2024-05-09T17:14:10.196+0000] {taskinstance.py:430} INFO - ::endgroup::
[2024-05-09T17:14:10.213+0000] {single_dag.py:49} INFO - This is an informational message
[2024-05-09T17:14:11.002+0000] {python.py:237} INFO - Done. Returned value was: None
[2024-05-09T17:14:11.003+0000] {taskinstance.py:441} INFO - ::group::Post task execution logs
[2024-05-09T17:14:11.246+0000] {taskinstance.py:1206} INFO - Marking task as SUCCESS. dag_id=days_except_friday_dag, task_id=except_friday_crawler_task, run_id=scheduled__2024-05-09T04:00:00+00:00, execution_date=20240509T040000, start_date=20240509T171409, end_date=20240509T171411
[2024-05-09T17:14:11.315+0000] {local_task_job_runner.py:240} INFO - Task exited with return code 0
[2024-05-09T17:14:11.346+0000] {local_task_job_runner.py:222} INFO - ::endgroup::
[2024-05-09T18:32:03.896+0000] {local_task_job_runner.py:120} INFO - ::group::Pre task execution logs
[2024-05-09T18:32:04.113+0000] {taskinstance.py:2076} INFO - Dependencies all met for dep_context=non-requeueable deps ti=<TaskInstance: days_except_friday_dag.except_friday_crawler_task scheduled__2024-05-09T04:00:00+00:00 [queued]>
[2024-05-09T18:32:04.140+0000] {taskinstance.py:2076} INFO - Dependencies all met for dep_context=requeueable deps ti=<TaskInstance: days_except_friday_dag.except_friday_crawler_task scheduled__2024-05-09T04:00:00+00:00 [queued]>
[2024-05-09T18:32:04.142+0000] {taskinstance.py:2306} INFO - Starting attempt 1 of 1
[2024-05-09T18:32:04.184+0000] {taskinstance.py:2330} INFO - Executing <Task(PythonOperator): except_friday_crawler_task> on 2024-05-09 04:00:00+00:00
[2024-05-09T18:32:04.194+0000] {logging_mixin.py:188} WARNING - /home/airflow/.local/lib/python3.12/site-packages/airflow/task/task_runner/standard_task_runner.py:61 DeprecationWarning: This process (pid=386) is multi-threaded, use of fork() may lead to deadlocks in the child.
[2024-05-09T18:32:04.200+0000] {standard_task_runner.py:63} INFO - Started process 397 to run task
[2024-05-09T18:32:04.193+0000] {standard_task_runner.py:90} INFO - Running: ['airflow', 'tasks', 'run', 'days_except_friday_dag', 'except_friday_crawler_task', 'scheduled__2024-05-09T04:00:00+00:00', '--job-id', '40', '--raw', '--subdir', 'DAGS_FOLDER/single_dag.py', '--cfg-path', '/tmp/tmp667t0uw8']
[2024-05-09T18:32:04.205+0000] {standard_task_runner.py:91} INFO - Job 40: Subtask except_friday_crawler_task
[2024-05-09T18:32:04.334+0000] {logging_mixin.py:188} WARNING - /home/airflow/.local/lib/python3.12/site-packages/airflow/settings.py:195 DeprecationWarning: The sql_alchemy_conn option in [core] has been moved to the sql_alchemy_conn option in [database] - the old setting has been used, but please update your config.
[2024-05-09T18:32:04.591+0000] {task_command.py:426} INFO - Running <TaskInstance: days_except_friday_dag.except_friday_crawler_task scheduled__2024-05-09T04:00:00+00:00 [running]> on host def55370f167
[2024-05-09T18:32:05.146+0000] {taskinstance.py:2648} INFO - Exporting env vars: AIRFLOW_CTX_DAG_OWNER='airflow' AIRFLOW_CTX_DAG_ID='days_except_friday_dag' AIRFLOW_CTX_TASK_ID='except_friday_crawler_task' AIRFLOW_CTX_EXECUTION_DATE='2024-05-09T04:00:00+00:00' AIRFLOW_CTX_TRY_NUMBER='1' AIRFLOW_CTX_DAG_RUN_ID='scheduled__2024-05-09T04:00:00+00:00'
[2024-05-09T18:32:05.148+0000] {taskinstance.py:430} INFO - ::endgroup::
[2024-05-09T18:32:05.161+0000] {single_dag.py:49} INFO - This is an informational message
[2024-05-09T18:32:05.936+0000] {python.py:237} INFO - Done. Returned value was: None
[2024-05-09T18:32:05.937+0000] {taskinstance.py:441} INFO - ::group::Post task execution logs
[2024-05-09T18:32:05.989+0000] {taskinstance.py:1206} INFO - Marking task as SUCCESS. dag_id=days_except_friday_dag, task_id=except_friday_crawler_task, run_id=scheduled__2024-05-09T04:00:00+00:00, execution_date=20240509T040000, start_date=20240509T183204, end_date=20240509T183205
[2024-05-09T18:32:06.319+0000] {local_task_job_runner.py:240} INFO - Task exited with return code 0
[2024-05-09T18:32:06.441+0000] {taskinstance.py:3498} INFO - 1 downstream tasks scheduled from follow-on schedule check
[2024-05-09T18:32:06.448+0000] {local_task_job_runner.py:222} INFO - ::endgroup::
