[2024-05-09T08:30:40.377+0000] {local_task_job_runner.py:120} INFO - ::group::Pre task execution logs
[2024-05-09T08:30:40.408+0000] {taskinstance.py:2076} INFO - Dependencies all met for dep_context=non-requeueable deps ti=<TaskInstance: dag.run_script_task manual__2024-05-09T08:29:11.866902+00:00 [queued]>
[2024-05-09T08:30:40.416+0000] {taskinstance.py:2076} INFO - Dependencies all met for dep_context=requeueable deps ti=<TaskInstance: dag.run_script_task manual__2024-05-09T08:29:11.866902+00:00 [queued]>
[2024-05-09T08:30:40.417+0000] {taskinstance.py:2306} INFO - Starting attempt 1 of 1
[2024-05-09T08:30:40.430+0000] {taskinstance.py:2330} INFO - Executing <Task(PythonOperator): run_script_task> on 2024-05-09 08:29:11.866902+00:00
[2024-05-09T08:30:40.435+0000] {logging_mixin.py:188} WARNING - /home/airflow/.local/lib/python3.12/site-packages/airflow/task/task_runner/standard_task_runner.py:61 DeprecationWarning: This process (pid=341) is multi-threaded, use of fork() may lead to deadlocks in the child.
[2024-05-09T08:30:40.435+0000] {standard_task_runner.py:90} INFO - Running: ['airflow', 'tasks', 'run', 'dag', 'run_script_task', 'manual__2024-05-09T08:29:11.866902+00:00', '--job-id', '31', '--raw', '--subdir', 'DAGS_FOLDER/single_dag.py', '--cfg-path', '/tmp/tmpyh_5nafe']
[2024-05-09T08:30:40.436+0000] {standard_task_runner.py:63} INFO - Started process 342 to run task
[2024-05-09T08:30:40.436+0000] {standard_task_runner.py:91} INFO - Job 31: Subtask run_script_task
[2024-05-09T08:30:40.451+0000] {logging_mixin.py:188} WARNING - /home/airflow/.local/lib/python3.12/site-packages/airflow/settings.py:195 DeprecationWarning: The sql_alchemy_conn option in [core] has been moved to the sql_alchemy_conn option in [database] - the old setting has been used, but please update your config.
[2024-05-09T08:30:40.482+0000] {task_command.py:426} INFO - Running <TaskInstance: dag.run_script_task manual__2024-05-09T08:29:11.866902+00:00 [running]> on host 5d069ed3d57a
[2024-05-09T08:30:40.561+0000] {taskinstance.py:2648} INFO - Exporting env vars: AIRFLOW_CTX_DAG_OWNER='airflow' AIRFLOW_CTX_DAG_ID='dag' AIRFLOW_CTX_TASK_ID='run_script_task' AIRFLOW_CTX_EXECUTION_DATE='2024-05-09T08:29:11.866902+00:00' AIRFLOW_CTX_TRY_NUMBER='1' AIRFLOW_CTX_DAG_RUN_ID='manual__2024-05-09T08:29:11.866902+00:00'
[2024-05-09T08:30:40.563+0000] {taskinstance.py:430} INFO - ::endgroup::
[2024-05-09T08:30:40.589+0000] {logging_mixin.py:188} INFO - Successfully inserted data into database
[2024-05-09T08:30:40.590+0000] {logging_mixin.py:188} INFO - Successfully inserted data into database
[2024-05-09T08:30:40.591+0000] {logging_mixin.py:188} INFO - Successfully inserted data into database
[2024-05-09T08:30:40.591+0000] {logging_mixin.py:188} INFO - Successfully inserted data into database
[2024-05-09T08:30:40.592+0000] {logging_mixin.py:188} INFO - Successfully inserted data into database
[2024-05-09T08:30:40.593+0000] {logging_mixin.py:188} INFO - Successfully inserted data into database
[2024-05-09T08:30:40.595+0000] {python.py:237} INFO - Done. Returned value was: None
[2024-05-09T08:30:40.595+0000] {taskinstance.py:441} INFO - ::group::Post task execution logs
[2024-05-09T08:30:40.605+0000] {taskinstance.py:1206} INFO - Marking task as SUCCESS. dag_id=dag, task_id=run_script_task, run_id=manual__2024-05-09T08:29:11.866902+00:00, execution_date=20240509T082911, start_date=20240509T083040, end_date=20240509T083040
[2024-05-09T08:30:40.650+0000] {local_task_job_runner.py:240} INFO - Task exited with return code 0
[2024-05-09T08:30:40.664+0000] {taskinstance.py:3498} INFO - 0 downstream tasks scheduled from follow-on schedule check
[2024-05-09T08:30:40.667+0000] {local_task_job_runner.py:222} INFO - ::endgroup::
