[2024-05-09T17:14:10.464+0000] {local_task_job_runner.py:120} INFO - ::group::Pre task execution logs
[2024-05-09T17:14:10.506+0000] {taskinstance.py:2076} INFO - Dependencies all met for dep_context=non-requeueable deps ti=<TaskInstance: days_except_friday_dag.except_friday_crawler_task scheduled__2024-05-09T14:00:00+00:00 [queued]>
[2024-05-09T17:14:10.515+0000] {taskinstance.py:2076} INFO - Dependencies all met for dep_context=requeueable deps ti=<TaskInstance: days_except_friday_dag.except_friday_crawler_task scheduled__2024-05-09T14:00:00+00:00 [queued]>
[2024-05-09T17:14:10.516+0000] {taskinstance.py:2306} INFO - Starting attempt 1 of 1
[2024-05-09T17:14:10.529+0000] {taskinstance.py:2330} INFO - Executing <Task(PythonOperator): except_friday_crawler_task> on 2024-05-09 14:00:00+00:00
[2024-05-09T17:14:10.533+0000] {logging_mixin.py:188} WARNING - /home/airflow/.local/lib/python3.12/site-packages/airflow/task/task_runner/standard_task_runner.py:61 DeprecationWarning: This process (pid=263) is multi-threaded, use of fork() may lead to deadlocks in the child.
[2024-05-09T17:14:10.535+0000] {standard_task_runner.py:63} INFO - Started process 267 to run task
[2024-05-09T17:14:10.533+0000] {standard_task_runner.py:90} INFO - Running: ['airflow', 'tasks', 'run', 'days_except_friday_dag', 'except_friday_crawler_task', 'scheduled__2024-05-09T14:00:00+00:00', '--job-id', '192', '--raw', '--subdir', 'DAGS_FOLDER/single_dag.py', '--cfg-path', '/tmp/tmplwkuynwo']
[2024-05-09T17:14:10.541+0000] {standard_task_runner.py:91} INFO - Job 192: Subtask except_friday_crawler_task
[2024-05-09T17:14:10.559+0000] {logging_mixin.py:188} WARNING - /home/airflow/.local/lib/python3.12/site-packages/airflow/settings.py:195 DeprecationWarning: The sql_alchemy_conn option in [core] has been moved to the sql_alchemy_conn option in [database] - the old setting has been used, but please update your config.
[2024-05-09T17:14:10.616+0000] {task_command.py:426} INFO - Running <TaskInstance: days_except_friday_dag.except_friday_crawler_task scheduled__2024-05-09T14:00:00+00:00 [running]> on host 2ac721f319c6
[2024-05-09T17:14:10.730+0000] {taskinstance.py:2648} INFO - Exporting env vars: AIRFLOW_CTX_DAG_OWNER='airflow' AIRFLOW_CTX_DAG_ID='days_except_friday_dag' AIRFLOW_CTX_TASK_ID='except_friday_crawler_task' AIRFLOW_CTX_EXECUTION_DATE='2024-05-09T14:00:00+00:00' AIRFLOW_CTX_TRY_NUMBER='1' AIRFLOW_CTX_DAG_RUN_ID='scheduled__2024-05-09T14:00:00+00:00'
[2024-05-09T17:14:10.731+0000] {taskinstance.py:430} INFO - ::endgroup::
[2024-05-09T17:14:10.750+0000] {single_dag.py:49} INFO - This is an informational message
[2024-05-09T17:14:11.752+0000] {python.py:237} INFO - Done. Returned value was: None
[2024-05-09T17:14:11.752+0000] {taskinstance.py:441} INFO - ::group::Post task execution logs
[2024-05-09T17:14:11.957+0000] {taskinstance.py:1206} INFO - Marking task as SUCCESS. dag_id=days_except_friday_dag, task_id=except_friday_crawler_task, run_id=scheduled__2024-05-09T14:00:00+00:00, execution_date=20240509T140000, start_date=20240509T171410, end_date=20240509T171411
[2024-05-09T17:14:12.072+0000] {local_task_job_runner.py:240} INFO - Task exited with return code 0
[2024-05-09T17:14:12.092+0000] {local_task_job_runner.py:222} INFO - ::endgroup::
[2024-05-09T18:32:04.802+0000] {local_task_job_runner.py:120} INFO - ::group::Pre task execution logs
[2024-05-09T18:32:05.050+0000] {taskinstance.py:2076} INFO - Dependencies all met for dep_context=non-requeueable deps ti=<TaskInstance: days_except_friday_dag.except_friday_crawler_task scheduled__2024-05-09T14:00:00+00:00 [queued]>
[2024-05-09T18:32:05.066+0000] {taskinstance.py:2076} INFO - Dependencies all met for dep_context=requeueable deps ti=<TaskInstance: days_except_friday_dag.except_friday_crawler_task scheduled__2024-05-09T14:00:00+00:00 [queued]>
[2024-05-09T18:32:05.067+0000] {taskinstance.py:2306} INFO - Starting attempt 1 of 1
[2024-05-09T18:32:05.088+0000] {taskinstance.py:2330} INFO - Executing <Task(PythonOperator): except_friday_crawler_task> on 2024-05-09 14:00:00+00:00
[2024-05-09T18:32:05.098+0000] {logging_mixin.py:188} WARNING - /home/airflow/.local/lib/python3.12/site-packages/airflow/task/task_runner/standard_task_runner.py:61 DeprecationWarning: This process (pid=395) is multi-threaded, use of fork() may lead to deadlocks in the child.
[2024-05-09T18:32:05.098+0000] {standard_task_runner.py:90} INFO - Running: ['airflow', 'tasks', 'run', 'days_except_friday_dag', 'except_friday_crawler_task', 'scheduled__2024-05-09T14:00:00+00:00', '--job-id', '46', '--raw', '--subdir', 'DAGS_FOLDER/single_dag.py', '--cfg-path', '/tmp/tmpbd48ijf7']
[2024-05-09T18:32:05.100+0000] {standard_task_runner.py:63} INFO - Started process 408 to run task
[2024-05-09T18:32:05.102+0000] {standard_task_runner.py:91} INFO - Job 46: Subtask except_friday_crawler_task
[2024-05-09T18:32:05.169+0000] {logging_mixin.py:188} WARNING - /home/airflow/.local/lib/python3.12/site-packages/airflow/settings.py:195 DeprecationWarning: The sql_alchemy_conn option in [core] has been moved to the sql_alchemy_conn option in [database] - the old setting has been used, but please update your config.
[2024-05-09T18:32:05.314+0000] {task_command.py:426} INFO - Running <TaskInstance: days_except_friday_dag.except_friday_crawler_task scheduled__2024-05-09T14:00:00+00:00 [running]> on host def55370f167
[2024-05-09T18:32:05.730+0000] {taskinstance.py:2648} INFO - Exporting env vars: AIRFLOW_CTX_DAG_OWNER='airflow' AIRFLOW_CTX_DAG_ID='days_except_friday_dag' AIRFLOW_CTX_TASK_ID='except_friday_crawler_task' AIRFLOW_CTX_EXECUTION_DATE='2024-05-09T14:00:00+00:00' AIRFLOW_CTX_TRY_NUMBER='1' AIRFLOW_CTX_DAG_RUN_ID='scheduled__2024-05-09T14:00:00+00:00'
[2024-05-09T18:32:05.731+0000] {taskinstance.py:430} INFO - ::endgroup::
[2024-05-09T18:32:05.760+0000] {single_dag.py:49} INFO - This is an informational message
[2024-05-09T18:32:06.706+0000] {python.py:237} INFO - Done. Returned value was: None
[2024-05-09T18:32:06.710+0000] {taskinstance.py:441} INFO - ::group::Post task execution logs
[2024-05-09T18:32:06.771+0000] {taskinstance.py:1206} INFO - Marking task as SUCCESS. dag_id=days_except_friday_dag, task_id=except_friday_crawler_task, run_id=scheduled__2024-05-09T14:00:00+00:00, execution_date=20240509T140000, start_date=20240509T183205, end_date=20240509T183206
[2024-05-09T18:32:06.982+0000] {local_task_job_runner.py:240} INFO - Task exited with return code 0
[2024-05-09T18:32:07.033+0000] {taskinstance.py:3498} INFO - 1 downstream tasks scheduled from follow-on schedule check
[2024-05-09T18:32:07.036+0000] {local_task_job_runner.py:222} INFO - ::endgroup::
