[2024-05-09T08:31:00.049+0000] {local_task_job_runner.py:120} INFO - ::group::Pre task execution logs
[2024-05-09T08:31:00.076+0000] {taskinstance.py:2076} INFO - Dependencies all met for dep_context=non-requeueable deps ti=<TaskInstance: dag.run_crawler_task manual__2024-05-09T08:30:59.056549+00:00 [queued]>
[2024-05-09T08:31:00.083+0000] {taskinstance.py:2076} INFO - Dependencies all met for dep_context=requeueable deps ti=<TaskInstance: dag.run_crawler_task manual__2024-05-09T08:30:59.056549+00:00 [queued]>
[2024-05-09T08:31:00.084+0000] {taskinstance.py:2306} INFO - Starting attempt 1 of 1
[2024-05-09T08:31:00.095+0000] {taskinstance.py:2330} INFO - Executing <Task(PythonOperator): run_crawler_task> on 2024-05-09 08:30:59.056549+00:00
[2024-05-09T08:31:00.099+0000] {logging_mixin.py:188} WARNING - /home/airflow/.local/lib/python3.12/site-packages/airflow/task/task_runner/standard_task_runner.py:61 DeprecationWarning: This process (pid=357) is multi-threaded, use of fork() may lead to deadlocks in the child.
[2024-05-09T08:31:00.099+0000] {standard_task_runner.py:90} INFO - Running: ['airflow', 'tasks', 'run', 'dag', 'run_crawler_task', 'manual__2024-05-09T08:30:59.056549+00:00', '--job-id', '34', '--raw', '--subdir', 'DAGS_FOLDER/single_dag.py', '--cfg-path', '/tmp/tmpmyhxsg1y']
[2024-05-09T08:31:00.100+0000] {standard_task_runner.py:63} INFO - Started process 358 to run task
[2024-05-09T08:31:00.100+0000] {standard_task_runner.py:91} INFO - Job 34: Subtask run_crawler_task
[2024-05-09T08:31:00.114+0000] {logging_mixin.py:188} WARNING - /home/airflow/.local/lib/python3.12/site-packages/airflow/settings.py:195 DeprecationWarning: The sql_alchemy_conn option in [core] has been moved to the sql_alchemy_conn option in [database] - the old setting has been used, but please update your config.
[2024-05-09T08:31:00.145+0000] {task_command.py:426} INFO - Running <TaskInstance: dag.run_crawler_task manual__2024-05-09T08:30:59.056549+00:00 [running]> on host 5d069ed3d57a
[2024-05-09T08:31:00.224+0000] {taskinstance.py:2648} INFO - Exporting env vars: AIRFLOW_CTX_DAG_OWNER='airflow' AIRFLOW_CTX_DAG_ID='dag' AIRFLOW_CTX_TASK_ID='run_crawler_task' AIRFLOW_CTX_EXECUTION_DATE='2024-05-09T08:30:59.056549+00:00' AIRFLOW_CTX_TRY_NUMBER='1' AIRFLOW_CTX_DAG_RUN_ID='manual__2024-05-09T08:30:59.056549+00:00'
[2024-05-09T08:31:00.225+0000] {taskinstance.py:430} INFO - ::endgroup::
[2024-05-09T08:31:00.235+0000] {single_dag.py:52} INFO - This is an informational message
[2024-05-09T08:31:00.889+0000] {logging_mixin.py:188} INFO - Successfully crawled websites and put the results into .json file
[2024-05-09T08:31:00.890+0000] {python.py:237} INFO - Done. Returned value was: None
[2024-05-09T08:31:00.891+0000] {taskinstance.py:441} INFO - ::group::Post task execution logs
[2024-05-09T08:31:00.998+0000] {taskinstance.py:1206} INFO - Marking task as SUCCESS. dag_id=dag, task_id=run_crawler_task, run_id=manual__2024-05-09T08:30:59.056549+00:00, execution_date=20240509T083059, start_date=20240509T083100, end_date=20240509T083100
[2024-05-09T08:31:01.036+0000] {local_task_job_runner.py:240} INFO - Task exited with return code 0
[2024-05-09T08:31:01.055+0000] {taskinstance.py:3498} INFO - 1 downstream tasks scheduled from follow-on schedule check
[2024-05-09T08:31:01.058+0000] {local_task_job_runner.py:222} INFO - ::endgroup::
