[2024-05-09T08:44:09.996+0000] {local_task_job_runner.py:120} INFO - ::group::Pre task execution logs
[2024-05-09T08:44:10.023+0000] {taskinstance.py:2076} INFO - Dependencies all met for dep_context=non-requeueable deps ti=<TaskInstance: dag.run_crawler_task manual__2024-05-09T08:44:09.062748+00:00 [queued]>
[2024-05-09T08:44:10.030+0000] {taskinstance.py:2076} INFO - Dependencies all met for dep_context=requeueable deps ti=<TaskInstance: dag.run_crawler_task manual__2024-05-09T08:44:09.062748+00:00 [queued]>
[2024-05-09T08:44:10.031+0000] {taskinstance.py:2306} INFO - Starting attempt 1 of 1
[2024-05-09T08:44:10.042+0000] {taskinstance.py:2330} INFO - Executing <Task(PythonOperator): run_crawler_task> on 2024-05-09 08:44:09.062748+00:00
[2024-05-09T08:44:10.047+0000] {logging_mixin.py:188} WARNING - /home/airflow/.local/lib/python3.12/site-packages/airflow/task/task_runner/standard_task_runner.py:61 DeprecationWarning: This process (pid=853) is multi-threaded, use of fork() may lead to deadlocks in the child.
[2024-05-09T08:44:10.047+0000] {standard_task_runner.py:90} INFO - Running: ['airflow', 'tasks', 'run', 'dag', 'run_crawler_task', 'manual__2024-05-09T08:44:09.062748+00:00', '--job-id', '42', '--raw', '--subdir', 'DAGS_FOLDER/single_dag.py', '--cfg-path', '/tmp/tmph4zvuwd7']
[2024-05-09T08:44:10.048+0000] {standard_task_runner.py:63} INFO - Started process 854 to run task
[2024-05-09T08:44:10.049+0000] {standard_task_runner.py:91} INFO - Job 42: Subtask run_crawler_task
[2024-05-09T08:44:10.064+0000] {logging_mixin.py:188} WARNING - /home/airflow/.local/lib/python3.12/site-packages/airflow/settings.py:195 DeprecationWarning: The sql_alchemy_conn option in [core] has been moved to the sql_alchemy_conn option in [database] - the old setting has been used, but please update your config.
[2024-05-09T08:44:10.095+0000] {task_command.py:426} INFO - Running <TaskInstance: dag.run_crawler_task manual__2024-05-09T08:44:09.062748+00:00 [running]> on host 5d069ed3d57a
[2024-05-09T08:44:10.177+0000] {taskinstance.py:2648} INFO - Exporting env vars: AIRFLOW_CTX_DAG_OWNER='airflow' AIRFLOW_CTX_DAG_ID='dag' AIRFLOW_CTX_TASK_ID='run_crawler_task' AIRFLOW_CTX_EXECUTION_DATE='2024-05-09T08:44:09.062748+00:00' AIRFLOW_CTX_TRY_NUMBER='1' AIRFLOW_CTX_DAG_RUN_ID='manual__2024-05-09T08:44:09.062748+00:00'
[2024-05-09T08:44:10.178+0000] {taskinstance.py:430} INFO - ::endgroup::
[2024-05-09T08:44:10.188+0000] {single_dag.py:49} INFO - This is an informational message
[2024-05-09T08:44:10.924+0000] {python.py:237} INFO - Done. Returned value was: None
[2024-05-09T08:44:10.925+0000] {taskinstance.py:441} INFO - ::group::Post task execution logs
[2024-05-09T08:44:11.026+0000] {taskinstance.py:1206} INFO - Marking task as SUCCESS. dag_id=dag, task_id=run_crawler_task, run_id=manual__2024-05-09T08:44:09.062748+00:00, execution_date=20240509T084409, start_date=20240509T084410, end_date=20240509T084411
[2024-05-09T08:44:11.066+0000] {local_task_job_runner.py:240} INFO - Task exited with return code 0
[2024-05-09T08:44:11.085+0000] {taskinstance.py:3498} INFO - 1 downstream tasks scheduled from follow-on schedule check
[2024-05-09T08:44:11.088+0000] {local_task_job_runner.py:222} INFO - ::endgroup::
