[2024-05-09T17:14:12.655+0000] {local_task_job_runner.py:120} INFO - ::group::Pre task execution logs
[2024-05-09T17:14:12.695+0000] {taskinstance.py:2076} INFO - Dependencies all met for dep_context=non-requeueable deps ti=<TaskInstance: days_except_friday_dag.except_friday_run_database_task scheduled__2024-05-09T14:00:00+00:00 [queued]>
[2024-05-09T17:14:12.708+0000] {taskinstance.py:2076} INFO - Dependencies all met for dep_context=requeueable deps ti=<TaskInstance: days_except_friday_dag.except_friday_run_database_task scheduled__2024-05-09T14:00:00+00:00 [queued]>
[2024-05-09T17:14:12.709+0000] {taskinstance.py:2306} INFO - Starting attempt 1 of 1
[2024-05-09T17:14:12.726+0000] {taskinstance.py:2330} INFO - Executing <Task(PythonOperator): except_friday_run_database_task> on 2024-05-09 14:00:00+00:00
[2024-05-09T17:14:12.732+0000] {logging_mixin.py:188} WARNING - /home/airflow/.local/lib/python3.12/site-packages/airflow/task/task_runner/standard_task_runner.py:61 DeprecationWarning: This process (pid=276) is multi-threaded, use of fork() may lead to deadlocks in the child.
[2024-05-09T17:14:12.732+0000] {standard_task_runner.py:90} INFO - Running: ['airflow', 'tasks', 'run', 'days_except_friday_dag', 'except_friday_run_database_task', 'scheduled__2024-05-09T14:00:00+00:00', '--job-id', '201', '--raw', '--subdir', 'DAGS_FOLDER/single_dag.py', '--cfg-path', '/tmp/tmp4r1juy03']
[2024-05-09T17:14:12.734+0000] {standard_task_runner.py:63} INFO - Started process 285 to run task
[2024-05-09T17:14:12.735+0000] {standard_task_runner.py:91} INFO - Job 201: Subtask except_friday_run_database_task
[2024-05-09T17:14:12.769+0000] {logging_mixin.py:188} WARNING - /home/airflow/.local/lib/python3.12/site-packages/airflow/settings.py:195 DeprecationWarning: The sql_alchemy_conn option in [core] has been moved to the sql_alchemy_conn option in [database] - the old setting has been used, but please update your config.
[2024-05-09T17:14:12.818+0000] {task_command.py:426} INFO - Running <TaskInstance: days_except_friday_dag.except_friday_run_database_task scheduled__2024-05-09T14:00:00+00:00 [running]> on host 2ac721f319c6
[2024-05-09T17:14:12.904+0000] {taskinstance.py:2648} INFO - Exporting env vars: AIRFLOW_CTX_DAG_OWNER='airflow' AIRFLOW_CTX_DAG_ID='days_except_friday_dag' AIRFLOW_CTX_TASK_ID='except_friday_run_database_task' AIRFLOW_CTX_EXECUTION_DATE='2024-05-09T14:00:00+00:00' AIRFLOW_CTX_TRY_NUMBER='1' AIRFLOW_CTX_DAG_RUN_ID='scheduled__2024-05-09T14:00:00+00:00'
[2024-05-09T17:14:12.905+0000] {taskinstance.py:430} INFO - ::endgroup::
[2024-05-09T17:14:12.928+0000] {python.py:237} INFO - Done. Returned value was: None
[2024-05-09T17:14:12.928+0000] {taskinstance.py:441} INFO - ::group::Post task execution logs
[2024-05-09T17:14:12.937+0000] {taskinstance.py:1206} INFO - Marking task as SUCCESS. dag_id=days_except_friday_dag, task_id=except_friday_run_database_task, run_id=scheduled__2024-05-09T14:00:00+00:00, execution_date=20240509T140000, start_date=20240509T171412, end_date=20240509T171412
[2024-05-09T17:14:12.954+0000] {local_task_job_runner.py:240} INFO - Task exited with return code 0
[2024-05-09T17:14:12.967+0000] {taskinstance.py:3498} INFO - 0 downstream tasks scheduled from follow-on schedule check
[2024-05-09T17:14:12.970+0000] {local_task_job_runner.py:222} INFO - ::endgroup::
[2024-05-09T18:32:07.911+0000] {local_task_job_runner.py:120} INFO - ::group::Pre task execution logs
[2024-05-09T18:32:08.013+0000] {taskinstance.py:2076} INFO - Dependencies all met for dep_context=non-requeueable deps ti=<TaskInstance: days_except_friday_dag.except_friday_run_database_task scheduled__2024-05-09T14:00:00+00:00 [queued]>
[2024-05-09T18:32:08.036+0000] {taskinstance.py:2076} INFO - Dependencies all met for dep_context=requeueable deps ti=<TaskInstance: days_except_friday_dag.except_friday_run_database_task scheduled__2024-05-09T14:00:00+00:00 [queued]>
[2024-05-09T18:32:08.036+0000] {taskinstance.py:2306} INFO - Starting attempt 1 of 1
[2024-05-09T18:32:08.058+0000] {taskinstance.py:2330} INFO - Executing <Task(PythonOperator): except_friday_run_database_task> on 2024-05-09 14:00:00+00:00
[2024-05-09T18:32:08.066+0000] {logging_mixin.py:188} WARNING - /home/airflow/.local/lib/python3.12/site-packages/airflow/task/task_runner/standard_task_runner.py:61 DeprecationWarning: This process (pid=417) is multi-threaded, use of fork() may lead to deadlocks in the child.
[2024-05-09T18:32:08.066+0000] {standard_task_runner.py:90} INFO - Running: ['airflow', 'tasks', 'run', 'days_except_friday_dag', 'except_friday_run_database_task', 'scheduled__2024-05-09T14:00:00+00:00', '--job-id', '48', '--raw', '--subdir', 'DAGS_FOLDER/single_dag.py', '--cfg-path', '/tmp/tmp8w6lvz5a']
[2024-05-09T18:32:08.069+0000] {standard_task_runner.py:91} INFO - Job 48: Subtask except_friday_run_database_task
[2024-05-09T18:32:08.069+0000] {standard_task_runner.py:63} INFO - Started process 421 to run task
[2024-05-09T18:32:08.150+0000] {logging_mixin.py:188} WARNING - /home/airflow/.local/lib/python3.12/site-packages/airflow/settings.py:195 DeprecationWarning: The sql_alchemy_conn option in [core] has been moved to the sql_alchemy_conn option in [database] - the old setting has been used, but please update your config.
[2024-05-09T18:32:08.380+0000] {task_command.py:426} INFO - Running <TaskInstance: days_except_friday_dag.except_friday_run_database_task scheduled__2024-05-09T14:00:00+00:00 [running]> on host def55370f167
[2024-05-09T18:32:08.801+0000] {taskinstance.py:2648} INFO - Exporting env vars: AIRFLOW_CTX_DAG_OWNER='airflow' AIRFLOW_CTX_DAG_ID='days_except_friday_dag' AIRFLOW_CTX_TASK_ID='except_friday_run_database_task' AIRFLOW_CTX_EXECUTION_DATE='2024-05-09T14:00:00+00:00' AIRFLOW_CTX_TRY_NUMBER='1' AIRFLOW_CTX_DAG_RUN_ID='scheduled__2024-05-09T14:00:00+00:00'
[2024-05-09T18:32:08.803+0000] {taskinstance.py:430} INFO - ::endgroup::
[2024-05-09T18:32:09.007+0000] {logging_mixin.py:188} INFO - Successfully created table 'incidence_table'
[2024-05-09T18:32:09.020+0000] {python.py:237} INFO - Done. Returned value was: None
[2024-05-09T18:32:09.023+0000] {taskinstance.py:441} INFO - ::group::Post task execution logs
[2024-05-09T18:32:09.106+0000] {taskinstance.py:1206} INFO - Marking task as SUCCESS. dag_id=days_except_friday_dag, task_id=except_friday_run_database_task, run_id=scheduled__2024-05-09T14:00:00+00:00, execution_date=20240509T140000, start_date=20240509T183208, end_date=20240509T183209
[2024-05-09T18:32:09.143+0000] {local_task_job_runner.py:240} INFO - Task exited with return code 0
[2024-05-09T18:32:09.249+0000] {taskinstance.py:3498} INFO - 0 downstream tasks scheduled from follow-on schedule check
[2024-05-09T18:32:09.256+0000] {local_task_job_runner.py:222} INFO - ::endgroup::
