[2024-05-09T08:31:46.540+0000] {local_task_job_runner.py:120} INFO - ::group::Pre task execution logs
[2024-05-09T08:31:46.566+0000] {taskinstance.py:2076} INFO - Dependencies all met for dep_context=non-requeueable deps ti=<TaskInstance: dag.run_script_task manual__2024-05-09T08:31:43.834703+00:00 [queued]>
[2024-05-09T08:31:46.572+0000] {taskinstance.py:2076} INFO - Dependencies all met for dep_context=requeueable deps ti=<TaskInstance: dag.run_script_task manual__2024-05-09T08:31:43.834703+00:00 [queued]>
[2024-05-09T08:31:46.573+0000] {taskinstance.py:2306} INFO - Starting attempt 1 of 1
[2024-05-09T08:31:46.583+0000] {taskinstance.py:2330} INFO - Executing <Task(PythonOperator): run_script_task> on 2024-05-09 08:31:43.834703+00:00
[2024-05-09T08:31:46.587+0000] {logging_mixin.py:188} WARNING - /home/airflow/.local/lib/python3.12/site-packages/airflow/task/task_runner/standard_task_runner.py:61 DeprecationWarning: This process (pid=397) is multi-threaded, use of fork() may lead to deadlocks in the child.
[2024-05-09T08:31:46.587+0000] {standard_task_runner.py:90} INFO - Running: ['airflow', 'tasks', 'run', 'dag', 'run_script_task', 'manual__2024-05-09T08:31:43.834703+00:00', '--job-id', '39', '--raw', '--subdir', 'DAGS_FOLDER/single_dag.py', '--cfg-path', '/tmp/tmps1a0y228']
[2024-05-09T08:31:46.588+0000] {standard_task_runner.py:63} INFO - Started process 398 to run task
[2024-05-09T08:31:46.588+0000] {standard_task_runner.py:91} INFO - Job 39: Subtask run_script_task
[2024-05-09T08:31:46.602+0000] {logging_mixin.py:188} WARNING - /home/airflow/.local/lib/python3.12/site-packages/airflow/settings.py:195 DeprecationWarning: The sql_alchemy_conn option in [core] has been moved to the sql_alchemy_conn option in [database] - the old setting has been used, but please update your config.
[2024-05-09T08:31:46.631+0000] {task_command.py:426} INFO - Running <TaskInstance: dag.run_script_task manual__2024-05-09T08:31:43.834703+00:00 [running]> on host 5d069ed3d57a
[2024-05-09T08:31:46.705+0000] {taskinstance.py:2648} INFO - Exporting env vars: AIRFLOW_CTX_DAG_OWNER='airflow' AIRFLOW_CTX_DAG_ID='dag' AIRFLOW_CTX_TASK_ID='run_script_task' AIRFLOW_CTX_EXECUTION_DATE='2024-05-09T08:31:43.834703+00:00' AIRFLOW_CTX_TRY_NUMBER='1' AIRFLOW_CTX_DAG_RUN_ID='manual__2024-05-09T08:31:43.834703+00:00'
[2024-05-09T08:31:46.706+0000] {taskinstance.py:430} INFO - ::endgroup::
[2024-05-09T08:31:46.731+0000] {logging_mixin.py:188} INFO - Successfully inserted data into database
[2024-05-09T08:31:46.732+0000] {logging_mixin.py:188} INFO - Successfully inserted data into database
[2024-05-09T08:31:46.733+0000] {logging_mixin.py:188} INFO - Successfully inserted data into database
[2024-05-09T08:31:46.733+0000] {logging_mixin.py:188} INFO - Successfully inserted data into database
[2024-05-09T08:31:46.734+0000] {logging_mixin.py:188} INFO - Successfully inserted data into database
[2024-05-09T08:31:46.735+0000] {logging_mixin.py:188} INFO - Successfully inserted data into database
[2024-05-09T08:31:46.737+0000] {python.py:237} INFO - Done. Returned value was: None
[2024-05-09T08:31:46.738+0000] {taskinstance.py:441} INFO - ::group::Post task execution logs
[2024-05-09T08:31:46.746+0000] {taskinstance.py:1206} INFO - Marking task as SUCCESS. dag_id=dag, task_id=run_script_task, run_id=manual__2024-05-09T08:31:43.834703+00:00, execution_date=20240509T083143, start_date=20240509T083146, end_date=20240509T083146
[2024-05-09T08:31:46.762+0000] {local_task_job_runner.py:240} INFO - Task exited with return code 0
[2024-05-09T08:31:46.776+0000] {taskinstance.py:3498} INFO - 0 downstream tasks scheduled from follow-on schedule check
[2024-05-09T08:31:46.778+0000] {local_task_job_runner.py:222} INFO - ::endgroup::
