[2024-05-09T11:01:42.824+0000] {local_task_job_runner.py:120} INFO - ::group::Pre task execution logs
[2024-05-09T11:01:42.851+0000] {taskinstance.py:2076} INFO - Dependencies all met for dep_context=non-requeueable deps ti=<TaskInstance: days_except_friday_dag.except_friday_run_database_task manual__2024-05-09T11:01:39.778922+00:00 [queued]>
[2024-05-09T11:01:42.858+0000] {taskinstance.py:2076} INFO - Dependencies all met for dep_context=requeueable deps ti=<TaskInstance: days_except_friday_dag.except_friday_run_database_task manual__2024-05-09T11:01:39.778922+00:00 [queued]>
[2024-05-09T11:01:42.858+0000] {taskinstance.py:2306} INFO - Starting attempt 1 of 1
[2024-05-09T11:01:42.869+0000] {taskinstance.py:2330} INFO - Executing <Task(PythonOperator): except_friday_run_database_task> on 2024-05-09 11:01:39.778922+00:00
[2024-05-09T11:01:42.873+0000] {logging_mixin.py:188} WARNING - /home/airflow/.local/lib/python3.12/site-packages/airflow/task/task_runner/standard_task_runner.py:61 DeprecationWarning: This process (pid=401) is multi-threaded, use of fork() may lead to deadlocks in the child.
[2024-05-09T11:01:42.874+0000] {standard_task_runner.py:63} INFO - Started process 402 to run task
[2024-05-09T11:01:42.873+0000] {standard_task_runner.py:90} INFO - Running: ['airflow', 'tasks', 'run', 'days_except_friday_dag', 'except_friday_run_database_task', 'manual__2024-05-09T11:01:39.778922+00:00', '--job-id', '109', '--raw', '--subdir', 'DAGS_FOLDER/single_dag.py', '--cfg-path', '/tmp/tmplfu20kti']
[2024-05-09T11:01:42.875+0000] {standard_task_runner.py:91} INFO - Job 109: Subtask except_friday_run_database_task
[2024-05-09T11:01:42.888+0000] {logging_mixin.py:188} WARNING - /home/airflow/.local/lib/python3.12/site-packages/airflow/settings.py:195 DeprecationWarning: The sql_alchemy_conn option in [core] has been moved to the sql_alchemy_conn option in [database] - the old setting has been used, but please update your config.
[2024-05-09T11:01:42.922+0000] {task_command.py:426} INFO - Running <TaskInstance: days_except_friday_dag.except_friday_run_database_task manual__2024-05-09T11:01:39.778922+00:00 [running]> on host 5d069ed3d57a
[2024-05-09T11:01:42.997+0000] {taskinstance.py:2648} INFO - Exporting env vars: AIRFLOW_CTX_DAG_OWNER='airflow' AIRFLOW_CTX_DAG_ID='days_except_friday_dag' AIRFLOW_CTX_TASK_ID='except_friday_run_database_task' AIRFLOW_CTX_EXECUTION_DATE='2024-05-09T11:01:39.778922+00:00' AIRFLOW_CTX_TRY_NUMBER='1' AIRFLOW_CTX_DAG_RUN_ID='manual__2024-05-09T11:01:39.778922+00:00'
[2024-05-09T11:01:42.999+0000] {taskinstance.py:430} INFO - ::endgroup::
[2024-05-09T11:01:43.016+0000] {logging_mixin.py:188} INFO - Successfully deleted table 'incidence_table'
[2024-05-09T11:01:43.019+0000] {python.py:237} INFO - Done. Returned value was: None
[2024-05-09T11:01:43.019+0000] {taskinstance.py:441} INFO - ::group::Post task execution logs
[2024-05-09T11:01:43.028+0000] {taskinstance.py:1206} INFO - Marking task as SUCCESS. dag_id=days_except_friday_dag, task_id=except_friday_run_database_task, run_id=manual__2024-05-09T11:01:39.778922+00:00, execution_date=20240509T110139, start_date=20240509T110142, end_date=20240509T110143
[2024-05-09T11:01:43.048+0000] {local_task_job_runner.py:240} INFO - Task exited with return code 0
[2024-05-09T11:01:43.061+0000] {taskinstance.py:3498} INFO - 0 downstream tasks scheduled from follow-on schedule check
[2024-05-09T11:01:43.064+0000] {local_task_job_runner.py:222} INFO - ::endgroup::
