[2024-05-09T12:00:00.513+0000] {local_task_job_runner.py:120} INFO - ::group::Pre task execution logs
[2024-05-09T12:00:00.540+0000] {taskinstance.py:2076} INFO - Dependencies all met for dep_context=non-requeueable deps ti=<TaskInstance: days_except_friday_dag.except_friday_crawler_task scheduled__2024-05-09T10:00:00+00:00 [queued]>
[2024-05-09T12:00:00.547+0000] {taskinstance.py:2076} INFO - Dependencies all met for dep_context=requeueable deps ti=<TaskInstance: days_except_friday_dag.except_friday_crawler_task scheduled__2024-05-09T10:00:00+00:00 [queued]>
[2024-05-09T12:00:00.548+0000] {taskinstance.py:2306} INFO - Starting attempt 1 of 1
[2024-05-09T12:00:00.559+0000] {taskinstance.py:2330} INFO - Executing <Task(PythonOperator): except_friday_crawler_task> on 2024-05-09 10:00:00+00:00
[2024-05-09T12:00:00.564+0000] {logging_mixin.py:188} WARNING - /home/airflow/.local/lib/python3.12/site-packages/airflow/task/task_runner/standard_task_runner.py:61 DeprecationWarning: This process (pid=2153) is multi-threaded, use of fork() may lead to deadlocks in the child.
[2024-05-09T12:00:00.564+0000] {standard_task_runner.py:90} INFO - Running: ['airflow', 'tasks', 'run', 'days_except_friday_dag', 'except_friday_crawler_task', 'scheduled__2024-05-09T10:00:00+00:00', '--job-id', '120', '--raw', '--subdir', 'DAGS_FOLDER/single_dag.py', '--cfg-path', '/tmp/tmpdemgt9me']
[2024-05-09T12:00:00.565+0000] {standard_task_runner.py:63} INFO - Started process 2154 to run task
[2024-05-09T12:00:00.565+0000] {standard_task_runner.py:91} INFO - Job 120: Subtask except_friday_crawler_task
[2024-05-09T12:00:00.579+0000] {logging_mixin.py:188} WARNING - /home/airflow/.local/lib/python3.12/site-packages/airflow/settings.py:195 DeprecationWarning: The sql_alchemy_conn option in [core] has been moved to the sql_alchemy_conn option in [database] - the old setting has been used, but please update your config.
[2024-05-09T12:00:00.612+0000] {task_command.py:426} INFO - Running <TaskInstance: days_except_friday_dag.except_friday_crawler_task scheduled__2024-05-09T10:00:00+00:00 [running]> on host 5d069ed3d57a
[2024-05-09T12:00:00.696+0000] {taskinstance.py:2648} INFO - Exporting env vars: AIRFLOW_CTX_DAG_OWNER='airflow' AIRFLOW_CTX_DAG_ID='days_except_friday_dag' AIRFLOW_CTX_TASK_ID='except_friday_crawler_task' AIRFLOW_CTX_EXECUTION_DATE='2024-05-09T10:00:00+00:00' AIRFLOW_CTX_TRY_NUMBER='1' AIRFLOW_CTX_DAG_RUN_ID='scheduled__2024-05-09T10:00:00+00:00'
[2024-05-09T12:00:00.698+0000] {taskinstance.py:430} INFO - ::endgroup::
[2024-05-09T12:00:00.708+0000] {single_dag.py:49} INFO - This is an informational message
[2024-05-09T12:00:01.434+0000] {python.py:237} INFO - Done. Returned value was: None
[2024-05-09T12:00:01.434+0000] {taskinstance.py:441} INFO - ::group::Post task execution logs
[2024-05-09T12:00:01.528+0000] {taskinstance.py:1206} INFO - Marking task as SUCCESS. dag_id=days_except_friday_dag, task_id=except_friday_crawler_task, run_id=scheduled__2024-05-09T10:00:00+00:00, execution_date=20240509T100000, start_date=20240509T120000, end_date=20240509T120001
[2024-05-09T12:00:01.542+0000] {local_task_job_runner.py:240} INFO - Task exited with return code 0
[2024-05-09T12:00:01.559+0000] {taskinstance.py:3498} INFO - 1 downstream tasks scheduled from follow-on schedule check
[2024-05-09T12:00:01.562+0000] {local_task_job_runner.py:222} INFO - ::endgroup::
[2024-05-09T17:14:10.218+0000] {local_task_job_runner.py:120} INFO - ::group::Pre task execution logs
[2024-05-09T17:14:10.256+0000] {taskinstance.py:2076} INFO - Dependencies all met for dep_context=non-requeueable deps ti=<TaskInstance: days_except_friday_dag.except_friday_crawler_task scheduled__2024-05-09T10:00:00+00:00 [queued]>
[2024-05-09T17:14:10.265+0000] {taskinstance.py:2076} INFO - Dependencies all met for dep_context=requeueable deps ti=<TaskInstance: days_except_friday_dag.except_friday_crawler_task scheduled__2024-05-09T10:00:00+00:00 [queued]>
[2024-05-09T17:14:10.266+0000] {taskinstance.py:2306} INFO - Starting attempt 1 of 1
[2024-05-09T17:14:10.279+0000] {taskinstance.py:2330} INFO - Executing <Task(PythonOperator): except_friday_crawler_task> on 2024-05-09 10:00:00+00:00
[2024-05-09T17:14:10.284+0000] {standard_task_runner.py:90} INFO - Running: ['airflow', 'tasks', 'run', 'days_except_friday_dag', 'except_friday_crawler_task', 'scheduled__2024-05-09T10:00:00+00:00', '--job-id', '190', '--raw', '--subdir', 'DAGS_FOLDER/single_dag.py', '--cfg-path', '/tmp/tmpxcyn6_ke']
[2024-05-09T17:14:10.287+0000] {standard_task_runner.py:91} INFO - Job 190: Subtask except_friday_crawler_task
[2024-05-09T17:14:10.285+0000] {logging_mixin.py:188} WARNING - /home/airflow/.local/lib/python3.12/site-packages/airflow/task/task_runner/standard_task_runner.py:61 DeprecationWarning: This process (pid=259) is multi-threaded, use of fork() may lead to deadlocks in the child.
[2024-05-09T17:14:10.289+0000] {standard_task_runner.py:63} INFO - Started process 265 to run task
[2024-05-09T17:14:10.307+0000] {logging_mixin.py:188} WARNING - /home/airflow/.local/lib/python3.12/site-packages/airflow/settings.py:195 DeprecationWarning: The sql_alchemy_conn option in [core] has been moved to the sql_alchemy_conn option in [database] - the old setting has been used, but please update your config.
[2024-05-09T17:14:10.371+0000] {task_command.py:426} INFO - Running <TaskInstance: days_except_friday_dag.except_friday_crawler_task scheduled__2024-05-09T10:00:00+00:00 [running]> on host 2ac721f319c6
[2024-05-09T17:14:10.508+0000] {taskinstance.py:2648} INFO - Exporting env vars: AIRFLOW_CTX_DAG_OWNER='airflow' AIRFLOW_CTX_DAG_ID='days_except_friday_dag' AIRFLOW_CTX_TASK_ID='except_friday_crawler_task' AIRFLOW_CTX_EXECUTION_DATE='2024-05-09T10:00:00+00:00' AIRFLOW_CTX_TRY_NUMBER='1' AIRFLOW_CTX_DAG_RUN_ID='scheduled__2024-05-09T10:00:00+00:00'
[2024-05-09T17:14:10.509+0000] {taskinstance.py:430} INFO - ::endgroup::
[2024-05-09T17:14:10.522+0000] {single_dag.py:49} INFO - This is an informational message
[2024-05-09T17:14:11.470+0000] {python.py:237} INFO - Done. Returned value was: None
[2024-05-09T17:14:11.484+0000] {taskinstance.py:441} INFO - ::group::Post task execution logs
[2024-05-09T17:14:11.707+0000] {taskinstance.py:1206} INFO - Marking task as SUCCESS. dag_id=days_except_friday_dag, task_id=except_friday_crawler_task, run_id=scheduled__2024-05-09T10:00:00+00:00, execution_date=20240509T100000, start_date=20240509T171410, end_date=20240509T171411
[2024-05-09T17:14:11.756+0000] {local_task_job_runner.py:240} INFO - Task exited with return code 0
[2024-05-09T17:14:11.782+0000] {local_task_job_runner.py:222} INFO - ::endgroup::
[2024-05-09T18:32:04.510+0000] {local_task_job_runner.py:120} INFO - ::group::Pre task execution logs
[2024-05-09T18:32:04.695+0000] {taskinstance.py:2076} INFO - Dependencies all met for dep_context=non-requeueable deps ti=<TaskInstance: days_except_friday_dag.except_friday_crawler_task scheduled__2024-05-09T10:00:00+00:00 [queued]>
[2024-05-09T18:32:04.712+0000] {taskinstance.py:2076} INFO - Dependencies all met for dep_context=requeueable deps ti=<TaskInstance: days_except_friday_dag.except_friday_crawler_task scheduled__2024-05-09T10:00:00+00:00 [queued]>
[2024-05-09T18:32:04.714+0000] {taskinstance.py:2306} INFO - Starting attempt 1 of 1
[2024-05-09T18:32:04.737+0000] {taskinstance.py:2330} INFO - Executing <Task(PythonOperator): except_friday_crawler_task> on 2024-05-09 10:00:00+00:00
[2024-05-09T18:32:04.745+0000] {logging_mixin.py:188} WARNING - /home/airflow/.local/lib/python3.12/site-packages/airflow/task/task_runner/standard_task_runner.py:61 DeprecationWarning: This process (pid=390) is multi-threaded, use of fork() may lead to deadlocks in the child.
[2024-05-09T18:32:04.747+0000] {standard_task_runner.py:63} INFO - Started process 404 to run task
[2024-05-09T18:32:04.753+0000] {standard_task_runner.py:90} INFO - Running: ['airflow', 'tasks', 'run', 'days_except_friday_dag', 'except_friday_crawler_task', 'scheduled__2024-05-09T10:00:00+00:00', '--job-id', '44', '--raw', '--subdir', 'DAGS_FOLDER/single_dag.py', '--cfg-path', '/tmp/tmpmnb2qwul']
[2024-05-09T18:32:04.756+0000] {standard_task_runner.py:91} INFO - Job 44: Subtask except_friday_crawler_task
[2024-05-09T18:32:04.865+0000] {logging_mixin.py:188} WARNING - /home/airflow/.local/lib/python3.12/site-packages/airflow/settings.py:195 DeprecationWarning: The sql_alchemy_conn option in [core] has been moved to the sql_alchemy_conn option in [database] - the old setting has been used, but please update your config.
[2024-05-09T18:32:05.119+0000] {task_command.py:426} INFO - Running <TaskInstance: days_except_friday_dag.except_friday_crawler_task scheduled__2024-05-09T10:00:00+00:00 [running]> on host def55370f167
[2024-05-09T18:32:05.475+0000] {taskinstance.py:2648} INFO - Exporting env vars: AIRFLOW_CTX_DAG_OWNER='airflow' AIRFLOW_CTX_DAG_ID='days_except_friday_dag' AIRFLOW_CTX_TASK_ID='except_friday_crawler_task' AIRFLOW_CTX_EXECUTION_DATE='2024-05-09T10:00:00+00:00' AIRFLOW_CTX_TRY_NUMBER='1' AIRFLOW_CTX_DAG_RUN_ID='scheduled__2024-05-09T10:00:00+00:00'
[2024-05-09T18:32:05.476+0000] {taskinstance.py:430} INFO - ::endgroup::
[2024-05-09T18:32:05.487+0000] {single_dag.py:49} INFO - This is an informational message
[2024-05-09T18:32:06.371+0000] {python.py:237} INFO - Done. Returned value was: None
[2024-05-09T18:32:06.372+0000] {taskinstance.py:441} INFO - ::group::Post task execution logs
[2024-05-09T18:32:06.439+0000] {taskinstance.py:1206} INFO - Marking task as SUCCESS. dag_id=days_except_friday_dag, task_id=except_friday_crawler_task, run_id=scheduled__2024-05-09T10:00:00+00:00, execution_date=20240509T100000, start_date=20240509T183204, end_date=20240509T183206
[2024-05-09T18:32:06.750+0000] {local_task_job_runner.py:240} INFO - Task exited with return code 0
[2024-05-09T18:32:06.830+0000] {taskinstance.py:3498} INFO - 1 downstream tasks scheduled from follow-on schedule check
[2024-05-09T18:32:06.834+0000] {local_task_job_runner.py:222} INFO - ::endgroup::
