[2024-05-09T17:14:10.307+0000] {local_task_job_runner.py:120} INFO - ::group::Pre task execution logs
[2024-05-09T17:14:10.347+0000] {taskinstance.py:2076} INFO - Dependencies all met for dep_context=non-requeueable deps ti=<TaskInstance: days_except_friday_dag.except_friday_crawler_task scheduled__2024-05-09T12:00:00+00:00 [queued]>
[2024-05-09T17:14:10.356+0000] {taskinstance.py:2076} INFO - Dependencies all met for dep_context=requeueable deps ti=<TaskInstance: days_except_friday_dag.except_friday_crawler_task scheduled__2024-05-09T12:00:00+00:00 [queued]>
[2024-05-09T17:14:10.357+0000] {taskinstance.py:2306} INFO - Starting attempt 1 of 1
[2024-05-09T17:14:10.376+0000] {taskinstance.py:2330} INFO - Executing <Task(PythonOperator): except_friday_crawler_task> on 2024-05-09 12:00:00+00:00
[2024-05-09T17:14:10.384+0000] {logging_mixin.py:188} WARNING - /home/airflow/.local/lib/python3.12/site-packages/airflow/task/task_runner/standard_task_runner.py:61 DeprecationWarning: This process (pid=261) is multi-threaded, use of fork() may lead to deadlocks in the child.
[2024-05-09T17:14:10.387+0000] {standard_task_runner.py:63} INFO - Started process 266 to run task
[2024-05-09T17:14:10.394+0000] {standard_task_runner.py:90} INFO - Running: ['airflow', 'tasks', 'run', 'days_except_friday_dag', 'except_friday_crawler_task', 'scheduled__2024-05-09T12:00:00+00:00', '--job-id', '191', '--raw', '--subdir', 'DAGS_FOLDER/single_dag.py', '--cfg-path', '/tmp/tmpbpzyk87s']
[2024-05-09T17:14:10.398+0000] {standard_task_runner.py:91} INFO - Job 191: Subtask except_friday_crawler_task
[2024-05-09T17:14:10.425+0000] {logging_mixin.py:188} WARNING - /home/airflow/.local/lib/python3.12/site-packages/airflow/settings.py:195 DeprecationWarning: The sql_alchemy_conn option in [core] has been moved to the sql_alchemy_conn option in [database] - the old setting has been used, but please update your config.
[2024-05-09T17:14:10.490+0000] {task_command.py:426} INFO - Running <TaskInstance: days_except_friday_dag.except_friday_crawler_task scheduled__2024-05-09T12:00:00+00:00 [running]> on host 2ac721f319c6
[2024-05-09T17:14:10.596+0000] {taskinstance.py:2648} INFO - Exporting env vars: AIRFLOW_CTX_DAG_OWNER='airflow' AIRFLOW_CTX_DAG_ID='days_except_friday_dag' AIRFLOW_CTX_TASK_ID='except_friday_crawler_task' AIRFLOW_CTX_EXECUTION_DATE='2024-05-09T12:00:00+00:00' AIRFLOW_CTX_TRY_NUMBER='1' AIRFLOW_CTX_DAG_RUN_ID='scheduled__2024-05-09T12:00:00+00:00'
[2024-05-09T17:14:10.597+0000] {taskinstance.py:430} INFO - ::endgroup::
[2024-05-09T17:14:10.613+0000] {single_dag.py:49} INFO - This is an informational message
[2024-05-09T17:14:11.659+0000] {python.py:237} INFO - Done. Returned value was: None
[2024-05-09T17:14:11.663+0000] {taskinstance.py:441} INFO - ::group::Post task execution logs
[2024-05-09T17:14:11.852+0000] {taskinstance.py:1206} INFO - Marking task as SUCCESS. dag_id=days_except_friday_dag, task_id=except_friday_crawler_task, run_id=scheduled__2024-05-09T12:00:00+00:00, execution_date=20240509T120000, start_date=20240509T171410, end_date=20240509T171411
[2024-05-09T17:14:11.954+0000] {local_task_job_runner.py:240} INFO - Task exited with return code 0
[2024-05-09T17:14:11.990+0000] {local_task_job_runner.py:222} INFO - ::endgroup::
[2024-05-09T18:32:04.639+0000] {local_task_job_runner.py:120} INFO - ::group::Pre task execution logs
[2024-05-09T18:32:04.758+0000] {taskinstance.py:2076} INFO - Dependencies all met for dep_context=non-requeueable deps ti=<TaskInstance: days_except_friday_dag.except_friday_crawler_task scheduled__2024-05-09T12:00:00+00:00 [queued]>
[2024-05-09T18:32:04.780+0000] {taskinstance.py:2076} INFO - Dependencies all met for dep_context=requeueable deps ti=<TaskInstance: days_except_friday_dag.except_friday_crawler_task scheduled__2024-05-09T12:00:00+00:00 [queued]>
[2024-05-09T18:32:04.781+0000] {taskinstance.py:2306} INFO - Starting attempt 1 of 1
[2024-05-09T18:32:04.823+0000] {taskinstance.py:2330} INFO - Executing <Task(PythonOperator): except_friday_crawler_task> on 2024-05-09 12:00:00+00:00
[2024-05-09T18:32:04.833+0000] {logging_mixin.py:188} WARNING - /home/airflow/.local/lib/python3.12/site-packages/airflow/task/task_runner/standard_task_runner.py:61 DeprecationWarning: This process (pid=391) is multi-threaded, use of fork() may lead to deadlocks in the child.
[2024-05-09T18:32:04.838+0000] {standard_task_runner.py:63} INFO - Started process 405 to run task
[2024-05-09T18:32:04.836+0000] {standard_task_runner.py:90} INFO - Running: ['airflow', 'tasks', 'run', 'days_except_friday_dag', 'except_friday_crawler_task', 'scheduled__2024-05-09T12:00:00+00:00', '--job-id', '45', '--raw', '--subdir', 'DAGS_FOLDER/single_dag.py', '--cfg-path', '/tmp/tmpcsbntc51']
[2024-05-09T18:32:04.841+0000] {standard_task_runner.py:91} INFO - Job 45: Subtask except_friday_crawler_task
[2024-05-09T18:32:04.968+0000] {logging_mixin.py:188} WARNING - /home/airflow/.local/lib/python3.12/site-packages/airflow/settings.py:195 DeprecationWarning: The sql_alchemy_conn option in [core] has been moved to the sql_alchemy_conn option in [database] - the old setting has been used, but please update your config.
[2024-05-09T18:32:05.210+0000] {task_command.py:426} INFO - Running <TaskInstance: days_except_friday_dag.except_friday_crawler_task scheduled__2024-05-09T12:00:00+00:00 [running]> on host def55370f167
[2024-05-09T18:32:05.553+0000] {taskinstance.py:2648} INFO - Exporting env vars: AIRFLOW_CTX_DAG_OWNER='airflow' AIRFLOW_CTX_DAG_ID='days_except_friday_dag' AIRFLOW_CTX_TASK_ID='except_friday_crawler_task' AIRFLOW_CTX_EXECUTION_DATE='2024-05-09T12:00:00+00:00' AIRFLOW_CTX_TRY_NUMBER='1' AIRFLOW_CTX_DAG_RUN_ID='scheduled__2024-05-09T12:00:00+00:00'
[2024-05-09T18:32:05.555+0000] {taskinstance.py:430} INFO - ::endgroup::
[2024-05-09T18:32:05.577+0000] {single_dag.py:49} INFO - This is an informational message
[2024-05-09T18:32:06.435+0000] {python.py:237} INFO - Done. Returned value was: None
[2024-05-09T18:32:06.436+0000] {taskinstance.py:441} INFO - ::group::Post task execution logs
[2024-05-09T18:32:06.565+0000] {taskinstance.py:1206} INFO - Marking task as SUCCESS. dag_id=days_except_friday_dag, task_id=except_friday_crawler_task, run_id=scheduled__2024-05-09T12:00:00+00:00, execution_date=20240509T120000, start_date=20240509T183204, end_date=20240509T183206
[2024-05-09T18:32:06.839+0000] {local_task_job_runner.py:240} INFO - Task exited with return code 0
[2024-05-09T18:32:06.897+0000] {taskinstance.py:3498} INFO - 1 downstream tasks scheduled from follow-on schedule check
[2024-05-09T18:32:06.900+0000] {local_task_job_runner.py:222} INFO - ::endgroup::
