[2024-05-09T08:40:00.378+0000] {local_task_job_runner.py:120} INFO - ::group::Pre task execution logs
[2024-05-09T08:40:00.403+0000] {taskinstance.py:2076} INFO - Dependencies all met for dep_context=non-requeueable deps ti=<TaskInstance: dag.run_script_task manual__2024-05-09T08:39:57.579140+00:00 [queued]>
[2024-05-09T08:40:00.410+0000] {taskinstance.py:2076} INFO - Dependencies all met for dep_context=requeueable deps ti=<TaskInstance: dag.run_script_task manual__2024-05-09T08:39:57.579140+00:00 [queued]>
[2024-05-09T08:40:00.411+0000] {taskinstance.py:2306} INFO - Starting attempt 1 of 1
[2024-05-09T08:40:00.422+0000] {taskinstance.py:2330} INFO - Executing <Task(PythonOperator): run_script_task> on 2024-05-09 08:39:57.579140+00:00
[2024-05-09T08:40:00.426+0000] {logging_mixin.py:188} WARNING - /home/airflow/.local/lib/python3.12/site-packages/airflow/task/task_runner/standard_task_runner.py:61 DeprecationWarning: This process (pid=641) is multi-threaded, use of fork() may lead to deadlocks in the child.
[2024-05-09T08:40:00.426+0000] {standard_task_runner.py:90} INFO - Running: ['airflow', 'tasks', 'run', 'dag', 'run_script_task', 'manual__2024-05-09T08:39:57.579140+00:00', '--job-id', '41', '--raw', '--subdir', 'DAGS_FOLDER/single_dag.py', '--cfg-path', '/tmp/tmp7b3ryq5r']
[2024-05-09T08:40:00.427+0000] {standard_task_runner.py:63} INFO - Started process 642 to run task
[2024-05-09T08:40:00.428+0000] {standard_task_runner.py:91} INFO - Job 41: Subtask run_script_task
[2024-05-09T08:40:00.443+0000] {logging_mixin.py:188} WARNING - /home/airflow/.local/lib/python3.12/site-packages/airflow/settings.py:195 DeprecationWarning: The sql_alchemy_conn option in [core] has been moved to the sql_alchemy_conn option in [database] - the old setting has been used, but please update your config.
[2024-05-09T08:40:00.474+0000] {task_command.py:426} INFO - Running <TaskInstance: dag.run_script_task manual__2024-05-09T08:39:57.579140+00:00 [running]> on host 5d069ed3d57a
[2024-05-09T08:40:00.551+0000] {taskinstance.py:2648} INFO - Exporting env vars: AIRFLOW_CTX_DAG_OWNER='airflow' AIRFLOW_CTX_DAG_ID='dag' AIRFLOW_CTX_TASK_ID='run_script_task' AIRFLOW_CTX_EXECUTION_DATE='2024-05-09T08:39:57.579140+00:00' AIRFLOW_CTX_TRY_NUMBER='1' AIRFLOW_CTX_DAG_RUN_ID='manual__2024-05-09T08:39:57.579140+00:00'
[2024-05-09T08:40:00.552+0000] {taskinstance.py:430} INFO - ::endgroup::
[2024-05-09T08:40:00.578+0000] {logging_mixin.py:188} INFO - Successfully inserted data into database
[2024-05-09T08:40:00.579+0000] {logging_mixin.py:188} INFO - Successfully inserted data into database
[2024-05-09T08:40:00.580+0000] {logging_mixin.py:188} INFO - Successfully inserted data into database
[2024-05-09T08:40:00.580+0000] {logging_mixin.py:188} INFO - Successfully inserted data into database
[2024-05-09T08:40:00.581+0000] {logging_mixin.py:188} INFO - Successfully inserted data into database
[2024-05-09T08:40:00.582+0000] {logging_mixin.py:188} INFO - Successfully inserted data into database
[2024-05-09T08:40:00.584+0000] {python.py:237} INFO - Done. Returned value was: None
[2024-05-09T08:40:00.585+0000] {taskinstance.py:441} INFO - ::group::Post task execution logs
[2024-05-09T08:40:00.594+0000] {taskinstance.py:1206} INFO - Marking task as SUCCESS. dag_id=dag, task_id=run_script_task, run_id=manual__2024-05-09T08:39:57.579140+00:00, execution_date=20240509T083957, start_date=20240509T084000, end_date=20240509T084000
[2024-05-09T08:40:00.642+0000] {local_task_job_runner.py:240} INFO - Task exited with return code 0
[2024-05-09T08:40:00.656+0000] {taskinstance.py:3498} INFO - 0 downstream tasks scheduled from follow-on schedule check
[2024-05-09T08:40:00.659+0000] {local_task_job_runner.py:222} INFO - ::endgroup::
