[2024-05-09T08:23:42.544+0000] {local_task_job_runner.py:120} INFO - ::group::Pre task execution logs
[2024-05-09T08:23:42.596+0000] {taskinstance.py:2076} INFO - Dependencies all met for dep_context=non-requeueable deps ti=<TaskInstance: dag.run_crawler_task scheduled__2024-05-09T04:00:00+00:00 [queued]>
[2024-05-09T08:23:42.614+0000] {taskinstance.py:2076} INFO - Dependencies all met for dep_context=requeueable deps ti=<TaskInstance: dag.run_crawler_task scheduled__2024-05-09T04:00:00+00:00 [queued]>
[2024-05-09T08:23:42.615+0000] {taskinstance.py:2306} INFO - Starting attempt 1 of 2
[2024-05-09T08:23:42.689+0000] {taskinstance.py:2330} INFO - Executing <Task(PythonOperator): run_crawler_task> on 2024-05-09 04:00:00+00:00
[2024-05-09T08:23:42.696+0000] {logging_mixin.py:188} WARNING - /home/airflow/.local/lib/python3.12/site-packages/airflow/task/task_runner/standard_task_runner.py:61 DeprecationWarning: This process (pid=263) is multi-threaded, use of fork() may lead to deadlocks in the child.
[2024-05-09T08:23:42.696+0000] {standard_task_runner.py:90} INFO - Running: ['airflow', 'tasks', 'run', 'dag', 'run_crawler_task', 'scheduled__2024-05-09T04:00:00+00:00', '--job-id', '11', '--raw', '--subdir', 'DAGS_FOLDER/single_dag.py', '--cfg-path', '/tmp/tmpr5betoan']
[2024-05-09T08:23:42.699+0000] {standard_task_runner.py:63} INFO - Started process 271 to run task
[2024-05-09T08:23:42.699+0000] {standard_task_runner.py:91} INFO - Job 11: Subtask run_crawler_task
[2024-05-09T08:23:42.714+0000] {logging_mixin.py:188} WARNING - /home/airflow/.local/lib/python3.12/site-packages/airflow/settings.py:195 DeprecationWarning: The sql_alchemy_conn option in [core] has been moved to the sql_alchemy_conn option in [database] - the old setting has been used, but please update your config.
[2024-05-09T08:23:42.751+0000] {task_command.py:426} INFO - Running <TaskInstance: dag.run_crawler_task scheduled__2024-05-09T04:00:00+00:00 [running]> on host 5d069ed3d57a
[2024-05-09T08:23:42.842+0000] {taskinstance.py:2648} INFO - Exporting env vars: AIRFLOW_CTX_DAG_OWNER='airflow' AIRFLOW_CTX_DAG_ID='dag' AIRFLOW_CTX_TASK_ID='run_crawler_task' AIRFLOW_CTX_EXECUTION_DATE='2024-05-09T04:00:00+00:00' AIRFLOW_CTX_TRY_NUMBER='1' AIRFLOW_CTX_DAG_RUN_ID='scheduled__2024-05-09T04:00:00+00:00'
[2024-05-09T08:23:42.844+0000] {taskinstance.py:430} INFO - ::endgroup::
[2024-05-09T08:23:42.855+0000] {single_dag.py:52} INFO - This is an informational message
[2024-05-09T08:23:42.856+0000] {taskinstance.py:441} INFO - ::group::Post task execution logs
[2024-05-09T08:23:42.857+0000] {taskinstance.py:2905} ERROR - Task failed with exception
Traceback (most recent call last):
  File "/home/airflow/.local/lib/python3.12/site-packages/airflow/models/taskinstance.py", line 465, in _execute_task
    result = _execute_callable(context=context, **execute_callable_kwargs)
             ^^^^^^^^^^^^^^^^^^^^^^^^^^^^^^^^^^^^^^^^^^^^^^^^^^^^^^^^^^^^^
  File "/home/airflow/.local/lib/python3.12/site-packages/airflow/models/taskinstance.py", line 432, in _execute_callable
    return execute_callable(context=context, **execute_callable_kwargs)
           ^^^^^^^^^^^^^^^^^^^^^^^^^^^^^^^^^^^^^^^^^^^^^^^^^^^^^^^^^^^^
  File "/home/airflow/.local/lib/python3.12/site-packages/airflow/models/baseoperator.py", line 400, in wrapper
    return func(self, *args, **kwargs)
           ^^^^^^^^^^^^^^^^^^^^^^^^^^^
  File "/home/airflow/.local/lib/python3.12/site-packages/airflow/operators/python.py", line 235, in execute
    return_value = self.execute_callable()
                   ^^^^^^^^^^^^^^^^^^^^^^^
  File "/home/airflow/.local/lib/python3.12/site-packages/airflow/operators/python.py", line 252, in execute_callable
    return self.python_callable(*self.op_args, **self.op_kwargs)
           ^^^^^^^^^^^^^^^^^^^^^^^^^^^^^^^^^^^^^^^^^^^^^^^^^^^^^
  File "/opt/airflow/dags/single_dag.py", line 58, in run_crawler
    for website in websites.items():
                   ^^^^^^^^^^^^^^
AttributeError: 'tuple' object has no attribute 'items'
[2024-05-09T08:23:42.872+0000] {taskinstance.py:1206} INFO - Marking task as UP_FOR_RETRY. dag_id=dag, task_id=run_crawler_task, run_id=scheduled__2024-05-09T04:00:00+00:00, execution_date=20240509T040000, start_date=20240509T082342, end_date=20240509T082342
[2024-05-09T08:23:42.882+0000] {standard_task_runner.py:110} ERROR - Failed to execute job 11 for task run_crawler_task ('tuple' object has no attribute 'items'; 271)
[2024-05-09T08:23:42.914+0000] {local_task_job_runner.py:240} INFO - Task exited with return code 1
[2024-05-09T08:23:42.934+0000] {taskinstance.py:3498} INFO - 0 downstream tasks scheduled from follow-on schedule check
[2024-05-09T08:23:42.936+0000] {local_task_job_runner.py:222} INFO - ::endgroup::
