[2024-05-09T10:55:50.287+0000] {local_task_job_runner.py:120} INFO - ::group::Pre task execution logs
[2024-05-09T10:55:50.313+0000] {taskinstance.py:2076} INFO - Dependencies all met for dep_context=non-requeueable deps ti=<TaskInstance: days_except_friday_dag.except_friday_run_database_task manual__2024-05-09T10:55:47.627285+00:00 [queued]>
[2024-05-09T10:55:50.320+0000] {taskinstance.py:2076} INFO - Dependencies all met for dep_context=requeueable deps ti=<TaskInstance: days_except_friday_dag.except_friday_run_database_task manual__2024-05-09T10:55:47.627285+00:00 [queued]>
[2024-05-09T10:55:50.321+0000] {taskinstance.py:2306} INFO - Starting attempt 1 of 1
[2024-05-09T10:55:50.333+0000] {taskinstance.py:2330} INFO - Executing <Task(PythonOperator): except_friday_run_database_task> on 2024-05-09 10:55:47.627285+00:00
[2024-05-09T10:55:50.338+0000] {logging_mixin.py:188} WARNING - /home/airflow/.local/lib/python3.12/site-packages/airflow/task/task_runner/standard_task_runner.py:61 DeprecationWarning: This process (pid=3443) is multi-threaded, use of fork() may lead to deadlocks in the child.
[2024-05-09T10:55:50.339+0000] {standard_task_runner.py:63} INFO - Started process 3444 to run task
[2024-05-09T10:55:50.338+0000] {standard_task_runner.py:90} INFO - Running: ['airflow', 'tasks', 'run', 'days_except_friday_dag', 'except_friday_run_database_task', 'manual__2024-05-09T10:55:47.627285+00:00', '--job-id', '93', '--raw', '--subdir', 'DAGS_FOLDER/single_dag.py', '--cfg-path', '/tmp/tmpeb0c9kia']
[2024-05-09T10:55:50.339+0000] {standard_task_runner.py:91} INFO - Job 93: Subtask except_friday_run_database_task
[2024-05-09T10:55:50.353+0000] {logging_mixin.py:188} WARNING - /home/airflow/.local/lib/python3.12/site-packages/airflow/settings.py:195 DeprecationWarning: The sql_alchemy_conn option in [core] has been moved to the sql_alchemy_conn option in [database] - the old setting has been used, but please update your config.
[2024-05-09T10:55:50.384+0000] {task_command.py:426} INFO - Running <TaskInstance: days_except_friday_dag.except_friday_run_database_task manual__2024-05-09T10:55:47.627285+00:00 [running]> on host 5d069ed3d57a
[2024-05-09T10:55:50.461+0000] {taskinstance.py:2648} INFO - Exporting env vars: AIRFLOW_CTX_DAG_OWNER='airflow' AIRFLOW_CTX_DAG_ID='days_except_friday_dag' AIRFLOW_CTX_TASK_ID='except_friday_run_database_task' AIRFLOW_CTX_EXECUTION_DATE='2024-05-09T10:55:47.627285+00:00' AIRFLOW_CTX_TRY_NUMBER='1' AIRFLOW_CTX_DAG_RUN_ID='manual__2024-05-09T10:55:47.627285+00:00'
[2024-05-09T10:55:50.463+0000] {taskinstance.py:430} INFO - ::endgroup::
[2024-05-09T10:55:50.480+0000] {logging_mixin.py:188} INFO - Successfully deleted table 'incidence_table'
[2024-05-09T10:55:50.483+0000] {python.py:237} INFO - Done. Returned value was: None
[2024-05-09T10:55:50.483+0000] {taskinstance.py:441} INFO - ::group::Post task execution logs
[2024-05-09T10:55:50.493+0000] {taskinstance.py:1206} INFO - Marking task as SUCCESS. dag_id=days_except_friday_dag, task_id=except_friday_run_database_task, run_id=manual__2024-05-09T10:55:47.627285+00:00, execution_date=20240509T105547, start_date=20240509T105550, end_date=20240509T105550
[2024-05-09T10:55:50.512+0000] {local_task_job_runner.py:240} INFO - Task exited with return code 0
[2024-05-09T10:55:50.527+0000] {taskinstance.py:3498} INFO - 0 downstream tasks scheduled from follow-on schedule check
[2024-05-09T10:55:50.529+0000] {local_task_job_runner.py:222} INFO - ::endgroup::
