[2024-05-09T10:38:15.435+0000] {local_task_job_runner.py:120} INFO - ::group::Pre task execution logs
[2024-05-09T10:38:15.461+0000] {taskinstance.py:2076} INFO - Dependencies all met for dep_context=non-requeueable deps ti=<TaskInstance: friday_dag.friday_crawler_task manual__2024-05-09T10:38:14.540242+00:00 [queued]>
[2024-05-09T10:38:15.469+0000] {taskinstance.py:2076} INFO - Dependencies all met for dep_context=requeueable deps ti=<TaskInstance: friday_dag.friday_crawler_task manual__2024-05-09T10:38:14.540242+00:00 [queued]>
[2024-05-09T10:38:15.470+0000] {taskinstance.py:2306} INFO - Starting attempt 1 of 1
[2024-05-09T10:38:15.482+0000] {taskinstance.py:2330} INFO - Executing <Task(PythonOperator): friday_crawler_task> on 2024-05-09 10:38:14.540242+00:00
[2024-05-09T10:38:15.486+0000] {logging_mixin.py:188} WARNING - /home/airflow/.local/lib/python3.12/site-packages/airflow/task/task_runner/standard_task_runner.py:61 DeprecationWarning: This process (pid=2795) is multi-threaded, use of fork() may lead to deadlocks in the child.
[2024-05-09T10:38:15.487+0000] {standard_task_runner.py:63} INFO - Started process 2796 to run task
[2024-05-09T10:38:15.486+0000] {standard_task_runner.py:90} INFO - Running: ['airflow', 'tasks', 'run', 'friday_dag', 'friday_crawler_task', 'manual__2024-05-09T10:38:14.540242+00:00', '--job-id', '72', '--raw', '--subdir', 'DAGS_FOLDER/single_dag.py', '--cfg-path', '/tmp/tmpwxpe__mh']
[2024-05-09T10:38:15.488+0000] {standard_task_runner.py:91} INFO - Job 72: Subtask friday_crawler_task
[2024-05-09T10:38:15.502+0000] {logging_mixin.py:188} WARNING - /home/airflow/.local/lib/python3.12/site-packages/airflow/settings.py:195 DeprecationWarning: The sql_alchemy_conn option in [core] has been moved to the sql_alchemy_conn option in [database] - the old setting has been used, but please update your config.
[2024-05-09T10:38:15.533+0000] {task_command.py:426} INFO - Running <TaskInstance: friday_dag.friday_crawler_task manual__2024-05-09T10:38:14.540242+00:00 [running]> on host 5d069ed3d57a
[2024-05-09T10:38:15.610+0000] {taskinstance.py:2648} INFO - Exporting env vars: AIRFLOW_CTX_DAG_OWNER='airflow' AIRFLOW_CTX_DAG_ID='friday_dag' AIRFLOW_CTX_TASK_ID='friday_crawler_task' AIRFLOW_CTX_EXECUTION_DATE='2024-05-09T10:38:14.540242+00:00' AIRFLOW_CTX_TRY_NUMBER='1' AIRFLOW_CTX_DAG_RUN_ID='manual__2024-05-09T10:38:14.540242+00:00'
[2024-05-09T10:38:15.611+0000] {taskinstance.py:430} INFO - ::endgroup::
[2024-05-09T10:38:15.621+0000] {single_dag.py:49} INFO - This is an informational message
[2024-05-09T10:38:16.485+0000] {python.py:237} INFO - Done. Returned value was: None
[2024-05-09T10:38:16.579+0000] {taskinstance.py:441} INFO - ::group::Post task execution logs
[2024-05-09T10:38:16.589+0000] {taskinstance.py:1206} INFO - Marking task as SUCCESS. dag_id=friday_dag, task_id=friday_crawler_task, run_id=manual__2024-05-09T10:38:14.540242+00:00, execution_date=20240509T103814, start_date=20240509T103815, end_date=20240509T103816
[2024-05-09T10:38:16.624+0000] {local_task_job_runner.py:240} INFO - Task exited with return code 0
[2024-05-09T10:38:16.642+0000] {taskinstance.py:3498} INFO - 1 downstream tasks scheduled from follow-on schedule check
[2024-05-09T10:38:16.644+0000] {local_task_job_runner.py:222} INFO - ::endgroup::
