[2024-05-09T09:13:42.990+0000] {local_task_job_runner.py:120} INFO - ::group::Pre task execution logs
[2024-05-09T09:13:43.020+0000] {taskinstance.py:2076} INFO - Dependencies all met for dep_context=non-requeueable deps ti=<TaskInstance: days_except_friday_dag.except_friday_run_database_task scheduled__2024-05-09T02:00:00+00:00 [queued]>
[2024-05-09T09:13:43.028+0000] {taskinstance.py:2076} INFO - Dependencies all met for dep_context=requeueable deps ti=<TaskInstance: days_except_friday_dag.except_friday_run_database_task scheduled__2024-05-09T02:00:00+00:00 [queued]>
[2024-05-09T09:13:43.029+0000] {taskinstance.py:2306} INFO - Starting attempt 1 of 1
[2024-05-09T09:13:43.042+0000] {taskinstance.py:2330} INFO - Executing <Task(PythonOperator): except_friday_run_database_task> on 2024-05-09 02:00:00+00:00
[2024-05-09T09:13:43.047+0000] {logging_mixin.py:188} WARNING - /home/airflow/.local/lib/python3.12/site-packages/airflow/task/task_runner/standard_task_runner.py:61 DeprecationWarning: This process (pid=295) is multi-threaded, use of fork() may lead to deadlocks in the child.
[2024-05-09T09:13:43.048+0000] {standard_task_runner.py:63} INFO - Started process 302 to run task
[2024-05-09T09:13:43.047+0000] {standard_task_runner.py:90} INFO - Running: ['airflow', 'tasks', 'run', 'days_except_friday_dag', 'except_friday_run_database_task', 'scheduled__2024-05-09T02:00:00+00:00', '--job-id', '62', '--raw', '--subdir', 'DAGS_FOLDER/single_dag.py', '--cfg-path', '/tmp/tmp6ft5036q']
[2024-05-09T09:13:43.049+0000] {standard_task_runner.py:91} INFO - Job 62: Subtask except_friday_run_database_task
[2024-05-09T09:13:43.068+0000] {logging_mixin.py:188} WARNING - /home/airflow/.local/lib/python3.12/site-packages/airflow/settings.py:195 DeprecationWarning: The sql_alchemy_conn option in [core] has been moved to the sql_alchemy_conn option in [database] - the old setting has been used, but please update your config.
[2024-05-09T09:13:43.104+0000] {task_command.py:426} INFO - Running <TaskInstance: days_except_friday_dag.except_friday_run_database_task scheduled__2024-05-09T02:00:00+00:00 [running]> on host 5d069ed3d57a
[2024-05-09T09:13:43.181+0000] {taskinstance.py:2648} INFO - Exporting env vars: AIRFLOW_CTX_DAG_OWNER='airflow' AIRFLOW_CTX_DAG_ID='days_except_friday_dag' AIRFLOW_CTX_TASK_ID='except_friday_run_database_task' AIRFLOW_CTX_EXECUTION_DATE='2024-05-09T02:00:00+00:00' AIRFLOW_CTX_TRY_NUMBER='1' AIRFLOW_CTX_DAG_RUN_ID='scheduled__2024-05-09T02:00:00+00:00'
[2024-05-09T09:13:43.183+0000] {taskinstance.py:430} INFO - ::endgroup::
[2024-05-09T09:13:43.212+0000] {python.py:237} INFO - Done. Returned value was: None
[2024-05-09T09:13:43.213+0000] {taskinstance.py:441} INFO - ::group::Post task execution logs
[2024-05-09T09:13:43.222+0000] {taskinstance.py:1206} INFO - Marking task as SUCCESS. dag_id=days_except_friday_dag, task_id=except_friday_run_database_task, run_id=scheduled__2024-05-09T02:00:00+00:00, execution_date=20240509T020000, start_date=20240509T091343, end_date=20240509T091343
[2024-05-09T09:13:43.262+0000] {local_task_job_runner.py:240} INFO - Task exited with return code 0
[2024-05-09T09:13:43.276+0000] {taskinstance.py:3498} INFO - 0 downstream tasks scheduled from follow-on schedule check
[2024-05-09T09:13:43.278+0000] {local_task_job_runner.py:222} INFO - ::endgroup::
[2024-05-09T17:14:12.358+0000] {local_task_job_runner.py:120} INFO - ::group::Pre task execution logs
[2024-05-09T17:14:12.412+0000] {taskinstance.py:2076} INFO - Dependencies all met for dep_context=non-requeueable deps ti=<TaskInstance: days_except_friday_dag.except_friday_run_database_task scheduled__2024-05-09T02:00:00+00:00 [queued]>
[2024-05-09T17:14:12.422+0000] {taskinstance.py:2076} INFO - Dependencies all met for dep_context=requeueable deps ti=<TaskInstance: days_except_friday_dag.except_friday_run_database_task scheduled__2024-05-09T02:00:00+00:00 [queued]>
[2024-05-09T17:14:12.422+0000] {taskinstance.py:2306} INFO - Starting attempt 1 of 1
[2024-05-09T17:14:12.440+0000] {taskinstance.py:2330} INFO - Executing <Task(PythonOperator): except_friday_run_database_task> on 2024-05-09 02:00:00+00:00
[2024-05-09T17:14:12.455+0000] {logging_mixin.py:188} WARNING - /home/airflow/.local/lib/python3.12/site-packages/airflow/task/task_runner/standard_task_runner.py:61 DeprecationWarning: This process (pid=270) is multi-threaded, use of fork() may lead to deadlocks in the child.
[2024-05-09T17:14:12.457+0000] {standard_task_runner.py:63} INFO - Started process 281 to run task
[2024-05-09T17:14:12.457+0000] {standard_task_runner.py:90} INFO - Running: ['airflow', 'tasks', 'run', 'days_except_friday_dag', 'except_friday_run_database_task', 'scheduled__2024-05-09T02:00:00+00:00', '--job-id', '193', '--raw', '--subdir', 'DAGS_FOLDER/single_dag.py', '--cfg-path', '/tmp/tmpbqkk3lf_']
[2024-05-09T17:14:12.461+0000] {standard_task_runner.py:91} INFO - Job 193: Subtask except_friday_run_database_task
[2024-05-09T17:14:12.493+0000] {logging_mixin.py:188} WARNING - /home/airflow/.local/lib/python3.12/site-packages/airflow/settings.py:195 DeprecationWarning: The sql_alchemy_conn option in [core] has been moved to the sql_alchemy_conn option in [database] - the old setting has been used, but please update your config.
[2024-05-09T17:14:12.594+0000] {task_command.py:426} INFO - Running <TaskInstance: days_except_friday_dag.except_friday_run_database_task scheduled__2024-05-09T02:00:00+00:00 [running]> on host 2ac721f319c6
[2024-05-09T17:14:12.707+0000] {taskinstance.py:2648} INFO - Exporting env vars: AIRFLOW_CTX_DAG_OWNER='airflow' AIRFLOW_CTX_DAG_ID='days_except_friday_dag' AIRFLOW_CTX_TASK_ID='except_friday_run_database_task' AIRFLOW_CTX_EXECUTION_DATE='2024-05-09T02:00:00+00:00' AIRFLOW_CTX_TRY_NUMBER='1' AIRFLOW_CTX_DAG_RUN_ID='scheduled__2024-05-09T02:00:00+00:00'
[2024-05-09T17:14:12.709+0000] {taskinstance.py:430} INFO - ::endgroup::
[2024-05-09T17:14:12.758+0000] {python.py:237} INFO - Done. Returned value was: None
[2024-05-09T17:14:12.760+0000] {taskinstance.py:441} INFO - ::group::Post task execution logs
[2024-05-09T17:14:12.777+0000] {taskinstance.py:1206} INFO - Marking task as SUCCESS. dag_id=days_except_friday_dag, task_id=except_friday_run_database_task, run_id=scheduled__2024-05-09T02:00:00+00:00, execution_date=20240509T020000, start_date=20240509T171412, end_date=20240509T171412
[2024-05-09T17:14:12.796+0000] {local_task_job_runner.py:240} INFO - Task exited with return code 0
[2024-05-09T17:14:12.811+0000] {taskinstance.py:3498} INFO - 0 downstream tasks scheduled from follow-on schedule check
[2024-05-09T17:14:12.815+0000] {local_task_job_runner.py:222} INFO - ::endgroup::
[2024-05-09T18:32:08.048+0000] {local_task_job_runner.py:120} INFO - ::group::Pre task execution logs
[2024-05-09T18:32:08.235+0000] {taskinstance.py:2076} INFO - Dependencies all met for dep_context=non-requeueable deps ti=<TaskInstance: days_except_friday_dag.except_friday_run_database_task scheduled__2024-05-09T02:00:00+00:00 [queued]>
[2024-05-09T18:32:08.259+0000] {taskinstance.py:2076} INFO - Dependencies all met for dep_context=requeueable deps ti=<TaskInstance: days_except_friday_dag.except_friday_run_database_task scheduled__2024-05-09T02:00:00+00:00 [queued]>
[2024-05-09T18:32:08.259+0000] {taskinstance.py:2306} INFO - Starting attempt 1 of 1
[2024-05-09T18:32:08.288+0000] {taskinstance.py:2330} INFO - Executing <Task(PythonOperator): except_friday_run_database_task> on 2024-05-09 02:00:00+00:00
[2024-05-09T18:32:08.296+0000] {logging_mixin.py:188} WARNING - /home/airflow/.local/lib/python3.12/site-packages/airflow/task/task_runner/standard_task_runner.py:61 DeprecationWarning: This process (pid=411) is multi-threaded, use of fork() may lead to deadlocks in the child.
[2024-05-09T18:32:08.298+0000] {standard_task_runner.py:63} INFO - Started process 431 to run task
[2024-05-09T18:32:08.297+0000] {standard_task_runner.py:90} INFO - Running: ['airflow', 'tasks', 'run', 'days_except_friday_dag', 'except_friday_run_database_task', 'scheduled__2024-05-09T02:00:00+00:00', '--job-id', '57', '--raw', '--subdir', 'DAGS_FOLDER/single_dag.py', '--cfg-path', '/tmp/tmpbf869cw6']
[2024-05-09T18:32:08.299+0000] {standard_task_runner.py:91} INFO - Job 57: Subtask except_friday_run_database_task
[2024-05-09T18:32:08.393+0000] {logging_mixin.py:188} WARNING - /home/airflow/.local/lib/python3.12/site-packages/airflow/settings.py:195 DeprecationWarning: The sql_alchemy_conn option in [core] has been moved to the sql_alchemy_conn option in [database] - the old setting has been used, but please update your config.
[2024-05-09T18:32:08.618+0000] {task_command.py:426} INFO - Running <TaskInstance: days_except_friday_dag.except_friday_run_database_task scheduled__2024-05-09T02:00:00+00:00 [running]> on host def55370f167
[2024-05-09T18:32:09.086+0000] {taskinstance.py:2648} INFO - Exporting env vars: AIRFLOW_CTX_DAG_OWNER='airflow' AIRFLOW_CTX_DAG_ID='days_except_friday_dag' AIRFLOW_CTX_TASK_ID='except_friday_run_database_task' AIRFLOW_CTX_EXECUTION_DATE='2024-05-09T02:00:00+00:00' AIRFLOW_CTX_TRY_NUMBER='1' AIRFLOW_CTX_DAG_RUN_ID='scheduled__2024-05-09T02:00:00+00:00'
[2024-05-09T18:32:09.089+0000] {taskinstance.py:430} INFO - ::endgroup::
[2024-05-09T18:32:09.215+0000] {python.py:237} INFO - Done. Returned value was: None
[2024-05-09T18:32:09.216+0000] {taskinstance.py:441} INFO - ::group::Post task execution logs
[2024-05-09T18:32:09.288+0000] {taskinstance.py:1206} INFO - Marking task as SUCCESS. dag_id=days_except_friday_dag, task_id=except_friday_run_database_task, run_id=scheduled__2024-05-09T02:00:00+00:00, execution_date=20240509T020000, start_date=20240509T183208, end_date=20240509T183209
[2024-05-09T18:32:09.361+0000] {local_task_job_runner.py:240} INFO - Task exited with return code 0
[2024-05-09T18:32:09.475+0000] {taskinstance.py:3498} INFO - 0 downstream tasks scheduled from follow-on schedule check
[2024-05-09T18:32:09.478+0000] {local_task_job_runner.py:222} INFO - ::endgroup::
