[2024-05-09T10:00:00.519+0000] {local_task_job_runner.py:120} INFO - ::group::Pre task execution logs
[2024-05-09T10:00:00.545+0000] {taskinstance.py:2076} INFO - Dependencies all met for dep_context=non-requeueable deps ti=<TaskInstance: days_except_friday_dag.except_friday_crawler_task scheduled__2024-05-09T08:00:00+00:00 [queued]>
[2024-05-09T10:00:00.551+0000] {taskinstance.py:2076} INFO - Dependencies all met for dep_context=requeueable deps ti=<TaskInstance: days_except_friday_dag.except_friday_crawler_task scheduled__2024-05-09T08:00:00+00:00 [queued]>
[2024-05-09T10:00:00.552+0000] {taskinstance.py:2306} INFO - Starting attempt 1 of 1
[2024-05-09T10:00:00.562+0000] {taskinstance.py:2330} INFO - Executing <Task(PythonOperator): except_friday_crawler_task> on 2024-05-09 08:00:00+00:00
[2024-05-09T10:00:00.566+0000] {logging_mixin.py:188} WARNING - /home/airflow/.local/lib/python3.12/site-packages/airflow/task/task_runner/standard_task_runner.py:61 DeprecationWarning: This process (pid=1676) is multi-threaded, use of fork() may lead to deadlocks in the child.
[2024-05-09T10:00:00.566+0000] {standard_task_runner.py:90} INFO - Running: ['airflow', 'tasks', 'run', 'days_except_friday_dag', 'except_friday_crawler_task', 'scheduled__2024-05-09T08:00:00+00:00', '--job-id', '70', '--raw', '--subdir', 'DAGS_FOLDER/single_dag.py', '--cfg-path', '/tmp/tmpkdc00vi5']
[2024-05-09T10:00:00.567+0000] {standard_task_runner.py:63} INFO - Started process 1677 to run task
[2024-05-09T10:00:00.567+0000] {standard_task_runner.py:91} INFO - Job 70: Subtask except_friday_crawler_task
[2024-05-09T10:00:00.581+0000] {logging_mixin.py:188} WARNING - /home/airflow/.local/lib/python3.12/site-packages/airflow/settings.py:195 DeprecationWarning: The sql_alchemy_conn option in [core] has been moved to the sql_alchemy_conn option in [database] - the old setting has been used, but please update your config.
[2024-05-09T10:00:00.612+0000] {task_command.py:426} INFO - Running <TaskInstance: days_except_friday_dag.except_friday_crawler_task scheduled__2024-05-09T08:00:00+00:00 [running]> on host 5d069ed3d57a
[2024-05-09T10:00:00.688+0000] {taskinstance.py:2648} INFO - Exporting env vars: AIRFLOW_CTX_DAG_OWNER='airflow' AIRFLOW_CTX_DAG_ID='days_except_friday_dag' AIRFLOW_CTX_TASK_ID='except_friday_crawler_task' AIRFLOW_CTX_EXECUTION_DATE='2024-05-09T08:00:00+00:00' AIRFLOW_CTX_TRY_NUMBER='1' AIRFLOW_CTX_DAG_RUN_ID='scheduled__2024-05-09T08:00:00+00:00'
[2024-05-09T10:00:00.689+0000] {taskinstance.py:430} INFO - ::endgroup::
[2024-05-09T10:00:00.698+0000] {single_dag.py:49} INFO - This is an informational message
[2024-05-09T10:00:01.528+0000] {python.py:237} INFO - Done. Returned value was: None
[2024-05-09T10:00:01.529+0000] {taskinstance.py:441} INFO - ::group::Post task execution logs
[2024-05-09T10:00:01.629+0000] {taskinstance.py:1206} INFO - Marking task as SUCCESS. dag_id=days_except_friday_dag, task_id=except_friday_crawler_task, run_id=scheduled__2024-05-09T08:00:00+00:00, execution_date=20240509T080000, start_date=20240509T100000, end_date=20240509T100001
[2024-05-09T10:00:01.664+0000] {local_task_job_runner.py:240} INFO - Task exited with return code 0
[2024-05-09T10:00:01.681+0000] {taskinstance.py:3498} INFO - 1 downstream tasks scheduled from follow-on schedule check
[2024-05-09T10:00:01.683+0000] {local_task_job_runner.py:222} INFO - ::endgroup::
[2024-05-09T17:14:10.075+0000] {local_task_job_runner.py:120} INFO - ::group::Pre task execution logs
[2024-05-09T17:14:10.107+0000] {taskinstance.py:2076} INFO - Dependencies all met for dep_context=non-requeueable deps ti=<TaskInstance: days_except_friday_dag.except_friday_crawler_task scheduled__2024-05-09T08:00:00+00:00 [queued]>
[2024-05-09T17:14:10.117+0000] {taskinstance.py:2076} INFO - Dependencies all met for dep_context=requeueable deps ti=<TaskInstance: days_except_friday_dag.except_friday_crawler_task scheduled__2024-05-09T08:00:00+00:00 [queued]>
[2024-05-09T17:14:10.118+0000] {taskinstance.py:2306} INFO - Starting attempt 1 of 1
[2024-05-09T17:14:10.245+0000] {taskinstance.py:2330} INFO - Executing <Task(PythonOperator): except_friday_crawler_task> on 2024-05-09 08:00:00+00:00
[2024-05-09T17:14:10.251+0000] {logging_mixin.py:188} WARNING - /home/airflow/.local/lib/python3.12/site-packages/airflow/task/task_runner/standard_task_runner.py:61 DeprecationWarning: This process (pid=255) is multi-threaded, use of fork() may lead to deadlocks in the child.
[2024-05-09T17:14:10.251+0000] {standard_task_runner.py:90} INFO - Running: ['airflow', 'tasks', 'run', 'days_except_friday_dag', 'except_friday_crawler_task', 'scheduled__2024-05-09T08:00:00+00:00', '--job-id', '189', '--raw', '--subdir', 'DAGS_FOLDER/single_dag.py', '--cfg-path', '/tmp/tmphpek2g8k']
[2024-05-09T17:14:10.252+0000] {standard_task_runner.py:63} INFO - Started process 264 to run task
[2024-05-09T17:14:10.252+0000] {standard_task_runner.py:91} INFO - Job 189: Subtask except_friday_crawler_task
[2024-05-09T17:14:10.270+0000] {logging_mixin.py:188} WARNING - /home/airflow/.local/lib/python3.12/site-packages/airflow/settings.py:195 DeprecationWarning: The sql_alchemy_conn option in [core] has been moved to the sql_alchemy_conn option in [database] - the old setting has been used, but please update your config.
[2024-05-09T17:14:10.320+0000] {task_command.py:426} INFO - Running <TaskInstance: days_except_friday_dag.except_friday_crawler_task scheduled__2024-05-09T08:00:00+00:00 [running]> on host 2ac721f319c6
[2024-05-09T17:14:10.450+0000] {taskinstance.py:2648} INFO - Exporting env vars: AIRFLOW_CTX_DAG_OWNER='airflow' AIRFLOW_CTX_DAG_ID='days_except_friday_dag' AIRFLOW_CTX_TASK_ID='except_friday_crawler_task' AIRFLOW_CTX_EXECUTION_DATE='2024-05-09T08:00:00+00:00' AIRFLOW_CTX_TRY_NUMBER='1' AIRFLOW_CTX_DAG_RUN_ID='scheduled__2024-05-09T08:00:00+00:00'
[2024-05-09T17:14:10.452+0000] {taskinstance.py:430} INFO - ::endgroup::
[2024-05-09T17:14:10.465+0000] {single_dag.py:49} INFO - This is an informational message
[2024-05-09T17:14:11.513+0000] {python.py:237} INFO - Done. Returned value was: None
[2024-05-09T17:14:11.514+0000] {taskinstance.py:441} INFO - ::group::Post task execution logs
[2024-05-09T17:14:11.725+0000] {taskinstance.py:1206} INFO - Marking task as SUCCESS. dag_id=days_except_friday_dag, task_id=except_friday_crawler_task, run_id=scheduled__2024-05-09T08:00:00+00:00, execution_date=20240509T080000, start_date=20240509T171410, end_date=20240509T171411
[2024-05-09T17:14:11.757+0000] {local_task_job_runner.py:240} INFO - Task exited with return code 0
[2024-05-09T17:14:11.782+0000] {taskinstance.py:3498} INFO - 1 downstream tasks scheduled from follow-on schedule check
[2024-05-09T17:14:11.791+0000] {local_task_job_runner.py:222} INFO - ::endgroup::
[2024-05-09T18:32:04.405+0000] {local_task_job_runner.py:120} INFO - ::group::Pre task execution logs
[2024-05-09T18:32:04.528+0000] {taskinstance.py:2076} INFO - Dependencies all met for dep_context=non-requeueable deps ti=<TaskInstance: days_except_friday_dag.except_friday_crawler_task scheduled__2024-05-09T08:00:00+00:00 [queued]>
[2024-05-09T18:32:04.556+0000] {taskinstance.py:2076} INFO - Dependencies all met for dep_context=requeueable deps ti=<TaskInstance: days_except_friday_dag.except_friday_crawler_task scheduled__2024-05-09T08:00:00+00:00 [queued]>
[2024-05-09T18:32:04.559+0000] {taskinstance.py:2306} INFO - Starting attempt 1 of 1
[2024-05-09T18:32:04.594+0000] {taskinstance.py:2330} INFO - Executing <Task(PythonOperator): except_friday_crawler_task> on 2024-05-09 08:00:00+00:00
[2024-05-09T18:32:04.609+0000] {standard_task_runner.py:90} INFO - Running: ['airflow', 'tasks', 'run', 'days_except_friday_dag', 'except_friday_crawler_task', 'scheduled__2024-05-09T08:00:00+00:00', '--job-id', '43', '--raw', '--subdir', 'DAGS_FOLDER/single_dag.py', '--cfg-path', '/tmp/tmpzchne2if']
[2024-05-09T18:32:04.612+0000] {standard_task_runner.py:91} INFO - Job 43: Subtask except_friday_crawler_task
[2024-05-09T18:32:04.612+0000] {logging_mixin.py:188} WARNING - /home/airflow/.local/lib/python3.12/site-packages/airflow/task/task_runner/standard_task_runner.py:61 DeprecationWarning: This process (pid=389) is multi-threaded, use of fork() may lead to deadlocks in the child.
[2024-05-09T18:32:04.617+0000] {standard_task_runner.py:63} INFO - Started process 403 to run task
[2024-05-09T18:32:04.683+0000] {logging_mixin.py:188} WARNING - /home/airflow/.local/lib/python3.12/site-packages/airflow/settings.py:195 DeprecationWarning: The sql_alchemy_conn option in [core] has been moved to the sql_alchemy_conn option in [database] - the old setting has been used, but please update your config.
[2024-05-09T18:32:04.999+0000] {task_command.py:426} INFO - Running <TaskInstance: days_except_friday_dag.except_friday_crawler_task scheduled__2024-05-09T08:00:00+00:00 [running]> on host def55370f167
[2024-05-09T18:32:05.390+0000] {taskinstance.py:2648} INFO - Exporting env vars: AIRFLOW_CTX_DAG_OWNER='airflow' AIRFLOW_CTX_DAG_ID='days_except_friday_dag' AIRFLOW_CTX_TASK_ID='except_friday_crawler_task' AIRFLOW_CTX_EXECUTION_DATE='2024-05-09T08:00:00+00:00' AIRFLOW_CTX_TRY_NUMBER='1' AIRFLOW_CTX_DAG_RUN_ID='scheduled__2024-05-09T08:00:00+00:00'
[2024-05-09T18:32:05.392+0000] {taskinstance.py:430} INFO - ::endgroup::
[2024-05-09T18:32:05.404+0000] {single_dag.py:49} INFO - This is an informational message
[2024-05-09T18:32:06.253+0000] {python.py:237} INFO - Done. Returned value was: None
[2024-05-09T18:32:06.254+0000] {taskinstance.py:441} INFO - ::group::Post task execution logs
[2024-05-09T18:32:06.350+0000] {taskinstance.py:1206} INFO - Marking task as SUCCESS. dag_id=days_except_friday_dag, task_id=except_friday_crawler_task, run_id=scheduled__2024-05-09T08:00:00+00:00, execution_date=20240509T080000, start_date=20240509T183204, end_date=20240509T183206
[2024-05-09T18:32:06.595+0000] {local_task_job_runner.py:240} INFO - Task exited with return code 0
[2024-05-09T18:32:06.772+0000] {taskinstance.py:3498} INFO - 1 downstream tasks scheduled from follow-on schedule check
[2024-05-09T18:32:06.775+0000] {local_task_job_runner.py:222} INFO - ::endgroup::
